2023-02-14 11:29:07,025 [main] INFO HRMS - ************** DATA CHECK **************
2023-02-14 11:29:08,255 [main] INFO HRMS - Duplicate check!! Internal Error, Please contact Admin!!!
2023-02-14 11:29:08,564 [main] INFO HRMS - ************** NEGATIVE DATA CHECK **************
2023-02-14 11:29:09,617 [main] INFO HRMS - Negative data checkPlease enter Country Name
2023-02-14 11:29:10,228 [main] INFO HRMS - ************** RESET BUTTON CHECK **************
2023-02-14 11:29:10,332 [main] INFO HRMS - Reset button successfully worked
2023-02-14 11:29:11,481 [main] INFO HRMS - ************** TABLE DATA VALIDATION  CHECK **************
2023-02-14 11:29:12,164 [main] INFO HRMS - country name is Approved
2023-02-14 11:30:46,234 [main] INFO HRMS - ************** DATA CHECK **************
2023-02-14 11:30:47,468 [main] INFO HRMS - Duplicate check!! Internal Error, Please contact Admin!!!
2023-02-14 11:30:47,750 [main] INFO HRMS - ************** NEGATIVE DATA CHECK **************
2023-02-14 11:30:48,813 [main] INFO HRMS - Negative data checkPlease enter Country Name
2023-02-14 11:30:49,448 [main] INFO HRMS - ************** RESET BUTTON CHECK **************
2023-02-14 11:30:49,595 [main] INFO HRMS - Reset button successfully worked
2023-02-14 11:30:50,763 [main] INFO HRMS - ************** TABLE DATA VALIDATION  CHECK **************
2023-02-14 11:30:51,448 [main] INFO HRMS - country name is Approved
2023-02-14 11:39:29,512 [main] INFO HRMS - ************** DATA CHECK **************
2023-02-14 11:39:30,711 [main] INFO HRMS - Duplicate check!! Internal Error, Please contact Admin!!!
2023-02-14 11:39:31,083 [main] INFO HRMS - ************** NEGATIVE DATA CHECK **************
2023-02-14 11:39:32,140 [main] INFO HRMS - Negative data check  : Please enter Country Name
2023-02-14 11:39:32,747 [main] INFO HRMS - ************** RESET BUTTON CHECK **************
2023-02-14 11:39:32,869 [main] INFO HRMS - Reset button successfully worked
2023-02-14 11:39:34,026 [main] INFO HRMS - ************** TABLE DATA VALIDATION  CHECK **************
2023-02-14 11:39:34,826 [main] INFO HRMS - country name is Approved
2023-02-14 11:46:45,319 [main] INFO HRMS - ************** DATA CHECK **************
2023-02-14 11:46:48,806 [main] INFO HRMS - Duplicate check!! Internal Error, Please contact Admin!!!
2023-02-14 11:46:49,053 [main] INFO HRMS - ************** NEGATIVE DATA CHECK **************
2023-02-14 11:46:50,140 [main] INFO HRMS - Negative data check  : Please enter Country Name
2023-02-14 11:46:50,235 [main] INFO HRMS - ************** RESET BUTTON CHECK **************
2023-02-14 11:46:50,337 [main] INFO HRMS - Reset button successfully worked
2023-02-14 12:06:09,367 [main] INFO HRMS - ************** DATA CHECK **************
2023-02-14 12:06:10,630 [main] INFO HRMS - Duplicate check!! Internal Error, Please contact Admin!!!
2023-02-14 12:06:10,880 [main] INFO HRMS - ************** NEGATIVE DATA CHECK **************
2023-02-14 12:06:11,947 [main] INFO HRMS - Negative data check  : Please enter Country Name
2023-02-14 12:06:12,028 [main] INFO HRMS - ************** RESET BUTTON CHECK **************
2023-02-14 12:06:12,118 [main] INFO HRMS - Reset button successfully worked
2023-02-14 12:06:12,521 [main] INFO HRMS - ************** TABLE DATA VALIDATION  CHECK **************
2023-02-14 12:06:12,771 [main] INFO HRMS - country name is Approved
2023-02-14 12:14:12,463 [main] INFO HRMS - ************** Search the Country Name **************
2023-02-14 12:14:12,720 [main] INFO HRMS - **************Search Country Name  is : **************Rusia 
2023-02-14 12:18:32,177 [main] INFO HRMS - ************** Search the Country Name **************
2023-02-14 12:18:32,422 [main] INFO HRMS - **************Search Country Name  is : Rusia ****************
2023-02-14 12:20:35,540 [main] INFO HRMS - ************** Search the Country Name **************
2023-02-14 12:20:35,720 [main] INFO HRMS - **************Search Country Name  is : Rusia ****************
2023-02-14 12:21:12,861 [main] INFO HRMS - ************** Search the Country Name **************
2023-02-14 12:21:13,028 [main] INFO HRMS - **************Search Country Name  is : Rusia ****************
2023-02-14 12:23:06,507 [main] INFO HRMS - ************** Search the Country Name **************
2023-02-14 12:23:06,707 [main] INFO HRMS - **************Search Country Name  is : Rusia ****************
2023-02-14 12:51:37,593 [main] INFO HRMS - ************** DATA CHECK **************
2023-02-14 12:51:38,876 [main] INFO HRMS - Duplicate check!! Internal Error, Please contact Admin!!!
2023-02-14 12:51:39,175 [main] INFO HRMS - ************** NEGATIVE DATA CHECK **************
2023-02-14 12:51:40,239 [main] INFO HRMS - Negative data check  : Please enter Country Name
2023-02-14 12:51:40,312 [main] INFO HRMS - ************** RESET BUTTON CHECK **************
2023-02-14 12:51:40,424 [main] INFO HRMS - Reset button successfully worked
2023-02-14 12:54:13,235 [main] INFO HRMS - ************** DATA CHECK **************
2023-02-14 12:54:14,469 [main] INFO HRMS - Duplicate check!! Internal Error, Please contact Admin!!!
2023-02-14 12:54:15,232 [main] INFO HRMS - ************** NEGATIVE DATA CHECK **************
2023-02-14 12:54:16,336 [main] INFO HRMS - Negative data check  : Please enter Country Name
2023-02-14 12:54:16,444 [main] INFO HRMS - ************** RESET BUTTON CHECK **************
2023-02-14 12:54:16,569 [main] INFO HRMS - Reset button successfully worked
2023-02-14 12:59:07,729 [main] INFO HRMS - ************** DATA CHECK **************
2023-02-14 12:59:08,902 [main] INFO HRMS - Duplicate check!! Internal Error, Please contact Admin!!!
2023-02-14 12:59:09,680 [main] INFO HRMS - ************** NEGATIVE DATA CHECK **************
2023-02-14 12:59:10,726 [main] INFO HRMS - Negative data check  : Please enter Country Name
2023-02-14 12:59:10,836 [main] INFO HRMS - ************** RESET BUTTON CHECK **************
2023-02-14 12:59:10,966 [main] INFO HRMS - Reset button successfully worked
2023-02-14 12:59:14,346 [main] INFO HRMS - ************** TABLE DATA VALIDATION  CHECK **************
2023-02-14 12:59:14,562 [main] INFO HRMS - country name is Approved
2023-02-14 13:00:24,390 [main] INFO HRMS - ************** DATA CHECK **************
2023-02-14 13:00:25,650 [main] INFO HRMS - Duplicate check!! Internal Error, Please contact Admin!!!
2023-02-14 13:00:30,843 [main] INFO HRMS - ************** NEGATIVE DATA CHECK **************
2023-02-14 13:00:31,900 [main] INFO HRMS - Negative data check  : Please enter Country Name
2023-02-14 13:00:31,977 [main] INFO HRMS - ************** RESET BUTTON CHECK **************
2023-02-14 13:00:32,081 [main] INFO HRMS - Reset button successfully worked
2023-02-14 13:00:42,186 [main] INFO HRMS - ************** TABLE DATA VALIDATION  CHECK **************
2023-02-14 13:00:42,358 [main] INFO HRMS - country name is Approved
2023-02-14 13:14:37,033 [main] INFO HRMS - ************** Search the Country Name **************
2023-02-14 13:14:37,289 [main] INFO HRMS - **************Search Country Name  is : Rusia ****************
2023-02-14 13:14:38,060 [main] INFO HRMS - **************Edit Country Name  is : Russia****************
2023-02-14 13:17:05,290 [main] INFO HRMS - ************** Search the Country Name **************
2023-02-14 13:17:05,544 [main] INFO HRMS - **************Search Country Name  is : Rusia ****************
2023-02-14 13:18:29,083 [main] INFO HRMS - ************** Search the Country Name **************
2023-02-14 13:18:29,284 [main] INFO HRMS - **************Search Country Name  is : Rusia ****************
2023-02-14 13:18:49,327 [main] INFO HRMS - Unable to edit the flow
2023-02-14 14:15:08,795 [main] INFO HRMS - ************** DATA CHECK **************
2023-02-14 14:15:10,026 [main] INFO HRMS - Verified new data saved!! -> Saved Successfully
2023-02-14 14:15:11,141 [main] INFO HRMS - ************** NEGATIVE DATA CHECK **************
2023-02-14 14:15:12,282 [main] INFO HRMS - Negative data check  : Please enter state
2023-02-14 14:15:12,283 [main] INFO HRMS - ************** RESET BUTTON CHECK **************
2023-02-14 14:15:12,629 [main] INFO HRMS - Reset button successfully worked
2023-02-14 14:22:03,347 [main] INFO HRMS - ************** DATA CHECK **************
2023-02-14 14:22:04,555 [main] INFO HRMS - Duplicate check!! Internal Error, Please contact Admin!!!
2023-02-14 14:22:05,669 [main] INFO HRMS - ************** NEGATIVE DATA CHECK **************
2023-02-14 14:22:06,765 [main] INFO HRMS - Negative data check  : Please enter state
2023-02-14 14:22:06,767 [main] INFO HRMS - ************** RESET BUTTON CHECK **************
2023-02-14 14:22:07,167 [main] INFO HRMS - Reset button successfully worked
2023-02-14 14:22:08,435 [main] INFO HRMS - ************** TABLE DATA VALIDATION  CHECK **************
2023-02-14 14:22:08,704 [main] INFO HRMS - state name is not shown in the Table data
2023-02-14 14:26:09,833 [main] INFO HRMS - ************** DATA CHECK **************
2023-02-14 14:26:11,035 [main] INFO HRMS - Duplicate check!! Internal Error, Please contact Admin!!!
2023-02-14 14:26:12,175 [main] INFO HRMS - ************** NEGATIVE DATA CHECK **************
2023-02-14 14:26:13,275 [main] INFO HRMS - Negative data check  : Please enter state
2023-02-14 14:26:13,276 [main] INFO HRMS - ************** RESET BUTTON CHECK **************
2023-02-14 14:26:13,637 [main] INFO HRMS - Reset button successfully worked
2023-02-14 14:26:14,925 [main] INFO HRMS - ************** TABLE DATA VALIDATION  CHECK **************
2023-02-14 14:26:15,244 [main] INFO HRMS - state name is not shown in the Table data
2023-02-14 14:28:21,964 [main] INFO HRMS - ************** DATA CHECK **************
2023-02-14 14:28:23,186 [main] INFO HRMS - Duplicate check!! Internal Error, Please contact Admin!!!
2023-02-14 14:28:24,198 [main] INFO HRMS - ************** NEGATIVE DATA CHECK **************
2023-02-14 14:28:25,282 [main] INFO HRMS - Negative data check  : Please enter state
2023-02-14 14:28:25,283 [main] INFO HRMS - ************** RESET BUTTON CHECK **************
2023-02-14 14:28:25,692 [main] INFO HRMS - Reset button successfully worked
2023-02-14 14:28:29,073 [main] INFO HRMS - ************** TABLE DATA VALIDATION  CHECK **************
2023-02-14 14:28:29,395 [main] INFO HRMS - state name is not shown in the Table data
2023-02-14 14:30:48,839 [main] INFO HRMS - ************** DATA CHECK **************
2023-02-14 14:30:50,417 [main] INFO HRMS - Duplicate check!! Internal Error, Please contact Admin!!!
2023-02-14 14:30:51,536 [main] INFO HRMS - ************** NEGATIVE DATA CHECK **************
2023-02-14 14:30:52,619 [main] INFO HRMS - Negative data check  : Please enter state
2023-02-14 14:30:52,621 [main] INFO HRMS - ************** RESET BUTTON CHECK **************
2023-02-14 14:30:53,015 [main] INFO HRMS - Reset button successfully worked
2023-02-14 14:32:28,677 [main] INFO HRMS - ************** DATA CHECK **************
2023-02-14 14:32:30,022 [main] INFO HRMS - Duplicate check!! Internal Error, Please contact Admin!!!
2023-02-14 14:32:31,094 [main] INFO HRMS - ************** NEGATIVE DATA CHECK **************
2023-02-14 14:32:32,177 [main] INFO HRMS - Negative data check  : Please enter state
2023-02-14 14:32:32,178 [main] INFO HRMS - ************** RESET BUTTON CHECK **************
2023-02-14 14:32:32,622 [main] INFO HRMS - Reset button successfully worked
2023-02-14 14:32:33,829 [main] INFO HRMS - ************** TABLE DATA VALIDATION  CHECK **************
2023-02-14 14:32:34,100 [main] INFO HRMS - state name is not shown in the Table data
2023-02-14 14:34:56,775 [main] INFO HRMS - ************** DATA CHECK **************
2023-02-14 14:34:58,029 [main] INFO HRMS - Duplicate check!! Internal Error, Please contact Admin!!!
2023-02-14 14:34:59,115 [main] INFO HRMS - ************** NEGATIVE DATA CHECK **************
2023-02-14 14:35:00,218 [main] INFO HRMS - Negative data check  : Please enter state
2023-02-14 14:35:00,219 [main] INFO HRMS - ************** RESET BUTTON CHECK **************
2023-02-14 14:35:00,649 [main] INFO HRMS - Reset button successfully worked
2023-02-14 14:35:01,918 [main] INFO HRMS - ************** TABLE DATA VALIDATION  CHECK **************
2023-02-14 14:35:02,697 [main] INFO HRMS - state name is not shown in the Table data
2023-02-14 14:37:45,892 [main] INFO HRMS - ************** DATA CHECK **************
2023-02-14 14:37:47,100 [main] INFO HRMS - Duplicate check!! Internal Error, Please contact Admin!!!
2023-02-14 14:37:48,207 [main] INFO HRMS - ************** NEGATIVE DATA CHECK **************
2023-02-14 14:37:49,299 [main] INFO HRMS - Negative data check  : Please enter state
2023-02-14 14:37:49,299 [main] INFO HRMS - ************** RESET BUTTON CHECK **************
2023-02-14 14:37:49,680 [main] INFO HRMS - Reset button successfully worked
2023-02-14 14:37:50,899 [main] INFO HRMS - ************** TABLE DATA VALIDATION  CHECK **************
2023-02-14 14:37:51,649 [main] INFO HRMS - state name is not shown in the Table data
2023-02-14 14:39:42,516 [main] INFO HRMS - ************** DATA CHECK **************
2023-02-14 14:39:43,783 [main] INFO HRMS - Duplicate check!! Internal Error, Please contact Admin!!!
2023-02-14 14:39:44,879 [main] INFO HRMS - ************** NEGATIVE DATA CHECK **************
2023-02-14 14:39:45,979 [main] INFO HRMS - Negative data check  : Please enter state
2023-02-14 14:39:45,980 [main] INFO HRMS - ************** RESET BUTTON CHECK **************
2023-02-14 14:39:46,473 [main] INFO HRMS - Reset button successfully worked
2023-02-14 14:39:47,723 [main] INFO HRMS - ************** TABLE DATA VALIDATION  CHECK **************
2023-02-14 14:39:49,032 [main] INFO HRMS - state name is not shown in the Table data
2023-02-14 14:46:21,974 [main] INFO HRMS - ************** DATA CHECK **************
2023-02-14 14:46:23,227 [main] INFO HRMS - Duplicate check!! Internal Error, Please contact Admin!!!
2023-02-14 14:46:24,309 [main] INFO HRMS - ************** NEGATIVE DATA CHECK **************
2023-02-14 14:46:25,394 [main] INFO HRMS - Negative data check  : Please enter state
2023-02-14 14:46:25,395 [main] INFO HRMS - ************** RESET BUTTON CHECK **************
2023-02-14 14:46:25,809 [main] INFO HRMS - Reset button successfully worked
2023-02-14 14:46:27,033 [main] INFO HRMS - ************** TABLE DATA VALIDATION  CHECK **************
2023-02-14 14:47:34,655 [main] INFO HRMS - ************** DATA CHECK **************
2023-02-14 14:47:36,364 [main] INFO HRMS - Duplicate check!! Internal Error, Please contact Admin!!!
2023-02-14 14:47:37,788 [main] INFO HRMS - ************** NEGATIVE DATA CHECK **************
2023-02-14 14:47:38,870 [main] INFO HRMS - Negative data check  : Please enter state
2023-02-14 14:47:38,872 [main] INFO HRMS - ************** RESET BUTTON CHECK **************
2023-02-14 14:47:39,332 [main] INFO HRMS - Reset button successfully worked
2023-02-14 14:47:40,752 [main] INFO HRMS - ************** TABLE DATA VALIDATION  CHECK **************
2023-02-14 14:47:41,610 [main] INFO HRMS - state name is Approved
2023-02-14 14:49:29,624 [main] INFO HRMS - ************** DATA CHECK **************
2023-02-14 14:49:30,878 [main] INFO HRMS - Duplicate check!! Internal Error, Please contact Admin!!!
2023-02-14 14:49:32,120 [main] INFO HRMS - ************** NEGATIVE DATA CHECK **************
2023-02-14 14:49:33,217 [main] INFO HRMS - Negative data check  : Please enter state
2023-02-14 14:49:33,218 [main] INFO HRMS - ************** RESET BUTTON CHECK **************
2023-02-14 14:49:33,721 [main] INFO HRMS - Reset button successfully worked
2023-02-14 14:49:35,002 [main] INFO HRMS - ************** TABLE DATA VALIDATION  CHECK **************
2023-02-14 14:49:35,761 [main] INFO HRMS - state name is not shown in the Table data
2023-02-14 14:50:17,431 [main] INFO HRMS - ************** DATA CHECK **************
2023-02-14 14:50:18,703 [main] INFO HRMS - Duplicate check!! Internal Error, Please contact Admin!!!
2023-02-14 14:50:19,700 [main] INFO HRMS - ************** NEGATIVE DATA CHECK **************
2023-02-14 14:50:20,789 [main] INFO HRMS - Negative data check  : Please enter Country Name
2023-02-14 14:50:21,005 [main] INFO HRMS - ************** RESET BUTTON CHECK **************
2023-02-14 14:50:21,147 [main] INFO HRMS - Reset button successfully worked
2023-02-14 14:50:22,422 [main] INFO HRMS - ************** TABLE DATA VALIDATION  CHECK **************
2023-02-14 14:50:22,805 [main] INFO HRMS - country name is Approved
2023-02-14 15:03:01,328 [main] INFO HRMS - ************** DATA CHECK **************
2023-02-14 15:03:02,577 [main] INFO HRMS - Duplicate check!! Internal Error, Please contact Admin!!!
2023-02-14 15:03:03,798 [main] INFO HRMS - ************** NEGATIVE DATA CHECK **************
2023-02-14 15:03:04,889 [main] INFO HRMS - Negative data check  : Please enter state
2023-02-14 15:03:04,890 [main] INFO HRMS - ************** RESET BUTTON CHECK **************
2023-02-14 15:03:05,400 [main] INFO HRMS - Reset button successfully worked
2023-02-14 15:03:06,612 [main] INFO HRMS - ************** TABLE DATA VALIDATION  CHECK **************
2023-02-14 15:15:49,851 [main] INFO HRMS - ************** DATA CHECK **************
2023-02-14 15:15:51,082 [main] INFO HRMS - Duplicate check!! Internal Error, Please contact Admin!!!
2023-02-14 15:15:52,230 [main] INFO HRMS - ************** NEGATIVE DATA CHECK **************
2023-02-14 15:15:53,315 [main] INFO HRMS - Negative data check  : Please enter state
2023-02-14 15:15:53,317 [main] INFO HRMS - ************** RESET BUTTON CHECK **************
2023-02-14 15:15:53,708 [main] INFO HRMS - Reset button successfully worked
2023-02-14 15:15:54,900 [main] INFO HRMS - ************** TABLE DATA VALIDATION  CHECK **************
2023-02-14 15:15:55,674 [main] INFO HRMS - state name is Approved
2023-02-14 15:45:55,361 [main] INFO HRMS - ************** DATA CHECK **************
2023-02-14 15:45:56,586 [main] INFO HRMS - Duplicate check!! Internal Error, Please contact Admin!!!
2023-02-14 15:45:57,392 [main] INFO HRMS - ************** NEGATIVE DATA CHECK **************
2023-02-14 15:45:58,453 [main] INFO HRMS - Negative data check  : Please enter Country Name
2023-02-14 15:45:58,537 [main] INFO HRMS - ************** RESET BUTTON CHECK **************
2023-02-14 15:45:58,663 [main] INFO HRMS - Reset button successfully worked
2023-02-14 15:45:59,867 [main] INFO HRMS - ************** TABLE DATA VALIDATION  CHECK **************
2023-02-14 15:46:00,058 [main] INFO HRMS - country name is Approved
2023-02-14 15:46:44,480 [main] INFO HRMS - Unable to edit the flow
2023-02-14 15:48:08,055 [main] INFO HRMS - ************** Search the Country Name **************
2023-02-14 15:48:08,253 [main] INFO HRMS - **************Search Country Name  is : Rusia ****************
2023-02-14 15:48:28,320 [main] INFO HRMS - Unable to edit the flow
2023-02-14 15:48:30,149 [main] INFO HRMS - ************** DATA CHECK **************
2023-02-14 15:48:31,338 [main] INFO HRMS - Duplicate check!! Internal Error, Please contact Admin!!!
2023-02-14 15:48:32,123 [main] INFO HRMS - ************** NEGATIVE DATA CHECK **************
2023-02-14 15:48:33,184 [main] INFO HRMS - Negative data check  : Please enter Country Name
2023-02-14 15:48:33,271 [main] INFO HRMS - ************** RESET BUTTON CHECK **************
2023-02-14 15:48:33,386 [main] INFO HRMS - Reset button successfully worked
2023-02-14 15:48:34,548 [main] INFO HRMS - ************** TABLE DATA VALIDATION  CHECK **************
2023-02-14 15:48:34,705 [main] INFO HRMS - country name is Approved
2023-02-14 15:48:37,271 [main] INFO HRMS - Unable to edit the flow
2023-02-14 15:50:54,557 [main] INFO HRMS - ************** DATA CHECK **************
2023-02-14 15:50:55,768 [main] INFO HRMS - Duplicate check!! Internal Error, Please contact Admin!!!
2023-02-14 15:50:56,606 [main] INFO HRMS - ************** NEGATIVE DATA CHECK **************
2023-02-14 15:50:57,670 [main] INFO HRMS - Negative data check  : Please enter Country Name
2023-02-14 15:50:57,763 [main] INFO HRMS - ************** RESET BUTTON CHECK **************
2023-02-14 15:50:57,919 [main] INFO HRMS - Reset button successfully worked
2023-02-14 15:50:59,126 [main] INFO HRMS - ************** TABLE DATA VALIDATION  CHECK **************
2023-02-14 15:50:59,330 [main] INFO HRMS - country name is Approved
2023-02-14 15:51:00,343 [main] INFO HRMS - ************** Search the Country Name **************
2023-02-14 15:51:00,559 [main] INFO HRMS - **************Search Country Name  is : Rusia ****************
2023-02-14 15:51:20,617 [main] INFO HRMS - Unable to edit the flow
2023-02-14 15:51:23,882 [main] INFO HRMS - ************** DATA CHECK **************
2023-02-14 15:51:25,225 [main] INFO HRMS - Duplicate check!! Internal Error, Please contact Admin!!!
2023-02-14 15:51:26,174 [main] INFO HRMS - ************** NEGATIVE DATA CHECK **************
2023-02-14 15:51:27,224 [main] INFO HRMS - Negative data check  : Please enter state
2023-02-14 15:51:27,225 [main] INFO HRMS - ************** RESET BUTTON CHECK **************
2023-02-14 15:51:27,527 [main] INFO HRMS - Reset button successfully worked
2023-02-14 15:51:29,059 [main] INFO HRMS - ************** TABLE DATA VALIDATION  CHECK **************
2023-02-14 15:51:29,756 [main] INFO HRMS - state name is Approved
2023-02-14 15:51:31,446 [main] INFO HRMS - Unable to edit the flow
2023-02-14 16:20:38,771 [main] INFO HRMS - ************** Search the Country Name **************
2023-02-14 16:20:39,259 [main] INFO HRMS - **************Search Country Name  is : Rusia ****************
2023-02-14 16:20:59,312 [main] INFO HRMS - Unable to edit the flow
2023-02-14 16:21:02,580 [main] INFO HRMS - Unable to edit the flow
2023-02-14 16:21:05,777 [main] INFO HRMS - ************** DATA CHECK **************
2023-02-14 16:21:07,013 [main] INFO HRMS - Duplicate check!! Internal Error, Please contact Admin!!!
2023-02-14 16:21:07,968 [main] INFO HRMS - ************** NEGATIVE DATA CHECK **************
2023-02-14 16:21:09,048 [main] INFO HRMS - Negative data check  : Please enter state
2023-02-14 16:21:09,049 [main] INFO HRMS - ************** RESET BUTTON CHECK **************
2023-02-14 16:21:09,406 [main] INFO HRMS - Reset button successfully worked
2023-02-14 16:21:10,563 [main] INFO HRMS - ************** TABLE DATA VALIDATION  CHECK **************
2023-02-14 16:21:11,240 [main] INFO HRMS - state name is Approved
<<<<<<< HEAD
2023-02-17 10:49:18,293 [main] INFO HRMS -  DATA CHECK 
2023-02-17 10:49:19,502 [main] INFO HRMS - Duplicate check!! Internal Error, Please contact Admin!!!
2023-02-17 10:49:20,252 [main] INFO HRMS - NEGATIVE DATA CHECK
2023-02-17 10:49:21,326 [main] INFO HRMS - Negative data check  : Please enter Country Name
2023-02-17 10:49:21,401 [main] INFO HRMS -  RESET BUTTON CHECK 
2023-02-17 10:49:21,494 [main] INFO HRMS - Reset button successfully worked
2023-02-17 10:49:22,660 [main] INFO HRMS -  TABLE DATA VALIDATION  CHECK 
2023-02-17 10:49:22,813 [main] INFO HRMS - country name is Approved
2023-02-17 10:57:27,248 [main] INFO HRMS -  DATA CHECK 
2023-02-17 10:57:28,452 [main] INFO HRMS - Duplicate check!! Internal Error, Please contact Admin!!!
2023-02-17 10:57:29,286 [main] INFO HRMS -  NEGATIVE DATA CHECK 
2023-02-17 10:57:30,349 [main] INFO HRMS - Negative data check  : Please enter state
2023-02-17 10:57:30,350 [main] INFO HRMS -  RESET BUTTON CHECK 
2023-02-17 10:57:30,591 [main] INFO HRMS - Reset button successfully worked
2023-02-17 10:57:31,731 [main] INFO HRMS - TABLE DATA VALIDATION  CHECK 
2023-02-17 10:57:32,390 [main] INFO HRMS - state name is Approved
2023-02-17 10:58:18,367 [main] INFO HRMS -  DATA CHECK 
2023-02-17 10:58:19,655 [main] INFO HRMS - Duplicate check!! Internal Error, Please contact Admin!!!
2023-02-17 10:58:20,377 [main] INFO HRMS - NEGATIVE DATA CHECK
2023-02-17 10:58:21,454 [main] INFO HRMS - Negative data check  : Please enter Country Name
2023-02-17 10:58:21,543 [main] INFO HRMS -  RESET BUTTON CHECK 
2023-02-17 10:58:21,628 [main] INFO HRMS - Reset button successfully worked
2023-02-17 10:58:22,757 [main] INFO HRMS -  TABLE DATA VALIDATION  CHECK 
2023-02-17 10:58:22,870 [main] INFO HRMS - country name is not shown in the Table data
2023-02-17 11:13:28,379 [main] INFO HRMS - Search the Area Name 
2023-02-17 11:13:28,580 [main] INFO HRMS - Search Area Name  is : Northstreet
2023-02-17 11:13:28,657 [main] INFO HRMS - Unable to edit the flow
2023-02-17 11:13:33,993 [main] INFO HRMS - Search the City Name 
2023-02-17 11:13:34,167 [main] INFO HRMS - Search City Name  is : Mangalore
2023-02-17 11:13:34,840 [main] INFO HRMS - Edit City Name  is : Mangalore
2023-02-17 11:13:42,162 [main] INFO HRMS -  DATA CHECK 
2023-02-17 11:13:43,370 [main] INFO HRMS - Duplicate check!! Internal Error, Please contact Admin!!!
2023-02-17 11:13:46,980 [main] INFO HRMS -  NEGATIVE DATA CHECK 
2023-02-17 11:13:48,038 [main] INFO HRMS - Negative data check  : Please enter city
2023-02-17 11:13:48,038 [main] INFO HRMS -  RESET BUTTON CHECK 
2023-02-17 11:13:48,292 [main] INFO HRMS - Reset button successfully worked
2023-02-17 11:13:48,798 [main] INFO HRMS - TABLE DATA VALIDATION  CHECK 
2023-02-17 11:14:10,044 [main] INFO HRMS - City name is Approved
2023-02-17 11:14:11,801 [main] INFO HRMS -  Search the Country Name 
2023-02-17 11:14:11,941 [main] INFO HRMS - Search Country Name  is : Rusia 
2023-02-17 11:14:31,994 [main] INFO HRMS - Unable to edit the flow
2023-02-17 11:14:34,927 [main] INFO HRMS -  DATA CHECK 
2023-02-17 11:14:36,118 [main] INFO HRMS - Duplicate check!! Internal Error, Please contact Admin!!!
2023-02-17 11:14:36,830 [main] INFO HRMS - NEGATIVE DATA CHECK
2023-02-17 11:14:37,898 [main] INFO HRMS - Negative data check  : Please enter Country Name
2023-02-17 11:14:37,978 [main] INFO HRMS -  RESET BUTTON CHECK 
2023-02-17 11:14:38,076 [main] INFO HRMS - Reset button successfully worked
2023-02-17 11:14:39,204 [main] INFO HRMS -  TABLE DATA VALIDATION  CHECK 
2023-02-17 11:14:39,302 [main] INFO HRMS - country name is not shown in the Table data
2023-02-17 11:14:42,116 [main] INFO HRMS - Search the State Name 
2023-02-17 11:14:42,256 [main] INFO HRMS - Search State Name  is : Altai
2023-02-17 11:15:02,306 [main] INFO HRMS - Unable to edit the flow
2023-02-17 11:15:06,792 [main] INFO HRMS -  DATA CHECK 
2023-02-17 11:15:08,109 [main] INFO HRMS - Duplicate check!! Internal Error, Please contact Admin!!!
2023-02-17 11:15:08,929 [main] INFO HRMS -  NEGATIVE DATA CHECK 
2023-02-17 11:15:10,000 [main] INFO HRMS - Negative data check  : Please enter state
2023-02-17 11:15:10,000 [main] INFO HRMS -  RESET BUTTON CHECK 
2023-02-17 11:15:10,212 [main] INFO HRMS - Reset button successfully worked
2023-02-17 11:15:11,349 [main] INFO HRMS - TABLE DATA VALIDATION  CHECK 
2023-02-17 11:15:12,003 [main] INFO HRMS - state name is Approved
2023-02-17 11:15:13,694 [main] INFO HRMS - Unable to edit the flow
2023-02-17 11:15:22,386 [main] INFO HRMS -  DATA CHECK 
2023-02-17 11:15:23,451 [main] INFO HRMS - Duplicate check!! Enter work Location Name
2023-02-17 11:20:49,488 [main] INFO HRMS - Search the Area Name 
2023-02-17 11:20:49,708 [main] INFO HRMS - Search Area Name  is : Northstreet
2023-02-17 11:20:49,806 [main] INFO HRMS - Unable to edit the flow
2023-02-17 11:20:58,840 [main] INFO HRMS -  DATA CHECK 
2023-02-17 11:21:00,138 [main] INFO HRMS - Duplicate check!! Internal Error, Please contact Admin!!!
2023-02-17 11:21:02,208 [main] INFO HRMS -  NEGATIVE DATA CHECK 
2023-02-17 11:21:03,247 [main] INFO HRMS - Negative data check  : Enter Area Name
2023-02-17 11:21:03,248 [main] INFO HRMS -  RESET BUTTON CHECK 
2023-02-17 11:21:03,664 [main] INFO HRMS - Reset button successfully worked
2023-02-17 11:21:04,169 [main] INFO HRMS - TABLE DATA VALIDATION  CHECK 
2023-02-17 11:21:25,421 [main] INFO HRMS - Area name is not shown in the Table data
2023-02-17 11:21:29,956 [main] INFO HRMS - Search the City Name 
2023-02-17 11:21:30,136 [main] INFO HRMS - Search City Name  is : Mangalore
2023-02-17 11:21:30,796 [main] INFO HRMS - Edit City Name  is : Mangalore
2023-02-17 11:21:35,406 [main] INFO HRMS -  Search the Country Name 
2023-02-17 11:21:35,545 [main] INFO HRMS - Search Country Name  is : Rusia 
2023-02-17 11:21:55,609 [main] INFO HRMS - Unable to edit the flow
2023-02-17 11:21:59,537 [main] INFO HRMS - Search the State Name 
2023-02-17 11:21:59,673 [main] INFO HRMS - Search State Name  is : Altai
2023-02-17 11:22:19,705 [main] INFO HRMS - Unable to edit the flow
2023-02-17 11:22:24,003 [main] INFO HRMS -  DATA CHECK 
2023-02-17 11:22:25,190 [main] INFO HRMS - Duplicate check!! Internal Error, Please contact Admin!!!
2023-02-17 11:22:25,989 [main] INFO HRMS -  NEGATIVE DATA CHECK 
2023-02-17 11:22:27,059 [main] INFO HRMS - Negative data check  : Please enter state
2023-02-17 11:22:27,059 [main] INFO HRMS -  RESET BUTTON CHECK 
2023-02-17 11:22:27,263 [main] INFO HRMS - Reset button successfully worked
2023-02-17 11:22:28,377 [main] INFO HRMS - TABLE DATA VALIDATION  CHECK 
2023-02-17 11:22:29,029 [main] INFO HRMS - state name is Approved
2023-02-17 11:22:30,729 [main] INFO HRMS - Search the WorkLocation Code Name 
2023-02-17 11:23:11,312 [main] INFO HRMS - Unable to edit the flow
2023-02-17 11:23:19,445 [main] INFO HRMS -  DATA CHECK 
2023-02-17 11:23:20,518 [main] INFO HRMS - Duplicate check!! Enter work Location Name
2023-02-17 11:49:14,771 [main] INFO HRMS - Unable to edit the flow
2023-02-17 11:49:19,723 [main] INFO HRMS - Search the City Name 
2023-02-17 11:49:19,920 [main] INFO HRMS - Search City Name  is : Mangalore
2023-02-17 11:49:20,625 [main] INFO HRMS - Edit City Name  is : Mangalore
2023-02-17 11:49:28,061 [main] INFO HRMS -  DATA CHECK 
2023-02-17 11:49:29,322 [main] INFO HRMS - Duplicate check!! Internal Error, Please contact Admin!!!
2023-02-17 11:49:30,783 [main] INFO HRMS -  NEGATIVE DATA CHECK 
2023-02-17 11:49:31,854 [main] INFO HRMS - Negative data check  : Please enter city
2023-02-17 11:49:31,856 [main] INFO HRMS -  RESET BUTTON CHECK 
2023-02-17 11:49:32,124 [main] INFO HRMS - Reset button successfully worked
2023-02-17 11:49:32,630 [main] INFO HRMS - TABLE DATA VALIDATION  CHECK 
2023-02-17 11:49:53,853 [main] INFO HRMS - City name is Approved
2023-02-17 11:49:55,625 [main] INFO HRMS -  Search the Country Name 
2023-02-17 11:49:55,767 [main] INFO HRMS - Search Country Name  is : Rusia 
2023-02-17 11:50:15,836 [main] INFO HRMS - Unable to edit the flow
2023-02-17 11:50:20,335 [main] INFO HRMS - Search the State Name 
2023-02-17 11:50:20,537 [main] INFO HRMS - Search State Name  is : Altai
2023-02-17 11:50:40,572 [main] INFO HRMS - Unable to edit the flow
2023-02-17 11:50:44,912 [main] INFO HRMS -  DATA CHECK 
2023-02-17 11:50:46,140 [main] INFO HRMS - Duplicate check!! Internal Error, Please contact Admin!!!
2023-02-17 11:50:46,946 [main] INFO HRMS -  NEGATIVE DATA CHECK 
2023-02-17 11:50:47,993 [main] INFO HRMS - Negative data check  : Please enter state
2023-02-17 11:50:47,994 [main] INFO HRMS -  RESET BUTTON CHECK 
2023-02-17 11:50:48,249 [main] INFO HRMS - Reset button successfully worked
2023-02-17 11:50:49,382 [main] INFO HRMS - TABLE DATA VALIDATION  CHECK 
2023-02-17 11:50:50,040 [main] INFO HRMS - state name is Approved
2023-02-17 11:50:51,867 [main] INFO HRMS - Search the WorkLocation Code Name 
2023-02-17 11:51:32,451 [main] INFO HRMS - Unable to edit the flow
2023-02-17 11:51:40,567 [main] INFO HRMS -  DATA CHECK 
2023-02-17 11:51:41,622 [main] INFO HRMS - Duplicate check!! Enter work Location Name
2023-02-17 11:56:15,421 [main] INFO HRMS - Search the Area Name 
2023-02-17 11:56:15,734 [main] INFO HRMS - Search Area Name  is : Northstreet
2023-02-17 11:56:15,872 [main] INFO HRMS - Unable to edit the flow
2023-02-17 11:56:23,155 [main] INFO HRMS -  DATA CHECK 
2023-02-17 11:56:24,358 [main] INFO HRMS - Duplicate check!! Internal Error, Please contact Admin!!!
2023-02-17 11:56:26,441 [main] INFO HRMS -  NEGATIVE DATA CHECK 
2023-02-17 11:56:27,522 [main] INFO HRMS - Negative data check  : Enter Area Name
2023-02-17 11:56:27,523 [main] INFO HRMS -  RESET BUTTON CHECK 
2023-02-17 11:56:27,829 [main] INFO HRMS - Reset button successfully worked
2023-02-17 11:56:28,343 [main] INFO HRMS - TABLE DATA VALIDATION  CHECK 
2023-02-17 11:56:49,623 [main] INFO HRMS - Area name is not shown in the Table data
2023-02-17 11:56:51,381 [main] INFO HRMS - Unable to edit the flow
2023-02-17 11:56:59,337 [main] INFO HRMS -  DATA CHECK 
2023-02-17 11:57:00,582 [main] INFO HRMS - Duplicate check!! Internal Error, Please contact Admin!!!
2023-02-17 11:57:02,014 [main] INFO HRMS -  NEGATIVE DATA CHECK 
2023-02-17 11:57:03,069 [main] INFO HRMS - Negative data check  : Please enter city
2023-02-17 11:57:03,073 [main] INFO HRMS -  RESET BUTTON CHECK 
2023-02-17 11:57:03,341 [main] INFO HRMS - Reset button successfully worked
2023-02-17 11:57:03,849 [main] INFO HRMS - TABLE DATA VALIDATION  CHECK 
2023-02-17 11:57:25,027 [main] INFO HRMS - City name is Approved
2023-02-17 11:57:26,764 [main] INFO HRMS -  Search the Country Name 
2023-02-17 11:57:26,911 [main] INFO HRMS - Search Country Name  is : Rusia 
2023-02-17 11:57:46,982 [main] INFO HRMS - Unable to edit the flow
2023-02-17 11:57:51,147 [main] INFO HRMS - Search the State Name 
2023-02-17 11:57:51,262 [main] INFO HRMS - Search State Name  is : Altai
2023-02-17 11:58:11,324 [main] INFO HRMS - Unable to edit the flow
2023-02-17 11:58:15,650 [main] INFO HRMS -  DATA CHECK 
2023-02-17 11:58:16,869 [main] INFO HRMS - Duplicate check!! Internal Error, Please contact Admin!!!
2023-02-17 11:58:20,958 [main] INFO HRMS - Search the WorkLocation Code Name 
2023-02-17 11:59:01,596 [main] INFO HRMS - Unable to edit the flow
2023-02-17 11:59:11,769 [main] INFO HRMS -  DATA CHECK 
2023-02-17 11:59:12,842 [main] INFO HRMS - Duplicate check!! Enter work Location Name
=======
2023-02-16 10:16:46,189 [main] INFO HRMS -  Search the Country Name 
2023-02-16 10:16:46,419 [main] INFO HRMS - Search Country Name  is : Rusia 
2023-02-16 10:17:06,467 [main] INFO HRMS - Unable to edit the flow
2023-02-16 10:17:08,517 [main] INFO HRMS -  DATA CHECK 
2023-02-16 10:17:10,163 [main] INFO HRMS - Duplicate check!! Internal Error, Please contact Admin!!!
2023-02-16 10:17:11,028 [main] INFO HRMS - NEGATIVE DATA CHECK
2023-02-16 10:17:12,118 [main] INFO HRMS - Negative data check  : Please enter Country Name
2023-02-16 10:17:12,258 [main] INFO HRMS -  RESET BUTTON CHECK 
2023-02-16 10:17:12,392 [main] INFO HRMS - Reset button successfully worked
2023-02-16 10:17:13,580 [main] INFO HRMS -  TABLE DATA VALIDATION  CHECK 
2023-02-16 10:17:13,836 [main] INFO HRMS - country name is Approved
2023-02-16 10:17:16,656 [main] INFO HRMS - Unable to edit the flow
2023-02-16 10:21:22,219 [main] INFO HRMS -  Search the Country Name 
2023-02-16 10:21:22,682 [main] INFO HRMS - Search Country Name  is : Rusia 
2023-02-16 10:21:42,762 [main] INFO HRMS - Unable to edit the flow
2023-02-16 10:21:47,711 [main] INFO HRMS - Search the State Name 
2023-02-16 10:21:47,912 [main] INFO HRMS - Search State Name  is : Altai
2023-02-16 10:21:48,685 [main] INFO HRMS - Edit State Name  is : Altalaium
2023-02-16 10:21:53,600 [main] INFO HRMS -  DATA CHECK 
2023-02-16 10:21:54,701 [main] INFO HRMS - Duplicate check!! Data updated successfully
2023-02-16 10:21:55,659 [main] INFO HRMS -  NEGATIVE DATA CHECK 
2023-02-16 10:21:56,716 [main] INFO HRMS - Negative data check  : Please enter state
2023-02-16 10:21:56,717 [main] INFO HRMS -  RESET BUTTON CHECK 
2023-02-16 10:21:56,995 [main] INFO HRMS - Reset button successfully worked
2023-02-16 10:21:58,283 [main] INFO HRMS - TABLE DATA VALIDATION  CHECK 
2023-02-16 10:21:59,016 [main] INFO HRMS - state name is Approved
2023-02-16 10:23:55,871 [main] INFO HRMS -  Search the Country Name 
2023-02-16 10:23:56,115 [main] INFO HRMS - Search Country Name  is : Rusia 
2023-02-16 10:24:16,261 [main] INFO HRMS - Unable to edit the flow
2023-02-16 10:24:20,326 [main] INFO HRMS - Search the State Name 
2023-02-16 10:24:20,515 [main] INFO HRMS - Search State Name  is : Altai
2023-02-16 10:24:40,585 [main] INFO HRMS - Unable to edit the flow
2023-02-16 10:24:47,235 [main] INFO HRMS -  DATA CHECK 
2023-02-16 10:24:48,659 [main] INFO HRMS - Duplicate check!! Internal Error, Please contact Admin!!!
2023-02-16 10:24:49,537 [main] INFO HRMS -  NEGATIVE DATA CHECK 
2023-02-16 10:24:50,652 [main] INFO HRMS - Negative data check  : Please enter state
2023-02-16 10:24:50,652 [main] INFO HRMS -  RESET BUTTON CHECK 
2023-02-16 10:24:50,965 [main] INFO HRMS - Reset button successfully worked
2023-02-16 10:24:52,121 [main] INFO HRMS - TABLE DATA VALIDATION  CHECK 
2023-02-16 10:24:52,862 [main] INFO HRMS - state name is Approved
2023-02-16 10:26:22,531 [main] INFO HRMS -  Search the Country Name 
2023-02-16 10:26:22,820 [main] INFO HRMS - Search Country Name  is : Rusia 
2023-02-16 10:26:42,911 [main] INFO HRMS - Unable to edit the flow
2023-02-16 10:26:45,929 [main] INFO HRMS -  DATA CHECK 
2023-02-16 10:26:47,236 [main] INFO HRMS - Duplicate check!! Internal Error, Please contact Admin!!!
2023-02-16 10:26:48,046 [main] INFO HRMS - NEGATIVE DATA CHECK
2023-02-16 10:26:49,152 [main] INFO HRMS - Negative data check  : Please enter Country Name
2023-02-16 10:26:49,776 [main] INFO HRMS -  RESET BUTTON CHECK 
2023-02-16 10:26:49,877 [main] INFO HRMS - Reset button successfully worked
2023-02-16 10:26:51,084 [main] INFO HRMS -  TABLE DATA VALIDATION  CHECK 
2023-02-16 10:26:51,307 [main] INFO HRMS - country name is Approved
2023-02-16 10:26:53,151 [main] INFO HRMS - Search the State Name 
2023-02-16 10:26:53,341 [main] INFO HRMS - Search State Name  is : Altai
2023-02-16 10:27:13,411 [main] INFO HRMS - Unable to edit the flow
2023-02-16 10:27:17,807 [main] INFO HRMS -  DATA CHECK 
2023-02-16 10:27:19,076 [main] INFO HRMS - Duplicate check!! Internal Error, Please contact Admin!!!
2023-02-16 10:27:19,951 [main] INFO HRMS -  NEGATIVE DATA CHECK 
2023-02-16 10:27:21,121 [main] INFO HRMS - Negative data check  : Please enter state
2023-02-16 10:27:21,124 [main] INFO HRMS -  RESET BUTTON CHECK 
2023-02-16 10:27:21,386 [main] INFO HRMS - Reset button successfully worked
2023-02-16 10:27:22,530 [main] INFO HRMS - TABLE DATA VALIDATION  CHECK 
2023-02-16 10:27:23,269 [main] INFO HRMS - state name is Approved
2023-02-16 12:22:20,384 [main] INFO HRMS -  DATA CHECK 
2023-02-16 12:22:22,545 [main] INFO HRMS - Verified new data saved!! -> Saved Successfully
2023-02-16 12:22:24,081 [main] INFO HRMS -  NEGATIVE DATA CHECK 
2023-02-16 12:22:25,168 [main] INFO HRMS - Negative data check  : Please enter city
2023-02-16 12:22:25,169 [main] INFO HRMS -  RESET BUTTON CHECK 
2023-02-16 12:22:25,573 [main] INFO HRMS - Reset button successfully worked
2023-02-16 12:22:26,087 [main] INFO HRMS - TABLE DATA VALIDATION  CHECK 
2023-02-16 12:26:19,734 [main] INFO HRMS -  DATA CHECK 
2023-02-16 12:26:21,393 [main] INFO HRMS - Duplicate check!! Internal Error, Please contact Admin!!!
2023-02-16 12:26:23,005 [main] INFO HRMS -  NEGATIVE DATA CHECK 
2023-02-16 12:26:24,082 [main] INFO HRMS - Negative data check  : Please enter city
2023-02-16 12:26:24,084 [main] INFO HRMS -  RESET BUTTON CHECK 
2023-02-16 12:26:24,595 [main] INFO HRMS - Reset button successfully worked
2023-02-16 12:26:25,107 [main] INFO HRMS - TABLE DATA VALIDATION  CHECK 
2023-02-16 12:30:15,063 [main] INFO HRMS -  DATA CHECK 
2023-02-16 12:30:16,266 [main] INFO HRMS - Duplicate check!! Internal Error, Please contact Admin!!!
2023-02-16 12:30:17,791 [main] INFO HRMS -  NEGATIVE DATA CHECK 
2023-02-16 12:30:18,862 [main] INFO HRMS - Negative data check  : Please enter city
2023-02-16 12:30:18,863 [main] INFO HRMS -  RESET BUTTON CHECK 
2023-02-16 12:30:19,207 [main] INFO HRMS - Reset button successfully worked
2023-02-16 12:30:19,713 [main] INFO HRMS - TABLE DATA VALIDATION  CHECK 
2023-02-16 12:36:27,221 [main] INFO HRMS -  DATA CHECK 
2023-02-16 12:36:28,443 [main] INFO HRMS - Duplicate check!! Internal Error, Please contact Admin!!!
2023-02-16 12:36:29,979 [main] INFO HRMS -  NEGATIVE DATA CHECK 
2023-02-16 12:36:31,109 [main] INFO HRMS - Negative data check  : Please enter city
2023-02-16 12:36:31,111 [main] INFO HRMS -  RESET BUTTON CHECK 
2023-02-16 12:36:31,456 [main] INFO HRMS - Reset button successfully worked
2023-02-16 12:36:31,969 [main] INFO HRMS - TABLE DATA VALIDATION  CHECK 
2023-02-16 12:36:53,236 [main] INFO HRMS - City name is not shown in the Table data
2023-02-16 12:40:29,794 [main] INFO HRMS -  DATA CHECK 
2023-02-16 12:40:31,414 [main] INFO HRMS - Duplicate check!! Internal Error, Please contact Admin!!!
2023-02-16 12:40:33,316 [main] INFO HRMS -  NEGATIVE DATA CHECK 
2023-02-16 12:40:34,382 [main] INFO HRMS - Negative data check  : Please enter city
2023-02-16 12:40:34,382 [main] INFO HRMS -  RESET BUTTON CHECK 
2023-02-16 12:40:34,813 [main] INFO HRMS - Reset button successfully worked
2023-02-16 12:40:35,324 [main] INFO HRMS - TABLE DATA VALIDATION  CHECK 
2023-02-16 12:40:56,739 [main] INFO HRMS - City name is Approved
2023-02-16 12:46:35,429 [main] INFO HRMS - Search the City Name 
2023-02-16 12:46:35,639 [main] INFO HRMS - Search City Name  is : Mangalore
2023-02-16 12:46:56,316 [main] INFO HRMS - Unable to edit the flow
2023-02-16 12:47:53,130 [main] INFO HRMS - Search the City Name 
2023-02-16 12:47:53,387 [main] INFO HRMS - Search City Name  is : Mangalore
2023-02-16 12:48:14,107 [main] INFO HRMS - Unable to edit the flow
2023-02-16 12:50:32,517 [main] INFO HRMS - Search the City Name 
2023-02-16 12:50:32,752 [main] INFO HRMS - Search City Name  is : Mangalore
2023-02-16 12:50:33,867 [main] INFO HRMS - Edit City Name  is : Mangalores
2023-02-16 12:51:41,835 [main] INFO HRMS - Search the City Name 
2023-02-16 12:51:42,120 [main] INFO HRMS - Search City Name  is : Mangalores
2023-02-16 12:51:42,893 [main] INFO HRMS - Edit City Name  is : Mangalore
2023-02-16 12:52:40,345 [main] INFO HRMS - Search the City Name 
2023-02-16 12:52:40,629 [main] INFO HRMS - Search City Name  is : Mangalore
2023-02-16 12:52:41,506 [main] INFO HRMS - Edit City Name  is : Mangalore
2023-02-16 13:20:48,899 [main] INFO HRMS -  DATA CHECK 
2023-02-16 13:20:50,128 [main] INFO HRMS - Verified new data saved!! -> Saved Successfully
2023-02-16 13:20:52,408 [main] INFO HRMS -  NEGATIVE DATA CHECK 
2023-02-16 13:20:53,524 [main] INFO HRMS - Negative data check  : Enter Area Name
2023-02-16 13:20:53,525 [main] INFO HRMS -  RESET BUTTON CHECK 
2023-02-16 13:20:53,916 [main] INFO HRMS - Reset button successfully worked
2023-02-16 13:20:54,430 [main] INFO HRMS - TABLE DATA VALIDATION  CHECK 
2023-02-16 13:24:08,599 [main] INFO HRMS -  DATA CHECK 
2023-02-16 13:24:09,995 [main] INFO HRMS - Duplicate check!! Internal Error, Please contact Admin!!!
2023-02-16 13:24:12,264 [main] INFO HRMS -  NEGATIVE DATA CHECK 
2023-02-16 13:24:13,351 [main] INFO HRMS - Negative data check  : Enter Area Name
2023-02-16 13:24:13,352 [main] INFO HRMS -  RESET BUTTON CHECK 
2023-02-16 13:24:13,775 [main] INFO HRMS - Reset button successfully worked
2023-02-16 13:24:14,285 [main] INFO HRMS - TABLE DATA VALIDATION  CHECK 
2023-02-16 13:27:26,526 [main] INFO HRMS -  DATA CHECK 
2023-02-16 13:27:27,715 [main] INFO HRMS - Duplicate check!! Internal Error, Please contact Admin!!!
2023-02-16 13:27:30,049 [main] INFO HRMS -  NEGATIVE DATA CHECK 
2023-02-16 13:27:31,145 [main] INFO HRMS - Negative data check  : Enter Area Name
2023-02-16 13:27:31,146 [main] INFO HRMS -  RESET BUTTON CHECK 
2023-02-16 13:27:31,572 [main] INFO HRMS - Reset button successfully worked
2023-02-16 13:27:32,075 [main] INFO HRMS - TABLE DATA VALIDATION  CHECK 
2023-02-16 13:37:36,498 [main] INFO HRMS - Search the Area Name 
2023-02-16 13:37:36,830 [main] INFO HRMS - Search Area Name  is : Northstreet
2023-02-16 13:37:37,062 [main] INFO HRMS - Unable to edit the flow
2023-02-16 13:39:20,999 [main] INFO HRMS -  DATA CHECK 
2023-02-16 13:39:22,188 [main] INFO HRMS - Duplicate check!! Internal Error, Please contact Admin!!!
2023-02-16 13:39:24,957 [main] INFO HRMS -  NEGATIVE DATA CHECK 
2023-02-16 13:39:26,036 [main] INFO HRMS - Negative data check  : Enter Area Name
2023-02-16 13:39:26,038 [main] INFO HRMS -  RESET BUTTON CHECK 
2023-02-16 13:39:26,652 [main] INFO HRMS - Reset button successfully worked
2023-02-16 13:39:27,164 [main] INFO HRMS - TABLE DATA VALIDATION  CHECK 
2023-02-16 13:39:48,599 [main] INFO HRMS - Area name is not shown in the Table data
2023-02-16 13:45:40,677 [main] INFO HRMS -  DATA CHECK 
2023-02-16 13:45:41,937 [main] INFO HRMS - Duplicate check!! Internal Error, Please contact Admin!!!
2023-02-16 13:45:44,152 [main] INFO HRMS -  NEGATIVE DATA CHECK 
2023-02-16 13:45:45,240 [main] INFO HRMS - Negative data check  : Enter Area Name
2023-02-16 13:45:45,240 [main] INFO HRMS -  RESET BUTTON CHECK 
2023-02-16 13:45:45,630 [main] INFO HRMS - Reset button successfully worked
2023-02-16 13:45:46,135 [main] INFO HRMS - TABLE DATA VALIDATION  CHECK 
2023-02-16 13:46:07,679 [main] INFO HRMS - Area name is not shown in the Table data
2023-02-16 13:48:20,261 [main] INFO HRMS - Search the Area Name 
2023-02-16 13:48:20,532 [main] INFO HRMS - Search Area Name  is : Northstreet
2023-02-16 13:48:21,673 [main] INFO HRMS - Unable to edit the flow
2023-02-16 13:49:20,240 [main] INFO HRMS - Search the City Name 
2023-02-16 13:49:20,451 [main] INFO HRMS - Search City Name  is : Mangalore
2023-02-16 13:49:21,223 [main] INFO HRMS - Edit City Name  is : Mangalore
2023-02-16 14:27:35,519 [main] INFO HRMS -  DATA CHECK 
2023-02-16 14:27:36,646 [main] INFO HRMS - Duplicate check!! Enter work Location Name
2023-02-16 14:30:44,975 [main] INFO HRMS -  DATA CHECK 
2023-02-16 14:30:46,150 [main] INFO HRMS - Duplicate check!! Enter work Location Name
2023-02-16 14:34:27,858 [main] INFO HRMS - Search the WorkLocation Code Name 
2023-02-16 14:35:08,596 [main] INFO HRMS - Unable to edit the flow
2023-02-16 15:12:34,481 [main] INFO HRMS -  DATA CHECK 
2023-02-16 15:12:36,307 [main] INFO HRMS - Duplicate check!! Enter work Location Name
2023-02-16 15:18:30,158 [main] INFO HRMS -  DATA CHECK 
2023-02-16 15:18:31,330 [main] INFO HRMS - Duplicate check!! Enter work Location Name
2023-02-16 15:47:40,133 [main] INFO HRMS -  DATA CHECK 
2023-02-16 15:47:41,598 [main] INFO HRMS - Duplicate check!! Internal Error, Please contact Admin!!!
2023-02-16 15:47:42,694 [main] INFO HRMS - NEGATIVE DATA CHECK
2023-02-16 15:47:43,782 [main] INFO HRMS - Negative data check  : Please enter Country Name
2023-02-16 15:47:44,047 [main] INFO HRMS -  RESET BUTTON CHECK 
2023-02-16 15:47:44,281 [main] INFO HRMS - Reset button successfully worked
2023-02-16 15:47:45,558 [main] INFO HRMS -  TABLE DATA VALIDATION  CHECK 
2023-02-16 15:47:45,828 [main] INFO HRMS - country name is Approved
2023-02-16 15:51:14,032 [main] INFO HRMS -  DATA CHECK 
2023-02-16 15:51:15,355 [main] INFO HRMS - Duplicate check!! Internal Error, Please contact Admin!!!
2023-02-16 15:51:16,291 [main] INFO HRMS - NEGATIVE DATA CHECK
2023-02-16 15:51:17,383 [main] INFO HRMS - Negative data check  : Please enter Country Name
2023-02-16 15:51:17,590 [main] INFO HRMS -  RESET BUTTON CHECK 
2023-02-16 15:51:17,747 [main] INFO HRMS - Reset button successfully worked
2023-02-16 15:51:19,066 [main] INFO HRMS -  TABLE DATA VALIDATION  CHECK 
2023-02-16 15:51:19,291 [main] INFO HRMS - country name is Approved
2023-02-16 17:32:13,235 [main] INFO HRMS -  DATA CHECK 
2023-02-16 17:32:14,533 [main] INFO HRMS - Duplicate check!! Internal Error, Please contact Admin!!!
2023-02-16 17:32:15,299 [main] INFO HRMS - NEGATIVE DATA CHECK
2023-02-16 17:32:16,396 [main] INFO HRMS - Negative data check  : Please enter Country Name
2023-02-16 17:32:16,547 [main] INFO HRMS -  RESET BUTTON CHECK 
2023-02-16 17:32:16,655 [main] INFO HRMS - Reset button successfully worked
2023-02-16 17:32:17,836 [main] INFO HRMS -  TABLE DATA VALIDATION  CHECK 
2023-02-16 17:32:18,040 [main] INFO HRMS - country name is Approved
>>>>>>> 7232133e012b2f5eb58ec1ff5dd44fe53c3d9012
2023-02-17 12:38:52,452 [main] INFO HRMS - Search the Area Name 
2023-02-17 12:38:52,804 [main] INFO HRMS - Search Area Name  is : Northstreet
2023-02-17 12:38:53,049 [main] INFO HRMS - Unable to edit the flow
2023-02-17 12:39:00,357 [main] INFO HRMS -  DATA CHECK 
2023-02-17 12:39:01,589 [main] INFO HRMS - Duplicate check!! Internal Error, Please contact Admin!!!
2023-02-17 12:39:03,682 [main] INFO HRMS -  NEGATIVE DATA CHECK 
2023-02-17 12:39:04,737 [main] INFO HRMS - Negative data check  : Enter Area Name
2023-02-17 12:39:04,738 [main] INFO HRMS -  RESET BUTTON CHECK 
2023-02-17 12:39:05,054 [main] INFO HRMS - Reset button successfully worked
2023-02-17 12:39:05,564 [main] INFO HRMS - TABLE DATA VALIDATION  CHECK 
2023-02-17 12:39:26,849 [main] INFO HRMS - Area name is not shown in the Table data
2023-02-17 12:39:28,904 [main] INFO HRMS - Unable to edit the flow
2023-02-17 12:39:36,080 [main] INFO HRMS -  DATA CHECK 
2023-02-17 12:39:37,310 [main] INFO HRMS - Duplicate check!! Internal Error, Please contact Admin!!!
2023-02-17 12:39:38,756 [main] INFO HRMS -  NEGATIVE DATA CHECK 
2023-02-17 12:39:39,819 [main] INFO HRMS - Negative data check  : Please enter city
2023-02-17 12:39:39,822 [main] INFO HRMS -  RESET BUTTON CHECK 
2023-02-17 12:39:40,099 [main] INFO HRMS - Reset button successfully worked
2023-02-17 12:39:40,613 [main] INFO HRMS - TABLE DATA VALIDATION  CHECK 
2023-02-17 12:40:01,861 [main] INFO HRMS - City name is Approved
2023-02-17 12:40:03,592 [main] INFO HRMS -  Search the Country Name 
2023-02-17 12:40:03,741 [main] INFO HRMS - Search Country Name  is : Rusia 
2023-02-17 12:40:23,774 [main] INFO HRMS - Unable to edit the flow
2023-02-17 12:40:26,642 [main] INFO HRMS -  DATA CHECK 
2023-02-17 12:40:27,833 [main] INFO HRMS - Duplicate check!! Internal Error, Please contact Admin!!!
2023-02-17 12:40:28,538 [main] INFO HRMS - NEGATIVE DATA CHECK
2023-02-17 12:40:29,620 [main] INFO HRMS - Negative data check  : Please enter Country Name
2023-02-17 12:40:29,704 [main] INFO HRMS -  RESET BUTTON CHECK 
2023-02-17 12:40:29,809 [main] INFO HRMS - Reset button successfully worked
2023-02-17 12:40:30,922 [main] INFO HRMS -  TABLE DATA VALIDATION  CHECK 
2023-02-17 12:40:31,075 [main] INFO HRMS - country name is Approved
2023-02-17 12:40:32,793 [main] INFO HRMS - Search the State Name 
2023-02-17 12:40:32,946 [main] INFO HRMS - Search State Name  is : Altai
2023-02-17 12:40:53,000 [main] INFO HRMS - Unable to edit the flow
2023-02-17 12:40:59,684 [main] INFO HRMS -  DATA CHECK 
2023-02-17 12:41:00,913 [main] INFO HRMS - Duplicate check!! Internal Error, Please contact Admin!!!
2023-02-17 12:41:01,689 [main] INFO HRMS -  NEGATIVE DATA CHECK 
2023-02-17 12:41:02,744 [main] INFO HRMS - Negative data check  : Please enter state
2023-02-17 12:41:02,745 [main] INFO HRMS -  RESET BUTTON CHECK 
2023-02-17 12:41:02,951 [main] INFO HRMS - Reset button successfully worked
2023-02-17 12:41:04,061 [main] INFO HRMS - TABLE DATA VALIDATION  CHECK 
2023-02-17 12:41:04,761 [main] INFO HRMS - state name is Approved
2023-02-17 12:41:06,489 [main] INFO HRMS - Search the WorkLocation Code Name 
2023-02-17 12:41:47,113 [main] INFO HRMS - Unable to edit the flow
2023-02-17 12:41:55,318 [main] INFO HRMS -  DATA CHECK 
2023-02-17 12:41:56,378 [main] INFO HRMS - Duplicate check!! Enter work Location Name
2023-02-17 14:13:36,162 [main] INFO HRMS -  DATA CHECK 
2023-02-17 14:13:37,620 [main] INFO HRMS - Duplicate check!! Internal Error, Please contact Admin!!!
2023-02-17 14:13:38,364 [main] INFO HRMS - NEGATIVE DATA CHECK
2023-02-17 14:13:39,447 [main] INFO HRMS - Negative data check  : Enter religion Name
2023-02-17 14:13:39,528 [main] INFO HRMS -  RESET BUTTON CHECK 
2023-02-17 14:13:39,631 [main] INFO HRMS - Reset button successfully worked
2023-02-17 14:13:40,133 [main] INFO HRMS -  TABLE DATA VALIDATION  CHECK 
2023-02-17 14:13:40,297 [main] INFO HRMS - Religion name is Approved
2023-02-17 14:17:11,162 [main] INFO HRMS -  Search the Religion Name 
2023-02-17 14:17:11,337 [main] INFO HRMS - Search Religion Name  is : Buddhism
2023-02-17 14:17:32,020 [main] INFO HRMS - Unable to edit the flow
2023-02-17 14:30:29,476 [main] INFO HRMS -  DATA CHECK 
2023-02-17 14:30:30,690 [main] INFO HRMS - Duplicate check!! Internal Error, Please contact Admin!!!
2023-02-17 14:32:34,535 [main] INFO HRMS -  DATA CHECK 
2023-02-17 14:32:35,763 [main] INFO HRMS - Duplicate check!! Internal Error, Please contact Admin!!!
2023-02-17 14:32:36,519 [main] INFO HRMS - NEGATIVE DATA CHECK
2023-02-17 14:32:37,593 [main] INFO HRMS - Negative data check  : Enter nationality Name
2023-02-17 14:32:37,679 [main] INFO HRMS -  RESET BUTTON CHECK 
2023-02-17 14:32:37,764 [main] INFO HRMS - Reset button successfully worked
2023-02-17 14:32:38,269 [main] INFO HRMS -  TABLE DATA VALIDATION  CHECK 
2023-02-17 14:34:40,214 [main] INFO HRMS -  DATA CHECK 
2023-02-17 14:34:41,417 [main] INFO HRMS - Duplicate check!! Internal Error, Please contact Admin!!!
2023-02-17 14:34:42,131 [main] INFO HRMS - NEGATIVE DATA CHECK
2023-02-17 14:34:43,214 [main] INFO HRMS - Negative data check  : Enter nationality Name
2023-02-17 14:34:43,307 [main] INFO HRMS -  RESET BUTTON CHECK 
2023-02-17 14:34:43,400 [main] INFO HRMS - Reset button successfully worked
2023-02-17 14:34:43,914 [main] INFO HRMS -  TABLE DATA VALIDATION  CHECK 
2023-02-17 14:46:01,192 [main] INFO HRMS -  DATA CHECK 
2023-02-17 14:46:02,411 [main] INFO HRMS - Duplicate check!! Internal Error, Please contact Admin!!!
2023-02-17 14:46:03,184 [main] INFO HRMS - NEGATIVE DATA CHECK
2023-02-17 14:46:04,240 [main] INFO HRMS - Negative data check  : Enter nationality Name
2023-02-17 14:46:04,381 [main] INFO HRMS -  RESET BUTTON CHECK 
2023-02-17 14:46:04,492 [main] INFO HRMS - Reset button successfully worked
2023-02-17 14:46:05,002 [main] INFO HRMS -  TABLE DATA VALIDATION  CHECK 
2023-02-17 14:53:06,216 [main] INFO HRMS -  DATA CHECK 
2023-02-17 14:53:07,442 [main] INFO HRMS - Duplicate check!! Internal Error, Please contact Admin!!!
2023-02-17 14:53:08,204 [main] INFO HRMS - NEGATIVE DATA CHECK
2023-02-17 14:53:09,260 [main] INFO HRMS - Negative data check  : Enter nationality Name
2023-02-17 14:53:09,342 [main] INFO HRMS -  RESET BUTTON CHECK 
2023-02-17 14:53:09,439 [main] INFO HRMS - Reset button successfully worked
2023-02-17 14:53:09,946 [main] INFO HRMS -  TABLE DATA VALIDATION  CHECK 
2023-02-17 14:53:10,124 [main] INFO HRMS - Nationality name is Approved
2023-02-17 14:55:20,129 [main] INFO HRMS -  Search the Nationality Name 
2023-02-17 14:55:20,274 [main] INFO HRMS - Search Nationality Name  is : Indian
2023-02-17 14:55:20,988 [main] INFO HRMS - Edit Nationality Name  is : Indian
2023-02-17 14:56:24,502 [main] INFO HRMS -  DATA CHECK 
2023-02-17 14:56:25,574 [main] INFO HRMS - Duplicate check!! Enter work Location Name
2023-02-17 14:57:44,347 [main] INFO HRMS -  DATA CHECK 
2023-02-17 14:57:45,434 [main] INFO HRMS - Duplicate check!! Enter work Location Name
2023-02-17 14:58:56,189 [main] INFO HRMS -  DATA CHECK 
2023-02-17 14:58:57,258 [main] INFO HRMS - Duplicate check!! Enter work Location Name
2023-02-17 15:00:36,870 [main] INFO HRMS -  DATA CHECK 
2023-02-17 15:00:37,937 [main] INFO HRMS - Duplicate check!! Enter work Location Name
2023-02-17 15:16:24,220 [main] INFO HRMS -  DATA CHECK 
2023-02-17 15:16:25,318 [main] INFO HRMS - Duplicate check!! Enter work Location Name
2023-02-17 15:25:00,051 [main] INFO HRMS -  DATA CHECK 
2023-02-17 15:25:01,229 [main] INFO HRMS - Duplicate check!! Enter work Location Name
2023-02-17 15:26:34,971 [main] INFO HRMS -  DATA CHECK 
2023-02-17 15:26:36,057 [main] INFO HRMS - Duplicate check!! Enter work Location Name
2023-02-17 15:32:12,087 [main] INFO HRMS -  DATA CHECK 
2023-02-17 15:32:13,161 [main] INFO HRMS - Duplicate check!! Enter work Location Name
2023-02-17 15:34:01,169 [main] INFO HRMS -  DATA CHECK 
2023-02-17 15:34:02,239 [main] INFO HRMS - Duplicate check!! Enter work Location Name
2023-02-17 15:38:32,596 [main] INFO HRMS -  DATA CHECK 
2023-02-17 15:38:33,685 [main] INFO HRMS - Duplicate check!! Enter work Location Name
2023-02-17 15:40:26,189 [main] INFO HRMS -  DATA CHECK 
2023-02-17 15:40:27,480 [main] INFO HRMS - Verified new data saved!! -> Saved Successfully
2023-02-17 15:42:10,577 [main] INFO HRMS -  DATA CHECK 
2023-02-17 15:42:11,816 [main] INFO HRMS - Verified new data saved!! -> Saved Successfully
2023-02-17 15:42:18,191 [main] INFO HRMS -  NEGATIVE DATA CHECK 
2023-02-17 15:42:19,247 [main] INFO HRMS - Negative data check  : Enter work Location Code
2023-02-17 15:42:19,248 [main] INFO HRMS -  RESET BUTTON CHECK 
2023-02-17 15:42:20,635 [main] INFO HRMS - Reset button successfully worked
2023-02-17 15:42:21,136 [main] INFO HRMS - TABLE DATA VALIDATION  CHECK 
2023-02-17 15:46:48,916 [main] INFO HRMS -  DATA CHECK 
2023-02-17 15:46:50,416 [main] INFO HRMS - Verified new data saved!! -> Saved Successfully
2023-02-17 15:46:57,233 [main] INFO HRMS -  NEGATIVE DATA CHECK 
2023-02-17 15:46:58,287 [main] INFO HRMS - Negative data check  : Enter work Location Code
2023-02-17 15:46:58,288 [main] INFO HRMS -  RESET BUTTON CHECK 
2023-02-17 15:46:59,605 [main] INFO HRMS - Reset button successfully worked
2023-02-17 15:47:00,113 [main] INFO HRMS - TABLE DATA VALIDATION  CHECK 
2023-02-17 15:47:21,383 [main] INFO HRMS - location code is not shown in the Table data
2023-02-20 10:30:04,449 [main] INFO HRMS -  DATA CHECK 
2023-02-20 10:30:05,660 [main] INFO HRMS - Duplicate check!! Internal Error, Please contact Admin!!!
2023-02-20 10:30:06,401 [main] INFO HRMS - NEGATIVE DATA CHECK
2023-02-20 10:30:07,433 [main] INFO HRMS - Negative data check  : Enter nationality Name
2023-02-20 10:30:07,545 [main] INFO HRMS -  RESET BUTTON CHECK 
2023-02-20 10:30:07,851 [main] INFO HRMS - Reset button successfully worked
2023-02-20 10:30:08,353 [main] INFO HRMS -  TABLE DATA VALIDATION  CHECK 
2023-02-20 10:30:08,610 [main] INFO HRMS - Nationality name is Approved
2023-02-20 10:30:48,065 [main] INFO HRMS -  Search the Nationality Name 
2023-02-20 10:30:48,201 [main] INFO HRMS - Search Nationality Name  is : Indian
2023-02-20 10:30:48,891 [main] INFO HRMS - Edit Nationality Name  is : Indian
2023-02-20 10:44:20,577 [main] INFO HRMS -  DATA CHECK 
2023-02-20 10:44:21,782 [main] INFO HRMS - Duplicate check!! Internal Error, Please contact Admin!!!
2023-02-20 10:46:15,860 [main] INFO HRMS -  DATA CHECK 
2023-02-20 10:46:17,054 [main] INFO HRMS - Duplicate check!! Internal Error, Please contact Admin!!!
2023-02-20 10:46:17,822 [main] INFO HRMS - NEGATIVE DATA CHECK
2023-02-20 10:46:18,874 [main] INFO HRMS - Negative data check  : Enter language Name
2023-02-20 10:46:18,958 [main] INFO HRMS -  RESET BUTTON CHECK 
2023-02-20 10:46:19,066 [main] INFO HRMS - Reset button successfully worked
2023-02-20 10:46:19,578 [main] INFO HRMS -  TABLE DATA VALIDATION  CHECK 
2023-02-20 10:46:19,737 [main] INFO HRMS - Languauge name is Approved
2023-02-20 10:46:59,135 [main] INFO HRMS -  Search the Languauge Name 
2023-02-20 10:46:59,278 [main] INFO HRMS - Search Languauge Name  is : Tamil
2023-02-20 10:46:59,950 [main] INFO HRMS - Edit Languauge Name  is : Tamil
2023-02-20 11:00:13,369 [main] INFO HRMS -  DATA CHECK 
2023-02-20 11:00:14,577 [main] INFO HRMS - Duplicate check!! Internal Error, Please contact Admin!!!
2023-02-20 11:00:15,313 [main] INFO HRMS - NEGATIVE DATA CHECK
2023-02-20 11:00:16,380 [main] INFO HRMS - Negative data check  : Enter relationship Name
2023-02-20 11:00:16,491 [main] INFO HRMS -  RESET BUTTON CHECK 
2023-02-20 11:00:16,576 [main] INFO HRMS - Reset button successfully worked
2023-02-20 11:00:17,078 [main] INFO HRMS -  TABLE DATA VALIDATION  CHECK 
2023-02-20 11:03:12,692 [main] INFO HRMS -  DATA CHECK 
2023-02-20 11:03:13,895 [main] INFO HRMS - Duplicate check!! Internal Error, Please contact Admin!!!
2023-02-20 11:03:14,630 [main] INFO HRMS - NEGATIVE DATA CHECK
2023-02-20 11:03:15,684 [main] INFO HRMS - Negative data check  : Enter relationship Name
2023-02-20 11:03:15,775 [main] INFO HRMS -  RESET BUTTON CHECK 
2023-02-20 11:03:15,864 [main] INFO HRMS - Reset button successfully worked
2023-02-20 11:03:16,365 [main] INFO HRMS -  TABLE DATA VALIDATION  CHECK 
2023-02-20 11:03:16,546 [main] INFO HRMS - relation name is Approved
2023-02-20 11:03:52,972 [main] INFO HRMS -  Search the relationship Name 
2023-02-20 11:03:53,135 [main] INFO HRMS - Search relationship Name  is : Father
2023-02-20 11:03:53,845 [main] INFO HRMS - Edit relationship Name  is : Father
2023-02-20 11:13:31,315 [main] INFO HRMS -  DATA CHECK 
2023-02-20 11:13:32,520 [main] INFO HRMS - Verified new data saved!! -> Saved Successfully
2023-02-20 11:13:33,280 [main] INFO HRMS - NEGATIVE DATA CHECK
2023-02-20 11:13:33,847 [main] INFO HRMS - Negative data check  : Saved Successfully
2023-02-20 11:16:12,823 [main] INFO HRMS -  DATA CHECK 
2023-02-20 11:16:14,036 [main] INFO HRMS - Duplicate check!! Internal Error, Please contact Admin!!!
2023-02-20 11:16:14,783 [main] INFO HRMS - NEGATIVE DATA CHECK
2023-02-20 11:16:15,528 [main] INFO HRMS - Negative data check  : Internal Error, Please contact Admin!!!
2023-02-20 11:17:50,200 [main] INFO HRMS -  DATA CHECK 
2023-02-20 11:17:51,429 [main] INFO HRMS - Duplicate check!! Internal Error, Please contact Admin!!!
2023-02-20 11:17:52,219 [main] INFO HRMS - NEGATIVE DATA CHECK
2023-02-20 11:17:52,782 [main] INFO HRMS - Negative data check  : Internal Error, Please contact Admin!!!
2023-02-20 11:17:53,464 [main] INFO HRMS -  RESET BUTTON CHECK 
2023-02-20 11:17:53,544 [main] INFO HRMS - Reset button successfully worked
2023-02-20 11:17:54,048 [main] INFO HRMS -  TABLE DATA VALIDATION  CHECK 
2023-02-20 11:17:54,251 [main] INFO HRMS - BloodGroup name is Approved
2023-02-20 11:53:09,556 [main] INFO HRMS -  Search the BloodGroup Name 
2023-02-20 11:53:09,787 [main] INFO HRMS - Search BloodGroup Name  is : A +ve
2023-02-20 11:53:10,519 [main] INFO HRMS - Edit BloodGroup Name  is : A +ve
2023-02-20 12:05:38,343 [main] INFO HRMS -  DATA CHECK 
2023-02-20 12:05:39,553 [main] INFO HRMS - Duplicate check!! Internal Error, Please contact Admin!!!
2023-02-20 12:05:40,330 [main] INFO HRMS - NEGATIVE DATA CHECK
2023-02-20 12:05:41,397 [main] INFO HRMS - Negative data check  : Enter Idproof Name
2023-02-20 12:07:22,450 [main] INFO HRMS -  DATA CHECK 
2023-02-20 12:07:23,681 [main] INFO HRMS - Duplicate check!! Internal Error, Please contact Admin!!!
2023-02-20 12:07:24,455 [main] INFO HRMS - NEGATIVE DATA CHECK
2023-02-20 12:07:25,520 [main] INFO HRMS - Negative data check  : Enter Idproof Name
2023-02-20 12:07:26,110 [main] INFO HRMS -  RESET BUTTON CHECK 
2023-02-20 12:07:26,189 [main] INFO HRMS - Reset button successfully worked
2023-02-20 12:07:26,697 [main] INFO HRMS -  TABLE DATA VALIDATION  CHECK 
2023-02-20 12:07:26,878 [main] INFO HRMS - IdentificationProof name is Approved
2023-02-20 12:08:03,169 [main] INFO HRMS -  Search the IdentificationProof Name 
2023-02-20 12:08:03,359 [main] INFO HRMS - Search IdentificationProof Name  is : Aadhar card
2023-02-20 12:08:04,062 [main] INFO HRMS - Edit IdentificationProof Name  is : Aadhar card
2023-02-20 12:09:11,741 [main] INFO HRMS - Search the Area Name 
2023-02-20 12:09:11,949 [main] INFO HRMS - Search Area Name  is : Northstreet
2023-02-20 12:09:12,158 [main] INFO HRMS - Unable to edit the flow
2023-02-20 12:09:19,536 [main] INFO HRMS -  DATA CHECK 
2023-02-20 12:09:22,803 [main] INFO HRMS - Duplicate check!! Internal Error, Please contact Admin!!!
2023-02-20 12:09:25,016 [main] INFO HRMS -  NEGATIVE DATA CHECK 
2023-02-20 12:09:26,085 [main] INFO HRMS - Negative data check  : Enter Area Name
2023-02-20 12:09:26,086 [main] INFO HRMS -  RESET BUTTON CHECK 
2023-02-20 12:09:26,434 [main] INFO HRMS - Reset button successfully worked
2023-02-20 12:09:26,943 [main] INFO HRMS - TABLE DATA VALIDATION  CHECK 
2023-02-20 12:09:48,280 [main] INFO HRMS - Area name is not shown in the Table data
2023-02-20 12:09:50,259 [main] INFO HRMS - Search the City Name 
2023-02-20 12:09:50,425 [main] INFO HRMS - Search City Name  is : Mangalore
2023-02-20 12:09:51,124 [main] INFO HRMS - Edit City Name  is : Mangalore
2023-02-20 12:09:58,511 [main] INFO HRMS -  DATA CHECK 
2023-02-20 12:09:59,713 [main] INFO HRMS - Duplicate check!! Internal Error, Please contact Admin!!!
2023-02-20 12:10:01,187 [main] INFO HRMS -  NEGATIVE DATA CHECK 
2023-02-20 12:10:02,245 [main] INFO HRMS - Negative data check  : Please enter city
2023-02-20 12:10:02,245 [main] INFO HRMS -  RESET BUTTON CHECK 
2023-02-20 12:10:02,550 [main] INFO HRMS - Reset button successfully worked
2023-02-20 12:10:03,056 [main] INFO HRMS - TABLE DATA VALIDATION  CHECK 
2023-02-20 12:10:24,329 [main] INFO HRMS - City name is Approved
2023-02-20 12:10:26,117 [main] INFO HRMS -  Search the Country Name 
2023-02-20 12:10:26,286 [main] INFO HRMS - Search Country Name  is : Rusia 
2023-02-20 12:10:46,368 [main] INFO HRMS - Unable to edit the flow
2023-02-20 12:10:49,245 [main] INFO HRMS -  DATA CHECK 
2023-02-20 12:10:50,542 [main] INFO HRMS - Duplicate check!! Internal Error, Please contact Admin!!!
2023-02-20 12:10:51,284 [main] INFO HRMS - NEGATIVE DATA CHECK
2023-02-20 12:10:52,346 [main] INFO HRMS - Negative data check  : Please enter Country Name
2023-02-20 12:10:52,448 [main] INFO HRMS -  RESET BUTTON CHECK 
2023-02-20 12:10:52,532 [main] INFO HRMS - Reset button successfully worked
2023-02-20 12:10:53,654 [main] INFO HRMS -  TABLE DATA VALIDATION  CHECK 
2023-02-20 12:10:53,821 [main] INFO HRMS - country name is Approved
2023-02-20 12:10:55,553 [main] INFO HRMS - Search the State Name 
2023-02-20 12:10:55,680 [main] INFO HRMS - Search State Name  is : Altai
2023-02-20 12:11:15,695 [main] INFO HRMS - Unable to edit the flow
2023-02-20 12:11:20,054 [main] INFO HRMS -  DATA CHECK 
2023-02-20 12:11:21,243 [main] INFO HRMS - Duplicate check!! Internal Error, Please contact Admin!!!
2023-02-20 12:11:22,088 [main] INFO HRMS -  NEGATIVE DATA CHECK 
2023-02-20 12:11:23,154 [main] INFO HRMS - Negative data check  : Please enter state
2023-02-20 12:11:23,155 [main] INFO HRMS -  RESET BUTTON CHECK 
2023-02-20 12:11:23,374 [main] INFO HRMS - Reset button successfully worked
2023-02-20 12:11:24,493 [main] INFO HRMS - TABLE DATA VALIDATION  CHECK 
2023-02-20 12:11:25,162 [main] INFO HRMS - state name is Approved
2023-02-20 12:11:26,762 [main] INFO HRMS - Search the WorkLocation Code Name 
2023-02-20 12:12:07,382 [main] INFO HRMS - Unable to edit the flow
2023-02-20 12:12:15,709 [main] INFO HRMS -  DATA CHECK 
2023-02-20 12:12:16,965 [main] INFO HRMS - Verified new data saved!! -> Saved Successfully
2023-02-20 12:12:23,032 [main] INFO HRMS -  NEGATIVE DATA CHECK 
2023-02-20 12:12:24,089 [main] INFO HRMS - Negative data check  : Enter work Location Code
2023-02-20 12:12:24,090 [main] INFO HRMS -  RESET BUTTON CHECK 
2023-02-20 12:12:25,453 [main] INFO HRMS - Reset button successfully worked
2023-02-20 12:12:25,962 [main] INFO HRMS - TABLE DATA VALIDATION  CHECK 
2023-02-20 12:12:48,971 [main] INFO HRMS - location code is not shown in the Table data
2023-02-20 12:15:39,039 [main] INFO HRMS -  Search the BloodGroup Name 
2023-02-20 12:15:39,224 [main] INFO HRMS - Search BloodGroup Name  is : A +ve
2023-02-20 12:15:39,937 [main] INFO HRMS - Edit BloodGroup Name  is : A +ve
2023-02-20 12:15:44,240 [main] INFO HRMS -  DATA CHECK 
2023-02-20 12:15:45,343 [main] INFO HRMS - Duplicate check!! Data updated successfully
2023-02-20 12:15:50,178 [main] INFO HRMS -  Search the IdentificationProof Name 
2023-02-20 12:15:50,314 [main] INFO HRMS - Search IdentificationProof Name  is : Aadhar card
2023-02-20 12:15:51,044 [main] INFO HRMS - Edit IdentificationProof Name  is : Aadhar card
2023-02-20 12:15:55,417 [main] INFO HRMS -  DATA CHECK 
2023-02-20 12:15:56,510 [main] INFO HRMS - Duplicate check!! Data updated successfully
2023-02-20 12:15:57,301 [main] INFO HRMS - NEGATIVE DATA CHECK
2023-02-20 12:15:58,361 [main] INFO HRMS - Negative data check  : Enter Idproof Name
2023-02-20 12:15:58,997 [main] INFO HRMS -  RESET BUTTON CHECK 
2023-02-20 12:15:59,092 [main] INFO HRMS - Reset button successfully worked
2023-02-20 12:15:59,608 [main] INFO HRMS -  TABLE DATA VALIDATION  CHECK 
2023-02-20 12:15:59,768 [main] INFO HRMS - IdentificationProof name is Approved
2023-02-20 12:16:03,036 [main] INFO HRMS -  Search the Languauge Name 
2023-02-20 12:16:03,153 [main] INFO HRMS - Search Languauge Name  is : Tamil
2023-02-20 12:16:03,836 [main] INFO HRMS - Edit Languauge Name  is : Tamil
2023-02-20 12:16:10,770 [main] INFO HRMS -  DATA CHECK 
2023-02-20 12:16:11,990 [main] INFO HRMS - Duplicate check!! Internal Error, Please contact Admin!!!
2023-02-20 12:16:12,736 [main] INFO HRMS - NEGATIVE DATA CHECK
2023-02-20 12:16:13,790 [main] INFO HRMS - Negative data check  : Enter language Name
2023-02-20 12:16:13,924 [main] INFO HRMS -  RESET BUTTON CHECK 
2023-02-20 12:16:13,990 [main] INFO HRMS - Reset button successfully worked
2023-02-20 12:16:14,504 [main] INFO HRMS -  TABLE DATA VALIDATION  CHECK 
2023-02-20 12:16:14,738 [main] INFO HRMS - Languauge name is Approved
2023-02-20 12:16:18,179 [main] INFO HRMS -  Search the Nationality Name 
2023-02-20 12:16:18,294 [main] INFO HRMS - Search Nationality Name  is : Indian
2023-02-20 12:16:18,990 [main] INFO HRMS - Edit Nationality Name  is : Indian
2023-02-20 12:16:23,402 [main] INFO HRMS -  DATA CHECK 
2023-02-20 12:16:24,511 [main] INFO HRMS - Duplicate check!! Data updated successfully
2023-02-20 12:16:25,240 [main] INFO HRMS - NEGATIVE DATA CHECK
2023-02-20 12:16:26,283 [main] INFO HRMS - Negative data check  : Enter nationality Name
2023-02-20 12:16:26,385 [main] INFO HRMS -  RESET BUTTON CHECK 
2023-02-20 12:16:26,490 [main] INFO HRMS - Reset button successfully worked
2023-02-20 12:16:26,993 [main] INFO HRMS -  TABLE DATA VALIDATION  CHECK 
2023-02-20 12:16:27,160 [main] INFO HRMS - Nationality name is Approved
2023-02-20 12:16:31,464 [main] INFO HRMS -  DATA CHECK 
2023-02-20 12:16:32,658 [main] INFO HRMS - Duplicate check!! Internal Error, Please contact Admin!!!
2023-02-20 12:16:33,392 [main] INFO HRMS - NEGATIVE DATA CHECK
2023-02-20 12:16:34,442 [main] INFO HRMS - Negative data check  : Enter relationship Name
2023-02-20 12:16:34,529 [main] INFO HRMS -  RESET BUTTON CHECK 
2023-02-20 12:16:34,642 [main] INFO HRMS - Reset button successfully worked
2023-02-20 12:16:35,144 [main] INFO HRMS -  TABLE DATA VALIDATION  CHECK 
2023-02-20 12:16:35,326 [main] INFO HRMS - relation name is Approved
2023-02-20 12:16:38,119 [main] INFO HRMS - Unable to edit the flow
2023-02-20 12:16:41,197 [main] INFO HRMS -  Search the Religion Name 
2023-02-20 12:16:41,335 [main] INFO HRMS - Search Religion Name  is : Buddhism
2023-02-20 12:17:01,895 [main] INFO HRMS - Unable to edit the flow
2023-02-20 12:17:05,745 [main] INFO HRMS -  DATA CHECK 
2023-02-20 12:17:06,989 [main] INFO HRMS - Duplicate check!! Internal Error, Please contact Admin!!!
2023-02-20 12:17:07,756 [main] INFO HRMS - NEGATIVE DATA CHECK
2023-02-20 12:17:08,806 [main] INFO HRMS - Negative data check  : Enter religion Name
2023-02-20 12:17:08,915 [main] INFO HRMS -  RESET BUTTON CHECK 
2023-02-20 12:17:08,995 [main] INFO HRMS - Reset button successfully worked
2023-02-20 12:17:09,506 [main] INFO HRMS -  TABLE DATA VALIDATION  CHECK 
2023-02-20 12:17:09,689 [main] INFO HRMS - Religion name is Approved
2023-02-20 13:02:51,808 [main] INFO HRMS -  DATA CHECK 
2023-02-20 13:02:53,057 [main] INFO HRMS - Duplicate check!! Internal Error, Please contact Admin!!!
2023-02-20 13:02:54,331 [main] INFO HRMS - NEGATIVE DATA CHECK
2023-02-20 13:02:55,568 [main] INFO HRMS - Negative data check  : Please Enter valid Blood Group
2023-02-20 13:02:56,254 [main] INFO HRMS -  RESET BUTTON CHECK 
2023-02-20 13:02:56,396 [main] INFO HRMS - Reset button successfully worked
2023-02-20 13:02:56,902 [main] INFO HRMS -  TABLE DATA VALIDATION  CHECK 
2023-02-20 13:02:57,073 [main] INFO HRMS - BloodGroup name is not shown in the Table data
2023-02-20 13:03:56,953 [main] INFO HRMS -  Search the BloodGroup Name 
2023-02-20 13:03:57,160 [main] INFO HRMS - Search BloodGroup Name  is : A +ve
2023-02-20 13:03:57,864 [main] INFO HRMS - Edit BloodGroup Name  is : A +ve
2023-02-20 13:04:04,335 [main] INFO HRMS -  DATA CHECK 
2023-02-20 13:04:05,546 [main] INFO HRMS - Duplicate check!! Internal Error, Please contact Admin!!!
2023-02-20 13:04:06,799 [main] INFO HRMS - NEGATIVE DATA CHECK
2023-02-20 13:04:08,062 [main] INFO HRMS - Negative data check  : Please Enter valid Blood Group
2023-02-20 13:04:08,808 [main] INFO HRMS -  RESET BUTTON CHECK 
2023-02-20 13:04:08,940 [main] INFO HRMS - Reset button successfully worked
2023-02-20 13:04:09,441 [main] INFO HRMS -  TABLE DATA VALIDATION  CHECK 
2023-02-20 13:04:09,607 [main] INFO HRMS - BloodGroup name is not shown in the Table data
2023-02-20 13:04:13,150 [main] INFO HRMS -  Search the IdentificationProof Name 
2023-02-20 13:04:13,285 [main] INFO HRMS - Search IdentificationProof Name  is : Aadhar card
2023-02-20 13:04:13,985 [main] INFO HRMS - Edit IdentificationProof Name  is : Aadhar card
2023-02-20 13:04:18,526 [main] INFO HRMS -  DATA CHECK 
2023-02-20 13:04:19,592 [main] INFO HRMS - Duplicate check!! Data updated successfully
2023-02-20 13:04:20,317 [main] INFO HRMS - NEGATIVE DATA CHECK
2023-02-20 13:04:21,386 [main] INFO HRMS - Negative data check  : Enter Idproof Name
2023-02-20 13:04:22,013 [main] INFO HRMS -  RESET BUTTON CHECK 
2023-02-20 13:04:22,110 [main] INFO HRMS - Reset button successfully worked
2023-02-20 13:04:22,612 [main] INFO HRMS -  TABLE DATA VALIDATION  CHECK 
2023-02-20 13:04:22,783 [main] INFO HRMS - IdentificationProof name is Approved
2023-02-20 13:04:28,061 [main] INFO HRMS -  Search the Languauge Name 
2023-02-20 13:04:28,194 [main] INFO HRMS - Search Languauge Name  is : Tamil
2023-02-20 13:04:28,874 [main] INFO HRMS - Edit Languauge Name  is : Tamil
2023-02-20 13:04:33,391 [main] INFO HRMS -  DATA CHECK 
2023-02-20 13:04:34,465 [main] INFO HRMS - Duplicate check!! Data updated successfully
2023-02-20 13:04:35,196 [main] INFO HRMS - NEGATIVE DATA CHECK
2023-02-20 13:04:36,254 [main] INFO HRMS - Negative data check  : Enter language Name
2023-02-20 13:04:36,363 [main] INFO HRMS -  RESET BUTTON CHECK 
2023-02-20 13:04:36,469 [main] INFO HRMS - Reset button successfully worked
2023-02-20 13:04:36,982 [main] INFO HRMS -  TABLE DATA VALIDATION  CHECK 
2023-02-20 13:04:37,166 [main] INFO HRMS - Languauge name is Approved
2023-02-20 13:04:40,601 [main] INFO HRMS -  Search the Nationality Name 
2023-02-20 13:04:40,728 [main] INFO HRMS - Search Nationality Name  is : Indian
2023-02-20 13:04:41,422 [main] INFO HRMS - Edit Nationality Name  is : Indian
2023-02-20 13:04:45,840 [main] INFO HRMS -  DATA CHECK 
2023-02-20 13:04:46,907 [main] INFO HRMS - Duplicate check!! Data updated successfully
2023-02-20 13:04:47,637 [main] INFO HRMS - NEGATIVE DATA CHECK
2023-02-20 13:04:48,683 [main] INFO HRMS - Negative data check  : Enter nationality Name
2023-02-20 13:04:48,779 [main] INFO HRMS -  RESET BUTTON CHECK 
2023-02-20 13:04:48,878 [main] INFO HRMS - Reset button successfully worked
2023-02-20 13:04:49,386 [main] INFO HRMS -  TABLE DATA VALIDATION  CHECK 
2023-02-20 13:04:49,570 [main] INFO HRMS - Nationality name is Approved
2023-02-20 13:04:55,111 [main] INFO HRMS -  Search the relationship Name 
2023-02-20 13:04:55,268 [main] INFO HRMS - Search relationship Name  is : Father
2023-02-20 13:04:55,948 [main] INFO HRMS - Edit relationship Name  is : Father
2023-02-20 13:04:58,927 [main] INFO HRMS -  Search the Religion Name 
2023-02-20 13:04:59,058 [main] INFO HRMS - Search Religion Name  is : Buddhism
2023-02-20 13:05:19,658 [main] INFO HRMS - Unable to edit the flow
2023-02-20 13:05:23,421 [main] INFO HRMS -  DATA CHECK 
2023-02-20 13:05:24,664 [main] INFO HRMS - Duplicate check!! Internal Error, Please contact Admin!!!
2023-02-20 13:05:25,448 [main] INFO HRMS - NEGATIVE DATA CHECK
2023-02-20 13:05:26,514 [main] INFO HRMS - Negative data check  : Enter religion Name
2023-02-20 13:05:26,623 [main] INFO HRMS -  RESET BUTTON CHECK 
2023-02-20 13:05:26,738 [main] INFO HRMS - Reset button successfully worked
2023-02-20 13:05:27,246 [main] INFO HRMS -  TABLE DATA VALIDATION  CHECK 
2023-02-20 13:05:27,406 [main] INFO HRMS - Religion name is Approved
2023-02-20 13:07:29,715 [main] INFO HRMS - Search the Area Name 
2023-02-20 13:07:30,012 [main] INFO HRMS - Search Area Name  is : Northstreet
2023-02-20 13:07:30,068 [main] INFO HRMS - Unable to edit the flow
2023-02-20 13:07:37,737 [main] INFO HRMS -  DATA CHECK 
2023-02-20 13:07:39,062 [main] INFO HRMS - Duplicate check!! Internal Error, Please contact Admin!!!
2023-02-20 13:07:43,086 [main] INFO HRMS -  NEGATIVE DATA CHECK 
2023-02-20 13:07:44,149 [main] INFO HRMS - Negative data check  : Enter Area Name
2023-02-20 13:07:44,150 [main] INFO HRMS -  RESET BUTTON CHECK 
2023-02-20 13:07:44,511 [main] INFO HRMS - Reset button successfully worked
2023-02-20 13:07:45,020 [main] INFO HRMS - TABLE DATA VALIDATION  CHECK 
2023-02-20 13:08:06,280 [main] INFO HRMS - Area name is not shown in the Table data
2023-02-20 13:08:08,163 [main] INFO HRMS - Search the City Name 
2023-02-20 13:08:08,333 [main] INFO HRMS - Search City Name  is : Mangalore
2023-02-20 13:08:09,043 [main] INFO HRMS - Edit City Name  is : Mangalore
2023-02-20 13:08:16,350 [main] INFO HRMS -  DATA CHECK 
2023-02-20 13:08:17,731 [main] INFO HRMS - Duplicate check!! Internal Error, Please contact Admin!!!
2023-02-20 13:08:19,189 [main] INFO HRMS -  NEGATIVE DATA CHECK 
2023-02-20 13:08:20,237 [main] INFO HRMS - Negative data check  : Please enter city
2023-02-20 13:08:20,238 [main] INFO HRMS -  RESET BUTTON CHECK 
2023-02-20 13:08:20,520 [main] INFO HRMS - Reset button successfully worked
2023-02-20 13:08:21,036 [main] INFO HRMS - TABLE DATA VALIDATION  CHECK 
2023-02-20 13:08:42,293 [main] INFO HRMS - City name is Approved
2023-02-20 13:08:44,055 [main] INFO HRMS -  Search the Country Name 
2023-02-20 13:08:44,229 [main] INFO HRMS - Search Country Name  is : Rusia 
2023-02-20 13:09:04,275 [main] INFO HRMS - Unable to edit the flow
2023-02-20 13:09:07,077 [main] INFO HRMS -  DATA CHECK 
2023-02-20 13:09:08,278 [main] INFO HRMS - Duplicate check!! Internal Error, Please contact Admin!!!
2023-02-20 13:09:09,018 [main] INFO HRMS - NEGATIVE DATA CHECK
2023-02-20 13:09:10,079 [main] INFO HRMS - Negative data check  : Please enter Country Name
2023-02-20 13:09:10,157 [main] INFO HRMS -  RESET BUTTON CHECK 
2023-02-20 13:09:10,255 [main] INFO HRMS - Reset button successfully worked
2023-02-20 13:09:11,352 [main] INFO HRMS -  TABLE DATA VALIDATION  CHECK 
2023-02-20 13:09:11,509 [main] INFO HRMS - country name is Approved
2023-02-20 13:09:13,092 [main] INFO HRMS - Search the State Name 
2023-02-20 13:09:13,231 [main] INFO HRMS - Search State Name  is : Altai
2023-02-20 13:09:33,286 [main] INFO HRMS - Unable to edit the flow
2023-02-20 13:09:37,552 [main] INFO HRMS -  DATA CHECK 
2023-02-20 13:09:38,808 [main] INFO HRMS - Duplicate check!! Internal Error, Please contact Admin!!!
2023-02-20 13:09:39,720 [main] INFO HRMS -  NEGATIVE DATA CHECK 
2023-02-20 13:09:40,758 [main] INFO HRMS - Negative data check  : Please enter state
2023-02-20 13:09:40,758 [main] INFO HRMS -  RESET BUTTON CHECK 
2023-02-20 13:09:41,022 [main] INFO HRMS - Reset button successfully worked
2023-02-20 13:09:42,202 [main] INFO HRMS - TABLE DATA VALIDATION  CHECK 
2023-02-20 13:09:42,867 [main] INFO HRMS - state name is Approved
2023-02-20 13:09:44,537 [main] INFO HRMS - Search the WorkLocation Code Name 
2023-02-20 13:10:25,145 [main] INFO HRMS - Unable to edit the flow
2023-02-20 13:10:33,366 [main] INFO HRMS -  DATA CHECK 
2023-02-20 13:10:34,578 [main] INFO HRMS - Verified new data saved!! -> Saved Successfully
2023-02-20 13:10:40,641 [main] INFO HRMS -  NEGATIVE DATA CHECK 
2023-02-20 13:10:41,708 [main] INFO HRMS - Negative data check  : Enter work Location Code
2023-02-20 13:10:41,708 [main] INFO HRMS -  RESET BUTTON CHECK 
2023-02-20 13:10:42,987 [main] INFO HRMS - Reset button successfully worked
2023-02-20 13:10:43,491 [main] INFO HRMS - TABLE DATA VALIDATION  CHECK 
2023-02-20 13:11:06,467 [main] INFO HRMS - location code is not shown in the Table data
2023-02-20 13:13:19,788 [main] INFO HRMS - Unable to edit the flow
2023-02-20 13:14:17,560 [main] INFO HRMS - Search the Area Name 
2023-02-20 13:14:17,887 [main] INFO HRMS - Search Area Name  is : Northstreet
2023-02-20 13:14:18,025 [main] INFO HRMS - Unable to edit the flow
2023-02-20 13:14:25,193 [main] INFO HRMS -  DATA CHECK 
2023-02-20 13:14:26,379 [main] INFO HRMS - Duplicate check!! Internal Error, Please contact Admin!!!
2023-02-20 13:14:28,444 [main] INFO HRMS -  NEGATIVE DATA CHECK 
2023-02-20 13:14:29,500 [main] INFO HRMS - Negative data check  : Enter Area Name
2023-02-20 13:14:29,501 [main] INFO HRMS -  RESET BUTTON CHECK 
2023-02-20 13:14:29,835 [main] INFO HRMS - Reset button successfully worked
2023-02-20 13:14:30,342 [main] INFO HRMS - TABLE DATA VALIDATION  CHECK 
2023-02-20 13:14:51,592 [main] INFO HRMS - Area name is not shown in the Table data
2023-02-20 13:14:53,343 [main] INFO HRMS - Unable to edit the flow
2023-02-20 13:15:00,732 [main] INFO HRMS -  DATA CHECK 
2023-02-20 13:15:01,985 [main] INFO HRMS - Duplicate check!! Internal Error, Please contact Admin!!!
2023-02-20 13:15:03,456 [main] INFO HRMS -  NEGATIVE DATA CHECK 
2023-02-20 13:15:04,519 [main] INFO HRMS - Negative data check  : Please enter city
2023-02-20 13:15:04,521 [main] INFO HRMS -  RESET BUTTON CHECK 
2023-02-20 13:15:04,794 [main] INFO HRMS - Reset button successfully worked
2023-02-20 13:15:05,306 [main] INFO HRMS - TABLE DATA VALIDATION  CHECK 
2023-02-20 13:15:26,555 [main] INFO HRMS - City name is Approved
2023-02-20 13:15:28,331 [main] INFO HRMS -  Search the Country Name 
2023-02-20 13:15:28,464 [main] INFO HRMS - Search Country Name  is : Rusia 
2023-02-20 13:15:48,483 [main] INFO HRMS - Unable to edit the flow
2023-02-20 13:15:51,343 [main] INFO HRMS -  DATA CHECK 
2023-02-20 13:15:52,555 [main] INFO HRMS - Duplicate check!! Internal Error, Please contact Admin!!!
2023-02-20 13:15:53,320 [main] INFO HRMS - NEGATIVE DATA CHECK
2023-02-20 13:15:54,386 [main] INFO HRMS - Negative data check  : Please enter Country Name
2023-02-20 13:15:54,479 [main] INFO HRMS -  RESET BUTTON CHECK 
2023-02-20 13:15:54,573 [main] INFO HRMS - Reset button successfully worked
2023-02-20 13:15:55,692 [main] INFO HRMS -  TABLE DATA VALIDATION  CHECK 
2023-02-20 13:15:55,840 [main] INFO HRMS - country name is Approved
2023-02-20 13:15:59,915 [main] INFO HRMS - Search the State Name 
2023-02-20 13:16:00,076 [main] INFO HRMS - Search State Name  is : Altai
2023-02-20 13:16:20,112 [main] INFO HRMS - Unable to edit the flow
2023-02-20 13:16:24,819 [main] INFO HRMS -  DATA CHECK 
2023-02-20 13:16:26,024 [main] INFO HRMS - Duplicate check!! Internal Error, Please contact Admin!!!
2023-02-20 13:16:26,842 [main] INFO HRMS -  NEGATIVE DATA CHECK 
2023-02-20 13:16:27,915 [main] INFO HRMS - Negative data check  : Please enter state
2023-02-20 13:16:27,916 [main] INFO HRMS -  RESET BUTTON CHECK 
2023-02-20 13:16:28,134 [main] INFO HRMS - Reset button successfully worked
2023-02-20 13:16:29,262 [main] INFO HRMS - TABLE DATA VALIDATION  CHECK 
2023-02-20 13:16:30,012 [main] INFO HRMS - state name is Approved
2023-02-20 13:16:31,731 [main] INFO HRMS - Search the WorkLocation Code Name 
2023-02-20 13:17:12,347 [main] INFO HRMS - Unable to edit the flow
2023-02-20 13:17:20,640 [main] INFO HRMS -  DATA CHECK 
2023-02-20 13:17:21,829 [main] INFO HRMS - Verified new data saved!! -> Saved Successfully
2023-02-20 13:17:30,183 [main] INFO HRMS -  NEGATIVE DATA CHECK 
2023-02-20 13:17:31,241 [main] INFO HRMS - Negative data check  : Enter work Location Code
2023-02-20 13:17:31,243 [main] INFO HRMS -  RESET BUTTON CHECK 
2023-02-20 13:17:32,532 [main] INFO HRMS - Reset button successfully worked
2023-02-20 13:17:33,038 [main] INFO HRMS - TABLE DATA VALIDATION  CHECK 
2023-02-20 13:17:56,042 [main] INFO HRMS - location code is not shown in the Table data
