2023-02-14 11:29:07,025 - HRMS -INFO - ************** DATA CHECK **************
2023-02-14 11:29:08,255 - HRMS -INFO - Duplicate check!! Internal Error, Please contact Admin!!!
2023-02-14 11:29:08,564 - HRMS -INFO - ************** NEGATIVE DATA CHECK **************
2023-02-14 11:29:09,617 - HRMS -INFO - Negative data checkPlease enter Country Name
2023-02-14 11:29:10,228 - HRMS -INFO - ************** RESET BUTTON CHECK **************
2023-02-14 11:29:10,332 - HRMS -INFO - Reset button successfully worked
2023-02-14 11:29:11,481 - HRMS -INFO - ************** TABLE DATA VALIDATION  CHECK **************
2023-02-14 11:29:12,164 - HRMS -INFO - country name is Approved
2023-02-14 11:30:46,234 - HRMS -INFO - ************** DATA CHECK **************
2023-02-14 11:30:47,468 - HRMS -INFO - Duplicate check!! Internal Error, Please contact Admin!!!
2023-02-14 11:30:47,750 - HRMS -INFO - ************** NEGATIVE DATA CHECK **************
2023-02-14 11:30:48,813 - HRMS -INFO - Negative data checkPlease enter Country Name
2023-02-14 11:30:49,448 - HRMS -INFO - ************** RESET BUTTON CHECK **************
2023-02-14 11:30:49,595 - HRMS -INFO - Reset button successfully worked
2023-02-14 11:30:50,763 - HRMS -INFO - ************** TABLE DATA VALIDATION  CHECK **************
2023-02-14 11:30:51,448 - HRMS -INFO - country name is Approved
2023-02-14 11:39:29,512 - HRMS -INFO - ************** DATA CHECK **************
2023-02-14 11:39:30,711 - HRMS -INFO - Duplicate check!! Internal Error, Please contact Admin!!!
2023-02-14 11:39:31,083 - HRMS -INFO - ************** NEGATIVE DATA CHECK **************
2023-02-14 11:39:32,140 - HRMS -INFO - Negative data check  : Please enter Country Name
2023-02-14 11:39:32,747 - HRMS -INFO - ************** RESET BUTTON CHECK **************
2023-02-14 11:39:32,869 - HRMS -INFO - Reset button successfully worked
2023-02-14 11:39:34,026 - HRMS -INFO - ************** TABLE DATA VALIDATION  CHECK **************
2023-02-14 11:39:34,826 - HRMS -INFO - country name is Approved
2023-02-14 11:46:45,319 - HRMS -INFO - ************** DATA CHECK **************
2023-02-14 11:46:48,806 - HRMS -INFO - Duplicate check!! Internal Error, Please contact Admin!!!
2023-02-14 11:46:49,053 - HRMS -INFO - ************** NEGATIVE DATA CHECK **************
2023-02-14 11:46:50,140 - HRMS -INFO - Negative data check  : Please enter Country Name
2023-02-14 11:46:50,235 - HRMS -INFO - ************** RESET BUTTON CHECK **************
2023-02-14 11:46:50,337 - HRMS -INFO - Reset button successfully worked
2023-02-14 12:06:09,367 - HRMS -INFO - ************** DATA CHECK **************
2023-02-14 12:06:10,630 - HRMS -INFO - Duplicate check!! Internal Error, Please contact Admin!!!
2023-02-14 12:06:10,880 - HRMS -INFO - ************** NEGATIVE DATA CHECK **************
2023-02-14 12:06:11,947 - HRMS -INFO - Negative data check  : Please enter Country Name
2023-02-14 12:06:12,028 - HRMS -INFO - ************** RESET BUTTON CHECK **************
2023-02-14 12:06:12,118 - HRMS -INFO - Reset button successfully worked
2023-02-14 12:06:12,521 - HRMS -INFO - ************** TABLE DATA VALIDATION  CHECK **************
2023-02-14 12:06:12,771 - HRMS -INFO - country name is Approved
2023-02-14 12:14:12,463 - HRMS -INFO - ************** Search the Country Name **************
2023-02-14 12:14:12,720 - HRMS -INFO - **************Search Country Name  is : **************Rusia 
2023-02-14 12:18:32,177 - HRMS -INFO - ************** Search the Country Name **************
2023-02-14 12:18:32,422 - HRMS -INFO - **************Search Country Name  is : Rusia ****************
2023-02-14 12:20:35,540 - HRMS -INFO - ************** Search the Country Name **************
2023-02-14 12:20:35,720 - HRMS -INFO - **************Search Country Name  is : Rusia ****************
2023-02-14 12:21:12,861 - HRMS -INFO - ************** Search the Country Name **************
2023-02-14 12:21:13,028 - HRMS -INFO - **************Search Country Name  is : Rusia ****************
2023-02-14 12:23:06,507 - HRMS -INFO - ************** Search the Country Name **************
2023-02-14 12:23:06,707 - HRMS -INFO - **************Search Country Name  is : Rusia ****************
2023-02-14 12:51:37,593 - HRMS -INFO - ************** DATA CHECK **************
2023-02-14 12:51:38,876 - HRMS -INFO - Duplicate check!! Internal Error, Please contact Admin!!!
2023-02-14 12:51:39,175 - HRMS -INFO - ************** NEGATIVE DATA CHECK **************
2023-02-14 12:51:40,239 - HRMS -INFO - Negative data check  : Please enter Country Name
2023-02-14 12:51:40,312 - HRMS -INFO - ************** RESET BUTTON CHECK **************
2023-02-14 12:51:40,424 - HRMS -INFO - Reset button successfully worked
2023-02-14 12:54:13,235 - HRMS -INFO - ************** DATA CHECK **************
2023-02-14 12:54:14,469 - HRMS -INFO - Duplicate check!! Internal Error, Please contact Admin!!!
2023-02-14 12:54:15,232 - HRMS -INFO - ************** NEGATIVE DATA CHECK **************
2023-02-14 12:54:16,336 - HRMS -INFO - Negative data check  : Please enter Country Name
2023-02-14 12:54:16,444 - HRMS -INFO - ************** RESET BUTTON CHECK **************
2023-02-14 12:54:16,569 - HRMS -INFO - Reset button successfully worked
2023-02-14 12:59:07,729 - HRMS -INFO - ************** DATA CHECK **************
2023-02-14 12:59:08,902 - HRMS -INFO - Duplicate check!! Internal Error, Please contact Admin!!!
2023-02-14 12:59:09,680 - HRMS -INFO - ************** NEGATIVE DATA CHECK **************
2023-02-14 12:59:10,726 - HRMS -INFO - Negative data check  : Please enter Country Name
2023-02-14 12:59:10,836 - HRMS -INFO - ************** RESET BUTTON CHECK **************
2023-02-14 12:59:10,966 - HRMS -INFO - Reset button successfully worked
2023-02-14 12:59:14,346 - HRMS -INFO - ************** TABLE DATA VALIDATION  CHECK **************
2023-02-14 12:59:14,562 - HRMS -INFO - country name is Approved
2023-02-14 13:00:24,390 - HRMS -INFO - ************** DATA CHECK **************
2023-02-14 13:00:25,650 - HRMS -INFO - Duplicate check!! Internal Error, Please contact Admin!!!
2023-02-14 13:00:30,843 - HRMS -INFO - ************** NEGATIVE DATA CHECK **************
2023-02-14 13:00:31,900 - HRMS -INFO - Negative data check  : Please enter Country Name
2023-02-14 13:00:31,977 - HRMS -INFO - ************** RESET BUTTON CHECK **************
2023-02-14 13:00:32,081 - HRMS -INFO - Reset button successfully worked
2023-02-14 13:00:42,186 - HRMS -INFO - ************** TABLE DATA VALIDATION  CHECK **************
2023-02-14 13:00:42,358 - HRMS -INFO - country name is Approved
2023-02-14 13:14:37,033 - HRMS -INFO - ************** Search the Country Name **************
2023-02-14 13:14:37,289 - HRMS -INFO - **************Search Country Name  is : Rusia ****************
2023-02-14 13:14:38,060 - HRMS -INFO - **************Edit Country Name  is : Russia****************
2023-02-14 13:17:05,290 - HRMS -INFO - ************** Search the Country Name **************
2023-02-14 13:17:05,544 - HRMS -INFO - **************Search Country Name  is : Rusia ****************
2023-02-14 13:18:29,083 - HRMS -INFO - ************** Search the Country Name **************
2023-02-14 13:18:29,284 - HRMS -INFO - **************Search Country Name  is : Rusia ****************
2023-02-14 13:18:49,327 - HRMS -INFO - Unable to edit the flow
2023-02-14 14:15:08,795 - HRMS -INFO - ************** DATA CHECK **************
2023-02-14 14:15:10,026 - HRMS -INFO - Verified new data saved!! -> Saved Successfully
2023-02-14 14:15:11,141 - HRMS -INFO - ************** NEGATIVE DATA CHECK **************
2023-02-14 14:15:12,282 - HRMS -INFO - Negative data check  : Please enter state
2023-02-14 14:15:12,283 - HRMS -INFO - ************** RESET BUTTON CHECK **************
2023-02-14 14:15:12,629 - HRMS -INFO - Reset button successfully worked
2023-02-14 14:22:03,347 - HRMS -INFO - ************** DATA CHECK **************
2023-02-14 14:22:04,555 - HRMS -INFO - Duplicate check!! Internal Error, Please contact Admin!!!
2023-02-14 14:22:05,669 - HRMS -INFO - ************** NEGATIVE DATA CHECK **************
2023-02-14 14:22:06,765 - HRMS -INFO - Negative data check  : Please enter state
2023-02-14 14:22:06,767 - HRMS -INFO - ************** RESET BUTTON CHECK **************
2023-02-14 14:22:07,167 - HRMS -INFO - Reset button successfully worked
2023-02-14 14:22:08,435 - HRMS -INFO - ************** TABLE DATA VALIDATION  CHECK **************
2023-02-14 14:22:08,704 - HRMS -INFO - state name is not shown in the Table data
2023-02-14 14:26:09,833 - HRMS -INFO - ************** DATA CHECK **************
2023-02-14 14:26:11,035 - HRMS -INFO - Duplicate check!! Internal Error, Please contact Admin!!!
2023-02-14 14:26:12,175 - HRMS -INFO - ************** NEGATIVE DATA CHECK **************
2023-02-14 14:26:13,275 - HRMS -INFO - Negative data check  : Please enter state
2023-02-14 14:26:13,276 - HRMS -INFO - ************** RESET BUTTON CHECK **************
2023-02-14 14:26:13,637 - HRMS -INFO - Reset button successfully worked
2023-02-14 14:26:14,925 - HRMS -INFO - ************** TABLE DATA VALIDATION  CHECK **************
2023-02-14 14:26:15,244 - HRMS -INFO - state name is not shown in the Table data
2023-02-14 14:28:21,964 - HRMS -INFO - ************** DATA CHECK **************
2023-02-14 14:28:23,186 - HRMS -INFO - Duplicate check!! Internal Error, Please contact Admin!!!
2023-02-14 14:28:24,198 - HRMS -INFO - ************** NEGATIVE DATA CHECK **************
2023-02-14 14:28:25,282 - HRMS -INFO - Negative data check  : Please enter state
2023-02-14 14:28:25,283 - HRMS -INFO - ************** RESET BUTTON CHECK **************
2023-02-14 14:28:25,692 - HRMS -INFO - Reset button successfully worked
2023-02-14 14:28:29,073 - HRMS -INFO - ************** TABLE DATA VALIDATION  CHECK **************
2023-02-14 14:28:29,395 - HRMS -INFO - state name is not shown in the Table data
2023-02-14 14:30:48,839 - HRMS -INFO - ************** DATA CHECK **************
2023-02-14 14:30:50,417 - HRMS -INFO - Duplicate check!! Internal Error, Please contact Admin!!!
2023-02-14 14:30:51,536 - HRMS -INFO - ************** NEGATIVE DATA CHECK **************
2023-02-14 14:30:52,619 - HRMS -INFO - Negative data check  : Please enter state
2023-02-14 14:30:52,621 - HRMS -INFO - ************** RESET BUTTON CHECK **************
2023-02-14 14:30:53,015 - HRMS -INFO - Reset button successfully worked
2023-02-14 14:32:28,677 - HRMS -INFO - ************** DATA CHECK **************
2023-02-14 14:32:30,022 - HRMS -INFO - Duplicate check!! Internal Error, Please contact Admin!!!
2023-02-14 14:32:31,094 - HRMS -INFO - ************** NEGATIVE DATA CHECK **************
2023-02-14 14:32:32,177 - HRMS -INFO - Negative data check  : Please enter state
2023-02-14 14:32:32,178 - HRMS -INFO - ************** RESET BUTTON CHECK **************
2023-02-14 14:32:32,622 - HRMS -INFO - Reset button successfully worked
2023-02-14 14:32:33,829 - HRMS -INFO - ************** TABLE DATA VALIDATION  CHECK **************
2023-02-14 14:32:34,100 - HRMS -INFO - state name is not shown in the Table data
2023-02-14 14:34:56,775 - HRMS -INFO - ************** DATA CHECK **************
2023-02-14 14:34:58,029 - HRMS -INFO - Duplicate check!! Internal Error, Please contact Admin!!!
2023-02-14 14:34:59,115 - HRMS -INFO - ************** NEGATIVE DATA CHECK **************
2023-02-14 14:35:00,218 - HRMS -INFO - Negative data check  : Please enter state
2023-02-14 14:35:00,219 - HRMS -INFO - ************** RESET BUTTON CHECK **************
2023-02-14 14:35:00,649 - HRMS -INFO - Reset button successfully worked
2023-02-14 14:35:01,918 - HRMS -INFO - ************** TABLE DATA VALIDATION  CHECK **************
2023-02-14 14:35:02,697 - HRMS -INFO - state name is not shown in the Table data
2023-02-14 14:37:45,892 - HRMS -INFO - ************** DATA CHECK **************
2023-02-14 14:37:47,100 - HRMS -INFO - Duplicate check!! Internal Error, Please contact Admin!!!
2023-02-14 14:37:48,207 - HRMS -INFO - ************** NEGATIVE DATA CHECK **************
2023-02-14 14:37:49,299 - HRMS -INFO - Negative data check  : Please enter state
2023-02-14 14:37:49,299 - HRMS -INFO - ************** RESET BUTTON CHECK **************
2023-02-14 14:37:49,680 - HRMS -INFO - Reset button successfully worked
2023-02-14 14:37:50,899 - HRMS -INFO - ************** TABLE DATA VALIDATION  CHECK **************
2023-02-14 14:37:51,649 - HRMS -INFO - state name is not shown in the Table data
2023-02-14 14:39:42,516 - HRMS -INFO - ************** DATA CHECK **************
2023-02-14 14:39:43,783 - HRMS -INFO - Duplicate check!! Internal Error, Please contact Admin!!!
2023-02-14 14:39:44,879 - HRMS -INFO - ************** NEGATIVE DATA CHECK **************
2023-02-14 14:39:45,979 - HRMS -INFO - Negative data check  : Please enter state
2023-02-14 14:39:45,980 - HRMS -INFO - ************** RESET BUTTON CHECK **************
2023-02-14 14:39:46,473 - HRMS -INFO - Reset button successfully worked
2023-02-14 14:39:47,723 - HRMS -INFO - ************** TABLE DATA VALIDATION  CHECK **************
2023-02-14 14:39:49,032 - HRMS -INFO - state name is not shown in the Table data
2023-02-14 14:46:21,974 - HRMS -INFO - ************** DATA CHECK **************
2023-02-14 14:46:23,227 - HRMS -INFO - Duplicate check!! Internal Error, Please contact Admin!!!
2023-02-14 14:46:24,309 - HRMS -INFO - ************** NEGATIVE DATA CHECK **************
2023-02-14 14:46:25,394 - HRMS -INFO - Negative data check  : Please enter state
2023-02-14 14:46:25,395 - HRMS -INFO - ************** RESET BUTTON CHECK **************
2023-02-14 14:46:25,809 - HRMS -INFO - Reset button successfully worked
2023-02-14 14:46:27,033 - HRMS -INFO - ************** TABLE DATA VALIDATION  CHECK **************
2023-02-14 14:47:34,655 - HRMS -INFO - ************** DATA CHECK **************
2023-02-14 14:47:36,364 - HRMS -INFO - Duplicate check!! Internal Error, Please contact Admin!!!
2023-02-14 14:47:37,788 - HRMS -INFO - ************** NEGATIVE DATA CHECK **************
2023-02-14 14:47:38,870 - HRMS -INFO - Negative data check  : Please enter state
2023-02-14 14:47:38,872 - HRMS -INFO - ************** RESET BUTTON CHECK **************
2023-02-14 14:47:39,332 - HRMS -INFO - Reset button successfully worked
2023-02-14 14:47:40,752 - HRMS -INFO - ************** TABLE DATA VALIDATION  CHECK **************
2023-02-14 14:47:41,610 - HRMS -INFO - state name is Approved
2023-02-14 14:49:29,624 - HRMS -INFO - ************** DATA CHECK **************
2023-02-14 14:49:30,878 - HRMS -INFO - Duplicate check!! Internal Error, Please contact Admin!!!
2023-02-14 14:49:32,120 - HRMS -INFO - ************** NEGATIVE DATA CHECK **************
2023-02-14 14:49:33,217 - HRMS -INFO - Negative data check  : Please enter state
2023-02-14 14:49:33,218 - HRMS -INFO - ************** RESET BUTTON CHECK **************
2023-02-14 14:49:33,721 - HRMS -INFO - Reset button successfully worked
2023-02-14 14:49:35,002 - HRMS -INFO - ************** TABLE DATA VALIDATION  CHECK **************
2023-02-14 14:49:35,761 - HRMS -INFO - state name is not shown in the Table data
2023-02-14 14:50:17,431 - HRMS -INFO - ************** DATA CHECK **************
2023-02-14 14:50:18,703 - HRMS -INFO - Duplicate check!! Internal Error, Please contact Admin!!!
2023-02-14 14:50:19,700 - HRMS -INFO - ************** NEGATIVE DATA CHECK **************
2023-02-14 14:50:20,789 - HRMS -INFO - Negative data check  : Please enter Country Name
2023-02-14 14:50:21,005 - HRMS -INFO - ************** RESET BUTTON CHECK **************
2023-02-14 14:50:21,147 - HRMS -INFO - Reset button successfully worked
2023-02-14 14:50:22,422 - HRMS -INFO - ************** TABLE DATA VALIDATION  CHECK **************
2023-02-14 14:50:22,805 - HRMS -INFO - country name is Approved
2023-02-14 15:03:01,328 - HRMS -INFO - ************** DATA CHECK **************
2023-02-14 15:03:02,577 - HRMS -INFO - Duplicate check!! Internal Error, Please contact Admin!!!
2023-02-14 15:03:03,798 - HRMS -INFO - ************** NEGATIVE DATA CHECK **************
2023-02-14 15:03:04,889 - HRMS -INFO - Negative data check  : Please enter state
2023-02-14 15:03:04,890 - HRMS -INFO - ************** RESET BUTTON CHECK **************
2023-02-14 15:03:05,400 - HRMS -INFO - Reset button successfully worked
2023-02-14 15:03:06,612 - HRMS -INFO - ************** TABLE DATA VALIDATION  CHECK **************
2023-02-14 15:15:49,851 - HRMS -INFO - ************** DATA CHECK **************
2023-02-14 15:15:51,082 - HRMS -INFO - Duplicate check!! Internal Error, Please contact Admin!!!
2023-02-14 15:15:52,230 - HRMS -INFO - ************** NEGATIVE DATA CHECK **************
2023-02-14 15:15:53,315 - HRMS -INFO - Negative data check  : Please enter state
2023-02-14 15:15:53,317 - HRMS -INFO - ************** RESET BUTTON CHECK **************
2023-02-14 15:15:53,708 - HRMS -INFO - Reset button successfully worked
2023-02-14 15:15:54,900 - HRMS -INFO - ************** TABLE DATA VALIDATION  CHECK **************
2023-02-14 15:15:55,674 - HRMS -INFO - state name is Approved
2023-02-14 15:45:55,361 - HRMS -INFO - ************** DATA CHECK **************
2023-02-14 15:45:56,586 - HRMS -INFO - Duplicate check!! Internal Error, Please contact Admin!!!
2023-02-14 15:45:57,392 - HRMS -INFO - ************** NEGATIVE DATA CHECK **************
2023-02-14 15:45:58,453 - HRMS -INFO - Negative data check  : Please enter Country Name
2023-02-14 15:45:58,537 - HRMS -INFO - ************** RESET BUTTON CHECK **************
2023-02-14 15:45:58,663 - HRMS -INFO - Reset button successfully worked
2023-02-14 15:45:59,867 - HRMS -INFO - ************** TABLE DATA VALIDATION  CHECK **************
2023-02-14 15:46:00,058 - HRMS -INFO - country name is Approved
2023-02-14 15:46:44,480 - HRMS -INFO - Unable to edit the flow
2023-02-14 15:48:08,055 - HRMS -INFO - ************** Search the Country Name **************
2023-02-14 15:48:08,253 - HRMS -INFO - **************Search Country Name  is : Rusia ****************
2023-02-14 15:48:28,320 - HRMS -INFO - Unable to edit the flow
2023-02-14 15:48:30,149 - HRMS -INFO - ************** DATA CHECK **************
2023-02-14 15:48:31,338 - HRMS -INFO - Duplicate check!! Internal Error, Please contact Admin!!!
2023-02-14 15:48:32,123 - HRMS -INFO - ************** NEGATIVE DATA CHECK **************
2023-02-14 15:48:33,184 - HRMS -INFO - Negative data check  : Please enter Country Name
2023-02-14 15:48:33,271 - HRMS -INFO - ************** RESET BUTTON CHECK **************
2023-02-14 15:48:33,386 - HRMS -INFO - Reset button successfully worked
2023-02-14 15:48:34,548 - HRMS -INFO - ************** TABLE DATA VALIDATION  CHECK **************
2023-02-14 15:48:34,705 - HRMS -INFO - country name is Approved
2023-02-14 15:48:37,271 - HRMS -INFO - Unable to edit the flow
2023-02-14 15:50:54,557 - HRMS -INFO - ************** DATA CHECK **************
2023-02-14 15:50:55,768 - HRMS -INFO - Duplicate check!! Internal Error, Please contact Admin!!!
2023-02-14 15:50:56,606 - HRMS -INFO - ************** NEGATIVE DATA CHECK **************
2023-02-14 15:50:57,670 - HRMS -INFO - Negative data check  : Please enter Country Name
2023-02-14 15:50:57,763 - HRMS -INFO - ************** RESET BUTTON CHECK **************
2023-02-14 15:50:57,919 - HRMS -INFO - Reset button successfully worked
2023-02-14 15:50:59,126 - HRMS -INFO - ************** TABLE DATA VALIDATION  CHECK **************
2023-02-14 15:50:59,330 - HRMS -INFO - country name is Approved
2023-02-14 15:51:00,343 - HRMS -INFO - ************** Search the Country Name **************
2023-02-14 15:51:00,559 - HRMS -INFO - **************Search Country Name  is : Rusia ****************
2023-02-14 15:51:20,617 - HRMS -INFO - Unable to edit the flow
2023-02-14 15:51:23,882 - HRMS -INFO - ************** DATA CHECK **************
2023-02-14 15:51:25,225 - HRMS -INFO - Duplicate check!! Internal Error, Please contact Admin!!!
2023-02-14 15:51:26,174 - HRMS -INFO - ************** NEGATIVE DATA CHECK **************
2023-02-14 15:51:27,224 - HRMS -INFO - Negative data check  : Please enter state
2023-02-14 15:51:27,225 - HRMS -INFO - ************** RESET BUTTON CHECK **************
2023-02-14 15:51:27,527 - HRMS -INFO - Reset button successfully worked
2023-02-14 15:51:29,059 - HRMS -INFO - ************** TABLE DATA VALIDATION  CHECK **************
2023-02-14 15:51:29,756 - HRMS -INFO - state name is Approved
2023-02-14 15:51:31,446 - HRMS -INFO - Unable to edit the flow
2023-02-14 16:20:38,771 - HRMS -INFO - ************** Search the Country Name **************
2023-02-14 16:20:39,259 - HRMS -INFO - **************Search Country Name  is : Rusia ****************
2023-02-14 16:20:59,312 - HRMS -INFO - Unable to edit the flow
2023-02-14 16:21:02,580 - HRMS -INFO - Unable to edit the flow
2023-02-14 16:21:05,777 - HRMS -INFO - ************** DATA CHECK **************
2023-02-14 16:21:07,013 - HRMS -INFO - Duplicate check!! Internal Error, Please contact Admin!!!
2023-02-14 16:21:07,968 - HRMS -INFO - ************** NEGATIVE DATA CHECK **************
2023-02-14 16:21:09,048 - HRMS -INFO - Negative data check  : Please enter state
2023-02-14 16:21:09,049 - HRMS -INFO - ************** RESET BUTTON CHECK **************
2023-02-14 16:21:09,406 - HRMS -INFO - Reset button successfully worked
2023-02-14 16:21:10,563 - HRMS -INFO - ************** TABLE DATA VALIDATION  CHECK **************
2023-02-14 16:21:11,240 - HRMS -INFO - state name is Approved
<<<<<<< HEAD
2023-02-17 10:49:18,293 - HRMS -INFO -  DATA CHECK 
2023-02-17 10:49:19,502 - HRMS -INFO - Duplicate check!! Internal Error, Please contact Admin!!!
2023-02-17 10:49:20,252 - HRMS -INFO - NEGATIVE DATA CHECK
2023-02-17 10:49:21,326 - HRMS -INFO - Negative data check  : Please enter Country Name
2023-02-17 10:49:21,401 - HRMS -INFO -  RESET BUTTON CHECK 
2023-02-17 10:49:21,494 - HRMS -INFO - Reset button successfully worked
2023-02-17 10:49:22,660 - HRMS -INFO -  TABLE DATA VALIDATION  CHECK 
2023-02-17 10:49:22,813 - HRMS -INFO - country name is Approved
2023-02-17 10:57:27,248 - HRMS -INFO -  DATA CHECK 
2023-02-17 10:57:28,452 - HRMS -INFO - Duplicate check!! Internal Error, Please contact Admin!!!
2023-02-17 10:57:29,286 - HRMS -INFO -  NEGATIVE DATA CHECK 
2023-02-17 10:57:30,349 - HRMS -INFO - Negative data check  : Please enter state
2023-02-17 10:57:30,350 - HRMS -INFO -  RESET BUTTON CHECK 
2023-02-17 10:57:30,591 - HRMS -INFO - Reset button successfully worked
2023-02-17 10:57:31,731 - HRMS -INFO - TABLE DATA VALIDATION  CHECK 
2023-02-17 10:57:32,390 - HRMS -INFO - state name is Approved
2023-02-17 10:58:18,367 - HRMS -INFO -  DATA CHECK 
2023-02-17 10:58:19,655 - HRMS -INFO - Duplicate check!! Internal Error, Please contact Admin!!!
2023-02-17 10:58:20,377 - HRMS -INFO - NEGATIVE DATA CHECK
2023-02-17 10:58:21,454 - HRMS -INFO - Negative data check  : Please enter Country Name
2023-02-17 10:58:21,543 - HRMS -INFO -  RESET BUTTON CHECK 
2023-02-17 10:58:21,628 - HRMS -INFO - Reset button successfully worked
2023-02-17 10:58:22,757 - HRMS -INFO -  TABLE DATA VALIDATION  CHECK 
2023-02-17 10:58:22,870 - HRMS -INFO - country name is not shown in the Table data
2023-02-17 11:13:28,379 - HRMS -INFO - Search the Area Name 
2023-02-17 11:13:28,580 - HRMS -INFO - Search Area Name  is : Northstreet
2023-02-17 11:13:28,657 - HRMS -INFO - Unable to edit the flow
2023-02-17 11:13:33,993 - HRMS -INFO - Search the City Name 
2023-02-17 11:13:34,167 - HRMS -INFO - Search City Name  is : Mangalore
2023-02-17 11:13:34,840 - HRMS -INFO - Edit City Name  is : Mangalore
2023-02-17 11:13:42,162 - HRMS -INFO -  DATA CHECK 
2023-02-17 11:13:43,370 - HRMS -INFO - Duplicate check!! Internal Error, Please contact Admin!!!
2023-02-17 11:13:46,980 - HRMS -INFO -  NEGATIVE DATA CHECK 
2023-02-17 11:13:48,038 - HRMS -INFO - Negative data check  : Please enter city
2023-02-17 11:13:48,038 - HRMS -INFO -  RESET BUTTON CHECK 
2023-02-17 11:13:48,292 - HRMS -INFO - Reset button successfully worked
2023-02-17 11:13:48,798 - HRMS -INFO - TABLE DATA VALIDATION  CHECK 
2023-02-17 11:14:10,044 - HRMS -INFO - City name is Approved
2023-02-17 11:14:11,801 - HRMS -INFO -  Search the Country Name 
2023-02-17 11:14:11,941 - HRMS -INFO - Search Country Name  is : Rusia 
2023-02-17 11:14:31,994 - HRMS -INFO - Unable to edit the flow
2023-02-17 11:14:34,927 - HRMS -INFO -  DATA CHECK 
2023-02-17 11:14:36,118 - HRMS -INFO - Duplicate check!! Internal Error, Please contact Admin!!!
2023-02-17 11:14:36,830 - HRMS -INFO - NEGATIVE DATA CHECK
2023-02-17 11:14:37,898 - HRMS -INFO - Negative data check  : Please enter Country Name
2023-02-17 11:14:37,978 - HRMS -INFO -  RESET BUTTON CHECK 
2023-02-17 11:14:38,076 - HRMS -INFO - Reset button successfully worked
2023-02-17 11:14:39,204 - HRMS -INFO -  TABLE DATA VALIDATION  CHECK 
2023-02-17 11:14:39,302 - HRMS -INFO - country name is not shown in the Table data
2023-02-17 11:14:42,116 - HRMS -INFO - Search the State Name 
2023-02-17 11:14:42,256 - HRMS -INFO - Search State Name  is : Altai
2023-02-17 11:15:02,306 - HRMS -INFO - Unable to edit the flow
2023-02-17 11:15:06,792 - HRMS -INFO -  DATA CHECK 
2023-02-17 11:15:08,109 - HRMS -INFO - Duplicate check!! Internal Error, Please contact Admin!!!
2023-02-17 11:15:08,929 - HRMS -INFO -  NEGATIVE DATA CHECK 
2023-02-17 11:15:10,000 - HRMS -INFO - Negative data check  : Please enter state
2023-02-17 11:15:10,000 - HRMS -INFO -  RESET BUTTON CHECK 
2023-02-17 11:15:10,212 - HRMS -INFO - Reset button successfully worked
2023-02-17 11:15:11,349 - HRMS -INFO - TABLE DATA VALIDATION  CHECK 
2023-02-17 11:15:12,003 - HRMS -INFO - state name is Approved
2023-02-17 11:15:13,694 - HRMS -INFO - Unable to edit the flow
2023-02-17 11:15:22,386 - HRMS -INFO -  DATA CHECK 
2023-02-17 11:15:23,451 - HRMS -INFO - Duplicate check!! Enter work Location Name
2023-02-17 11:20:49,488 - HRMS -INFO - Search the Area Name 
2023-02-17 11:20:49,708 - HRMS -INFO - Search Area Name  is : Northstreet
2023-02-17 11:20:49,806 - HRMS -INFO - Unable to edit the flow
2023-02-17 11:20:58,840 - HRMS -INFO -  DATA CHECK 
2023-02-17 11:21:00,138 - HRMS -INFO - Duplicate check!! Internal Error, Please contact Admin!!!
2023-02-17 11:21:02,208 - HRMS -INFO -  NEGATIVE DATA CHECK 
2023-02-17 11:21:03,247 - HRMS -INFO - Negative data check  : Enter Area Name
2023-02-17 11:21:03,248 - HRMS -INFO -  RESET BUTTON CHECK 
2023-02-17 11:21:03,664 - HRMS -INFO - Reset button successfully worked
2023-02-17 11:21:04,169 - HRMS -INFO - TABLE DATA VALIDATION  CHECK 
2023-02-17 11:21:25,421 - HRMS -INFO - Area name is not shown in the Table data
2023-02-17 11:21:29,956 - HRMS -INFO - Search the City Name 
2023-02-17 11:21:30,136 - HRMS -INFO - Search City Name  is : Mangalore
2023-02-17 11:21:30,796 - HRMS -INFO - Edit City Name  is : Mangalore
2023-02-17 11:21:35,406 - HRMS -INFO -  Search the Country Name 
2023-02-17 11:21:35,545 - HRMS -INFO - Search Country Name  is : Rusia 
2023-02-17 11:21:55,609 - HRMS -INFO - Unable to edit the flow
2023-02-17 11:21:59,537 - HRMS -INFO - Search the State Name 
2023-02-17 11:21:59,673 - HRMS -INFO - Search State Name  is : Altai
2023-02-17 11:22:19,705 - HRMS -INFO - Unable to edit the flow
2023-02-17 11:22:24,003 - HRMS -INFO -  DATA CHECK 
2023-02-17 11:22:25,190 - HRMS -INFO - Duplicate check!! Internal Error, Please contact Admin!!!
2023-02-17 11:22:25,989 - HRMS -INFO -  NEGATIVE DATA CHECK 
2023-02-17 11:22:27,059 - HRMS -INFO - Negative data check  : Please enter state
2023-02-17 11:22:27,059 - HRMS -INFO -  RESET BUTTON CHECK 
2023-02-17 11:22:27,263 - HRMS -INFO - Reset button successfully worked
2023-02-17 11:22:28,377 - HRMS -INFO - TABLE DATA VALIDATION  CHECK 
2023-02-17 11:22:29,029 - HRMS -INFO - state name is Approved
2023-02-17 11:22:30,729 - HRMS -INFO - Search the WorkLocation Code Name 
2023-02-17 11:23:11,312 - HRMS -INFO - Unable to edit the flow
2023-02-17 11:23:19,445 - HRMS -INFO -  DATA CHECK 
2023-02-17 11:23:20,518 - HRMS -INFO - Duplicate check!! Enter work Location Name
2023-02-17 11:49:14,771 - HRMS -INFO - Unable to edit the flow
2023-02-17 11:49:19,723 - HRMS -INFO - Search the City Name 
2023-02-17 11:49:19,920 - HRMS -INFO - Search City Name  is : Mangalore
2023-02-17 11:49:20,625 - HRMS -INFO - Edit City Name  is : Mangalore
2023-02-17 11:49:28,061 - HRMS -INFO -  DATA CHECK 
2023-02-17 11:49:29,322 - HRMS -INFO - Duplicate check!! Internal Error, Please contact Admin!!!
2023-02-17 11:49:30,783 - HRMS -INFO -  NEGATIVE DATA CHECK 
2023-02-17 11:49:31,854 - HRMS -INFO - Negative data check  : Please enter city
2023-02-17 11:49:31,856 - HRMS -INFO -  RESET BUTTON CHECK 
2023-02-17 11:49:32,124 - HRMS -INFO - Reset button successfully worked
2023-02-17 11:49:32,630 - HRMS -INFO - TABLE DATA VALIDATION  CHECK 
2023-02-17 11:49:53,853 - HRMS -INFO - City name is Approved
2023-02-17 11:49:55,625 - HRMS -INFO -  Search the Country Name 
2023-02-17 11:49:55,767 - HRMS -INFO - Search Country Name  is : Rusia 
2023-02-17 11:50:15,836 - HRMS -INFO - Unable to edit the flow
2023-02-17 11:50:20,335 - HRMS -INFO - Search the State Name 
2023-02-17 11:50:20,537 - HRMS -INFO - Search State Name  is : Altai
2023-02-17 11:50:40,572 - HRMS -INFO - Unable to edit the flow
2023-02-17 11:50:44,912 - HRMS -INFO -  DATA CHECK 
2023-02-17 11:50:46,140 - HRMS -INFO - Duplicate check!! Internal Error, Please contact Admin!!!
2023-02-17 11:50:46,946 - HRMS -INFO -  NEGATIVE DATA CHECK 
2023-02-17 11:50:47,993 - HRMS -INFO - Negative data check  : Please enter state
2023-02-17 11:50:47,994 - HRMS -INFO -  RESET BUTTON CHECK 
2023-02-17 11:50:48,249 - HRMS -INFO - Reset button successfully worked
2023-02-17 11:50:49,382 - HRMS -INFO - TABLE DATA VALIDATION  CHECK 
2023-02-17 11:50:50,040 - HRMS -INFO - state name is Approved
2023-02-17 11:50:51,867 - HRMS -INFO - Search the WorkLocation Code Name 
2023-02-17 11:51:32,451 - HRMS -INFO - Unable to edit the flow
2023-02-17 11:51:40,567 - HRMS -INFO -  DATA CHECK 
2023-02-17 11:51:41,622 - HRMS -INFO - Duplicate check!! Enter work Location Name
2023-02-17 11:56:15,421 - HRMS -INFO - Search the Area Name 
2023-02-17 11:56:15,734 - HRMS -INFO - Search Area Name  is : Northstreet
2023-02-17 11:56:15,872 - HRMS -INFO - Unable to edit the flow
2023-02-17 11:56:23,155 - HRMS -INFO -  DATA CHECK 
2023-02-17 11:56:24,358 - HRMS -INFO - Duplicate check!! Internal Error, Please contact Admin!!!
2023-02-17 11:56:26,441 - HRMS -INFO -  NEGATIVE DATA CHECK 
2023-02-17 11:56:27,522 - HRMS -INFO - Negative data check  : Enter Area Name
2023-02-17 11:56:27,523 - HRMS -INFO -  RESET BUTTON CHECK 
2023-02-17 11:56:27,829 - HRMS -INFO - Reset button successfully worked
2023-02-17 11:56:28,343 - HRMS -INFO - TABLE DATA VALIDATION  CHECK 
2023-02-17 11:56:49,623 - HRMS -INFO - Area name is not shown in the Table data
2023-02-17 11:56:51,381 - HRMS -INFO - Unable to edit the flow
2023-02-17 11:56:59,337 - HRMS -INFO -  DATA CHECK 
2023-02-17 11:57:00,582 - HRMS -INFO - Duplicate check!! Internal Error, Please contact Admin!!!
2023-02-17 11:57:02,014 - HRMS -INFO -  NEGATIVE DATA CHECK 
2023-02-17 11:57:03,069 - HRMS -INFO - Negative data check  : Please enter city
2023-02-17 11:57:03,073 - HRMS -INFO -  RESET BUTTON CHECK 
2023-02-17 11:57:03,341 - HRMS -INFO - Reset button successfully worked
2023-02-17 11:57:03,849 - HRMS -INFO - TABLE DATA VALIDATION  CHECK 
2023-02-17 11:57:25,027 - HRMS -INFO - City name is Approved
2023-02-17 11:57:26,764 - HRMS -INFO -  Search the Country Name 
2023-02-17 11:57:26,911 - HRMS -INFO - Search Country Name  is : Rusia 
2023-02-17 11:57:46,982 - HRMS -INFO - Unable to edit the flow
2023-02-17 11:57:51,147 - HRMS -INFO - Search the State Name 
2023-02-17 11:57:51,262 - HRMS -INFO - Search State Name  is : Altai
2023-02-17 11:58:11,324 - HRMS -INFO - Unable to edit the flow
2023-02-17 11:58:15,650 - HRMS -INFO -  DATA CHECK 
2023-02-17 11:58:16,869 - HRMS -INFO - Duplicate check!! Internal Error, Please contact Admin!!!
2023-02-17 11:58:20,958 - HRMS -INFO - Search the WorkLocation Code Name 
2023-02-17 11:59:01,596 - HRMS -INFO - Unable to edit the flow
2023-02-17 11:59:11,769 - HRMS -INFO -  DATA CHECK 
2023-02-17 11:59:12,842 - HRMS -INFO - Duplicate check!! Enter work Location Name
=======
2023-02-16 10:16:46,189 - HRMS -INFO -  Search the Country Name 
2023-02-16 10:16:46,419 - HRMS -INFO - Search Country Name  is : Rusia 
2023-02-16 10:17:06,467 - HRMS -INFO - Unable to edit the flow
2023-02-16 10:17:08,517 - HRMS -INFO -  DATA CHECK 
2023-02-16 10:17:10,163 - HRMS -INFO - Duplicate check!! Internal Error, Please contact Admin!!!
2023-02-16 10:17:11,028 - HRMS -INFO - NEGATIVE DATA CHECK
2023-02-16 10:17:12,118 - HRMS -INFO - Negative data check  : Please enter Country Name
2023-02-16 10:17:12,258 - HRMS -INFO -  RESET BUTTON CHECK 
2023-02-16 10:17:12,392 - HRMS -INFO - Reset button successfully worked
2023-02-16 10:17:13,580 - HRMS -INFO -  TABLE DATA VALIDATION  CHECK 
2023-02-16 10:17:13,836 - HRMS -INFO - country name is Approved
2023-02-16 10:17:16,656 - HRMS -INFO - Unable to edit the flow
2023-02-16 10:21:22,219 - HRMS -INFO -  Search the Country Name 
2023-02-16 10:21:22,682 - HRMS -INFO - Search Country Name  is : Rusia 
2023-02-16 10:21:42,762 - HRMS -INFO - Unable to edit the flow
2023-02-16 10:21:47,711 - HRMS -INFO - Search the State Name 
2023-02-16 10:21:47,912 - HRMS -INFO - Search State Name  is : Altai
2023-02-16 10:21:48,685 - HRMS -INFO - Edit State Name  is : Altalaium
2023-02-16 10:21:53,600 - HRMS -INFO -  DATA CHECK 
2023-02-16 10:21:54,701 - HRMS -INFO - Duplicate check!! Data updated successfully
2023-02-16 10:21:55,659 - HRMS -INFO -  NEGATIVE DATA CHECK 
2023-02-16 10:21:56,716 - HRMS -INFO - Negative data check  : Please enter state
2023-02-16 10:21:56,717 - HRMS -INFO -  RESET BUTTON CHECK 
2023-02-16 10:21:56,995 - HRMS -INFO - Reset button successfully worked
2023-02-16 10:21:58,283 - HRMS -INFO - TABLE DATA VALIDATION  CHECK 
2023-02-16 10:21:59,016 - HRMS -INFO - state name is Approved
2023-02-16 10:23:55,871 - HRMS -INFO -  Search the Country Name 
2023-02-16 10:23:56,115 - HRMS -INFO - Search Country Name  is : Rusia 
2023-02-16 10:24:16,261 - HRMS -INFO - Unable to edit the flow
2023-02-16 10:24:20,326 - HRMS -INFO - Search the State Name 
2023-02-16 10:24:20,515 - HRMS -INFO - Search State Name  is : Altai
2023-02-16 10:24:40,585 - HRMS -INFO - Unable to edit the flow
2023-02-16 10:24:47,235 - HRMS -INFO -  DATA CHECK 
2023-02-16 10:24:48,659 - HRMS -INFO - Duplicate check!! Internal Error, Please contact Admin!!!
2023-02-16 10:24:49,537 - HRMS -INFO -  NEGATIVE DATA CHECK 
2023-02-16 10:24:50,652 - HRMS -INFO - Negative data check  : Please enter state
2023-02-16 10:24:50,652 - HRMS -INFO -  RESET BUTTON CHECK 
2023-02-16 10:24:50,965 - HRMS -INFO - Reset button successfully worked
2023-02-16 10:24:52,121 - HRMS -INFO - TABLE DATA VALIDATION  CHECK 
2023-02-16 10:24:52,862 - HRMS -INFO - state name is Approved
2023-02-16 10:26:22,531 - HRMS -INFO -  Search the Country Name 
2023-02-16 10:26:22,820 - HRMS -INFO - Search Country Name  is : Rusia 
2023-02-16 10:26:42,911 - HRMS -INFO - Unable to edit the flow
2023-02-16 10:26:45,929 - HRMS -INFO -  DATA CHECK 
2023-02-16 10:26:47,236 - HRMS -INFO - Duplicate check!! Internal Error, Please contact Admin!!!
2023-02-16 10:26:48,046 - HRMS -INFO - NEGATIVE DATA CHECK
2023-02-16 10:26:49,152 - HRMS -INFO - Negative data check  : Please enter Country Name
2023-02-16 10:26:49,776 - HRMS -INFO -  RESET BUTTON CHECK 
2023-02-16 10:26:49,877 - HRMS -INFO - Reset button successfully worked
2023-02-16 10:26:51,084 - HRMS -INFO -  TABLE DATA VALIDATION  CHECK 
2023-02-16 10:26:51,307 - HRMS -INFO - country name is Approved
2023-02-16 10:26:53,151 - HRMS -INFO - Search the State Name 
2023-02-16 10:26:53,341 - HRMS -INFO - Search State Name  is : Altai
2023-02-16 10:27:13,411 - HRMS -INFO - Unable to edit the flow
2023-02-16 10:27:17,807 - HRMS -INFO -  DATA CHECK 
2023-02-16 10:27:19,076 - HRMS -INFO - Duplicate check!! Internal Error, Please contact Admin!!!
2023-02-16 10:27:19,951 - HRMS -INFO -  NEGATIVE DATA CHECK 
2023-02-16 10:27:21,121 - HRMS -INFO - Negative data check  : Please enter state
2023-02-16 10:27:21,124 - HRMS -INFO -  RESET BUTTON CHECK 
2023-02-16 10:27:21,386 - HRMS -INFO - Reset button successfully worked
2023-02-16 10:27:22,530 - HRMS -INFO - TABLE DATA VALIDATION  CHECK 
2023-02-16 10:27:23,269 - HRMS -INFO - state name is Approved
2023-02-16 12:22:20,384 - HRMS -INFO -  DATA CHECK 
2023-02-16 12:22:22,545 - HRMS -INFO - Verified new data saved!! -> Saved Successfully
2023-02-16 12:22:24,081 - HRMS -INFO -  NEGATIVE DATA CHECK 
2023-02-16 12:22:25,168 - HRMS -INFO - Negative data check  : Please enter city
2023-02-16 12:22:25,169 - HRMS -INFO -  RESET BUTTON CHECK 
2023-02-16 12:22:25,573 - HRMS -INFO - Reset button successfully worked
2023-02-16 12:22:26,087 - HRMS -INFO - TABLE DATA VALIDATION  CHECK 
2023-02-16 12:26:19,734 - HRMS -INFO -  DATA CHECK 
2023-02-16 12:26:21,393 - HRMS -INFO - Duplicate check!! Internal Error, Please contact Admin!!!
2023-02-16 12:26:23,005 - HRMS -INFO -  NEGATIVE DATA CHECK 
2023-02-16 12:26:24,082 - HRMS -INFO - Negative data check  : Please enter city
2023-02-16 12:26:24,084 - HRMS -INFO -  RESET BUTTON CHECK 
2023-02-16 12:26:24,595 - HRMS -INFO - Reset button successfully worked
2023-02-16 12:26:25,107 - HRMS -INFO - TABLE DATA VALIDATION  CHECK 
2023-02-16 12:30:15,063 - HRMS -INFO -  DATA CHECK 
2023-02-16 12:30:16,266 - HRMS -INFO - Duplicate check!! Internal Error, Please contact Admin!!!
2023-02-16 12:30:17,791 - HRMS -INFO -  NEGATIVE DATA CHECK 
2023-02-16 12:30:18,862 - HRMS -INFO - Negative data check  : Please enter city
2023-02-16 12:30:18,863 - HRMS -INFO -  RESET BUTTON CHECK 
2023-02-16 12:30:19,207 - HRMS -INFO - Reset button successfully worked
2023-02-16 12:30:19,713 - HRMS -INFO - TABLE DATA VALIDATION  CHECK 
2023-02-16 12:36:27,221 - HRMS -INFO -  DATA CHECK 
2023-02-16 12:36:28,443 - HRMS -INFO - Duplicate check!! Internal Error, Please contact Admin!!!
2023-02-16 12:36:29,979 - HRMS -INFO -  NEGATIVE DATA CHECK 
2023-02-16 12:36:31,109 - HRMS -INFO - Negative data check  : Please enter city
2023-02-16 12:36:31,111 - HRMS -INFO -  RESET BUTTON CHECK 
2023-02-16 12:36:31,456 - HRMS -INFO - Reset button successfully worked
2023-02-16 12:36:31,969 - HRMS -INFO - TABLE DATA VALIDATION  CHECK 
2023-02-16 12:36:53,236 - HRMS -INFO - City name is not shown in the Table data
2023-02-16 12:40:29,794 - HRMS -INFO -  DATA CHECK 
2023-02-16 12:40:31,414 - HRMS -INFO - Duplicate check!! Internal Error, Please contact Admin!!!
2023-02-16 12:40:33,316 - HRMS -INFO -  NEGATIVE DATA CHECK 
2023-02-16 12:40:34,382 - HRMS -INFO - Negative data check  : Please enter city
2023-02-16 12:40:34,382 - HRMS -INFO -  RESET BUTTON CHECK 
2023-02-16 12:40:34,813 - HRMS -INFO - Reset button successfully worked
2023-02-16 12:40:35,324 - HRMS -INFO - TABLE DATA VALIDATION  CHECK 
2023-02-16 12:40:56,739 - HRMS -INFO - City name is Approved
2023-02-16 12:46:35,429 - HRMS -INFO - Search the City Name 
2023-02-16 12:46:35,639 - HRMS -INFO - Search City Name  is : Mangalore
2023-02-16 12:46:56,316 - HRMS -INFO - Unable to edit the flow
2023-02-16 12:47:53,130 - HRMS -INFO - Search the City Name 
2023-02-16 12:47:53,387 - HRMS -INFO - Search City Name  is : Mangalore
2023-02-16 12:48:14,107 - HRMS -INFO - Unable to edit the flow
2023-02-16 12:50:32,517 - HRMS -INFO - Search the City Name 
2023-02-16 12:50:32,752 - HRMS -INFO - Search City Name  is : Mangalore
2023-02-16 12:50:33,867 - HRMS -INFO - Edit City Name  is : Mangalores
2023-02-16 12:51:41,835 - HRMS -INFO - Search the City Name 
2023-02-16 12:51:42,120 - HRMS -INFO - Search City Name  is : Mangalores
2023-02-16 12:51:42,893 - HRMS -INFO - Edit City Name  is : Mangalore
2023-02-16 12:52:40,345 - HRMS -INFO - Search the City Name 
2023-02-16 12:52:40,629 - HRMS -INFO - Search City Name  is : Mangalore
2023-02-16 12:52:41,506 - HRMS -INFO - Edit City Name  is : Mangalore
2023-02-16 13:20:48,899 - HRMS -INFO -  DATA CHECK 
2023-02-16 13:20:50,128 - HRMS -INFO - Verified new data saved!! -> Saved Successfully
2023-02-16 13:20:52,408 - HRMS -INFO -  NEGATIVE DATA CHECK 
2023-02-16 13:20:53,524 - HRMS -INFO - Negative data check  : Enter Area Name
2023-02-16 13:20:53,525 - HRMS -INFO -  RESET BUTTON CHECK 
2023-02-16 13:20:53,916 - HRMS -INFO - Reset button successfully worked
2023-02-16 13:20:54,430 - HRMS -INFO - TABLE DATA VALIDATION  CHECK 
2023-02-16 13:24:08,599 - HRMS -INFO -  DATA CHECK 
2023-02-16 13:24:09,995 - HRMS -INFO - Duplicate check!! Internal Error, Please contact Admin!!!
2023-02-16 13:24:12,264 - HRMS -INFO -  NEGATIVE DATA CHECK 
2023-02-16 13:24:13,351 - HRMS -INFO - Negative data check  : Enter Area Name
2023-02-16 13:24:13,352 - HRMS -INFO -  RESET BUTTON CHECK 
2023-02-16 13:24:13,775 - HRMS -INFO - Reset button successfully worked
2023-02-16 13:24:14,285 - HRMS -INFO - TABLE DATA VALIDATION  CHECK 
2023-02-16 13:27:26,526 - HRMS -INFO -  DATA CHECK 
2023-02-16 13:27:27,715 - HRMS -INFO - Duplicate check!! Internal Error, Please contact Admin!!!
2023-02-16 13:27:30,049 - HRMS -INFO -  NEGATIVE DATA CHECK 
2023-02-16 13:27:31,145 - HRMS -INFO - Negative data check  : Enter Area Name
2023-02-16 13:27:31,146 - HRMS -INFO -  RESET BUTTON CHECK 
2023-02-16 13:27:31,572 - HRMS -INFO - Reset button successfully worked
2023-02-16 13:27:32,075 - HRMS -INFO - TABLE DATA VALIDATION  CHECK 
2023-02-16 13:37:36,498 - HRMS -INFO - Search the Area Name 
2023-02-16 13:37:36,830 - HRMS -INFO - Search Area Name  is : Northstreet
2023-02-16 13:37:37,062 - HRMS -INFO - Unable to edit the flow
2023-02-16 13:39:20,999 - HRMS -INFO -  DATA CHECK 
2023-02-16 13:39:22,188 - HRMS -INFO - Duplicate check!! Internal Error, Please contact Admin!!!
2023-02-16 13:39:24,957 - HRMS -INFO -  NEGATIVE DATA CHECK 
2023-02-16 13:39:26,036 - HRMS -INFO - Negative data check  : Enter Area Name
2023-02-16 13:39:26,038 - HRMS -INFO -  RESET BUTTON CHECK 
2023-02-16 13:39:26,652 - HRMS -INFO - Reset button successfully worked
2023-02-16 13:39:27,164 - HRMS -INFO - TABLE DATA VALIDATION  CHECK 
2023-02-16 13:39:48,599 - HRMS -INFO - Area name is not shown in the Table data
2023-02-16 13:45:40,677 - HRMS -INFO -  DATA CHECK 
2023-02-16 13:45:41,937 - HRMS -INFO - Duplicate check!! Internal Error, Please contact Admin!!!
2023-02-16 13:45:44,152 - HRMS -INFO -  NEGATIVE DATA CHECK 
2023-02-16 13:45:45,240 - HRMS -INFO - Negative data check  : Enter Area Name
2023-02-16 13:45:45,240 - HRMS -INFO -  RESET BUTTON CHECK 
2023-02-16 13:45:45,630 - HRMS -INFO - Reset button successfully worked
2023-02-16 13:45:46,135 - HRMS -INFO - TABLE DATA VALIDATION  CHECK 
2023-02-16 13:46:07,679 - HRMS -INFO - Area name is not shown in the Table data
2023-02-16 13:48:20,261 - HRMS -INFO - Search the Area Name 
2023-02-16 13:48:20,532 - HRMS -INFO - Search Area Name  is : Northstreet
2023-02-16 13:48:21,673 - HRMS -INFO - Unable to edit the flow
2023-02-16 13:49:20,240 - HRMS -INFO - Search the City Name 
2023-02-16 13:49:20,451 - HRMS -INFO - Search City Name  is : Mangalore
2023-02-16 13:49:21,223 - HRMS -INFO - Edit City Name  is : Mangalore
2023-02-16 14:27:35,519 - HRMS -INFO -  DATA CHECK 
2023-02-16 14:27:36,646 - HRMS -INFO - Duplicate check!! Enter work Location Name
2023-02-16 14:30:44,975 - HRMS -INFO -  DATA CHECK 
2023-02-16 14:30:46,150 - HRMS -INFO - Duplicate check!! Enter work Location Name
2023-02-16 14:34:27,858 - HRMS -INFO - Search the WorkLocation Code Name 
2023-02-16 14:35:08,596 - HRMS -INFO - Unable to edit the flow
2023-02-16 15:12:34,481 - HRMS -INFO -  DATA CHECK 
2023-02-16 15:12:36,307 - HRMS -INFO - Duplicate check!! Enter work Location Name
2023-02-16 15:18:30,158 - HRMS -INFO -  DATA CHECK 
2023-02-16 15:18:31,330 - HRMS -INFO - Duplicate check!! Enter work Location Name
2023-02-16 15:47:40,133 - HRMS -INFO -  DATA CHECK 
2023-02-16 15:47:41,598 - HRMS -INFO - Duplicate check!! Internal Error, Please contact Admin!!!
2023-02-16 15:47:42,694 - HRMS -INFO - NEGATIVE DATA CHECK
2023-02-16 15:47:43,782 - HRMS -INFO - Negative data check  : Please enter Country Name
2023-02-16 15:47:44,047 - HRMS -INFO -  RESET BUTTON CHECK 
2023-02-16 15:47:44,281 - HRMS -INFO - Reset button successfully worked
2023-02-16 15:47:45,558 - HRMS -INFO -  TABLE DATA VALIDATION  CHECK 
2023-02-16 15:47:45,828 - HRMS -INFO - country name is Approved
2023-02-16 15:51:14,032 - HRMS -INFO -  DATA CHECK 
2023-02-16 15:51:15,355 - HRMS -INFO - Duplicate check!! Internal Error, Please contact Admin!!!
2023-02-16 15:51:16,291 - HRMS -INFO - NEGATIVE DATA CHECK
2023-02-16 15:51:17,383 - HRMS -INFO - Negative data check  : Please enter Country Name
2023-02-16 15:51:17,590 - HRMS -INFO -  RESET BUTTON CHECK 
2023-02-16 15:51:17,747 - HRMS -INFO - Reset button successfully worked
2023-02-16 15:51:19,066 - HRMS -INFO -  TABLE DATA VALIDATION  CHECK 
2023-02-16 15:51:19,291 - HRMS -INFO - country name is Approved
2023-02-16 17:32:13,235 - HRMS -INFO -  DATA CHECK 
2023-02-16 17:32:14,533 - HRMS -INFO - Duplicate check!! Internal Error, Please contact Admin!!!
2023-02-16 17:32:15,299 - HRMS -INFO - NEGATIVE DATA CHECK
2023-02-16 17:32:16,396 - HRMS -INFO - Negative data check  : Please enter Country Name
2023-02-16 17:32:16,547 - HRMS -INFO -  RESET BUTTON CHECK 
2023-02-16 17:32:16,655 - HRMS -INFO - Reset button successfully worked
2023-02-16 17:32:17,836 - HRMS -INFO -  TABLE DATA VALIDATION  CHECK 
2023-02-16 17:32:18,040 - HRMS -INFO - country name is Approved
>>>>>>> 7232133e012b2f5eb58ec1ff5dd44fe53c3d9012
2023-02-17 12:38:52,452 - HRMS -INFO - Search the Area Name 
2023-02-17 12:38:52,804 - HRMS -INFO - Search Area Name  is : Northstreet
2023-02-17 12:38:53,049 - HRMS -INFO - Unable to edit the flow
2023-02-17 12:39:00,357 - HRMS -INFO -  DATA CHECK 
2023-02-17 12:39:01,589 - HRMS -INFO - Duplicate check!! Internal Error, Please contact Admin!!!
2023-02-17 12:39:03,682 - HRMS -INFO -  NEGATIVE DATA CHECK 
2023-02-17 12:39:04,737 - HRMS -INFO - Negative data check  : Enter Area Name
2023-02-17 12:39:04,738 - HRMS -INFO -  RESET BUTTON CHECK 
2023-02-17 12:39:05,054 - HRMS -INFO - Reset button successfully worked
2023-02-17 12:39:05,564 - HRMS -INFO - TABLE DATA VALIDATION  CHECK 
2023-02-17 12:39:26,849 - HRMS -INFO - Area name is not shown in the Table data
2023-02-17 12:39:28,904 - HRMS -INFO - Unable to edit the flow
2023-02-17 12:39:36,080 - HRMS -INFO -  DATA CHECK 
2023-02-17 12:39:37,310 - HRMS -INFO - Duplicate check!! Internal Error, Please contact Admin!!!
2023-02-17 12:39:38,756 - HRMS -INFO -  NEGATIVE DATA CHECK 
2023-02-17 12:39:39,819 - HRMS -INFO - Negative data check  : Please enter city
2023-02-17 12:39:39,822 - HRMS -INFO -  RESET BUTTON CHECK 
2023-02-17 12:39:40,099 - HRMS -INFO - Reset button successfully worked
2023-02-17 12:39:40,613 - HRMS -INFO - TABLE DATA VALIDATION  CHECK 
2023-02-17 12:40:01,861 - HRMS -INFO - City name is Approved
2023-02-17 12:40:03,592 - HRMS -INFO -  Search the Country Name 
2023-02-17 12:40:03,741 - HRMS -INFO - Search Country Name  is : Rusia 
2023-02-17 12:40:23,774 - HRMS -INFO - Unable to edit the flow
2023-02-17 12:40:26,642 - HRMS -INFO -  DATA CHECK 
2023-02-17 12:40:27,833 - HRMS -INFO - Duplicate check!! Internal Error, Please contact Admin!!!
2023-02-17 12:40:28,538 - HRMS -INFO - NEGATIVE DATA CHECK
2023-02-17 12:40:29,620 - HRMS -INFO - Negative data check  : Please enter Country Name
2023-02-17 12:40:29,704 - HRMS -INFO -  RESET BUTTON CHECK 
2023-02-17 12:40:29,809 - HRMS -INFO - Reset button successfully worked
2023-02-17 12:40:30,922 - HRMS -INFO -  TABLE DATA VALIDATION  CHECK 
2023-02-17 12:40:31,075 - HRMS -INFO - country name is Approved
2023-02-17 12:40:32,793 - HRMS -INFO - Search the State Name 
2023-02-17 12:40:32,946 - HRMS -INFO - Search State Name  is : Altai
2023-02-17 12:40:53,000 - HRMS -INFO - Unable to edit the flow
2023-02-17 12:40:59,684 - HRMS -INFO -  DATA CHECK 
2023-02-17 12:41:00,913 - HRMS -INFO - Duplicate check!! Internal Error, Please contact Admin!!!
2023-02-17 12:41:01,689 - HRMS -INFO -  NEGATIVE DATA CHECK 
2023-02-17 12:41:02,744 - HRMS -INFO - Negative data check  : Please enter state
2023-02-17 12:41:02,745 - HRMS -INFO -  RESET BUTTON CHECK 
2023-02-17 12:41:02,951 - HRMS -INFO - Reset button successfully worked
2023-02-17 12:41:04,061 - HRMS -INFO - TABLE DATA VALIDATION  CHECK 
2023-02-17 12:41:04,761 - HRMS -INFO - state name is Approved
2023-02-17 12:41:06,489 - HRMS -INFO - Search the WorkLocation Code Name 
2023-02-17 12:41:47,113 - HRMS -INFO - Unable to edit the flow
2023-02-17 12:41:55,318 - HRMS -INFO -  DATA CHECK 
2023-02-17 12:41:56,378 - HRMS -INFO - Duplicate check!! Enter work Location Name
2023-02-17 14:13:36,162 - HRMS -INFO -  DATA CHECK 
2023-02-17 14:13:37,620 - HRMS -INFO - Duplicate check!! Internal Error, Please contact Admin!!!
2023-02-17 14:13:38,364 - HRMS -INFO - NEGATIVE DATA CHECK
2023-02-17 14:13:39,447 - HRMS -INFO - Negative data check  : Enter religion Name
2023-02-17 14:13:39,528 - HRMS -INFO -  RESET BUTTON CHECK 
2023-02-17 14:13:39,631 - HRMS -INFO - Reset button successfully worked
2023-02-17 14:13:40,133 - HRMS -INFO -  TABLE DATA VALIDATION  CHECK 
2023-02-17 14:13:40,297 - HRMS -INFO - Religion name is Approved
2023-02-17 14:17:11,162 - HRMS -INFO -  Search the Religion Name 
2023-02-17 14:17:11,337 - HRMS -INFO - Search Religion Name  is : Buddhism
2023-02-17 14:17:32,020 - HRMS -INFO - Unable to edit the flow
2023-02-17 14:30:29,476 - HRMS -INFO -  DATA CHECK 
2023-02-17 14:30:30,690 - HRMS -INFO - Duplicate check!! Internal Error, Please contact Admin!!!
2023-02-17 14:32:34,535 - HRMS -INFO -  DATA CHECK 
2023-02-17 14:32:35,763 - HRMS -INFO - Duplicate check!! Internal Error, Please contact Admin!!!
2023-02-17 14:32:36,519 - HRMS -INFO - NEGATIVE DATA CHECK
2023-02-17 14:32:37,593 - HRMS -INFO - Negative data check  : Enter nationality Name
2023-02-17 14:32:37,679 - HRMS -INFO -  RESET BUTTON CHECK 
2023-02-17 14:32:37,764 - HRMS -INFO - Reset button successfully worked
2023-02-17 14:32:38,269 - HRMS -INFO -  TABLE DATA VALIDATION  CHECK 
2023-02-17 14:34:40,214 - HRMS -INFO -  DATA CHECK 
2023-02-17 14:34:41,417 - HRMS -INFO - Duplicate check!! Internal Error, Please contact Admin!!!
2023-02-17 14:34:42,131 - HRMS -INFO - NEGATIVE DATA CHECK
2023-02-17 14:34:43,214 - HRMS -INFO - Negative data check  : Enter nationality Name
2023-02-17 14:34:43,307 - HRMS -INFO -  RESET BUTTON CHECK 
2023-02-17 14:34:43,400 - HRMS -INFO - Reset button successfully worked
2023-02-17 14:34:43,914 - HRMS -INFO -  TABLE DATA VALIDATION  CHECK 
2023-02-17 14:46:01,192 - HRMS -INFO -  DATA CHECK 
2023-02-17 14:46:02,411 - HRMS -INFO - Duplicate check!! Internal Error, Please contact Admin!!!
2023-02-17 14:46:03,184 - HRMS -INFO - NEGATIVE DATA CHECK
2023-02-17 14:46:04,240 - HRMS -INFO - Negative data check  : Enter nationality Name
2023-02-17 14:46:04,381 - HRMS -INFO -  RESET BUTTON CHECK 
2023-02-17 14:46:04,492 - HRMS -INFO - Reset button successfully worked
2023-02-17 14:46:05,002 - HRMS -INFO -  TABLE DATA VALIDATION  CHECK 
2023-02-17 14:53:06,216 - HRMS -INFO -  DATA CHECK 
2023-02-17 14:53:07,442 - HRMS -INFO - Duplicate check!! Internal Error, Please contact Admin!!!
2023-02-17 14:53:08,204 - HRMS -INFO - NEGATIVE DATA CHECK
2023-02-17 14:53:09,260 - HRMS -INFO - Negative data check  : Enter nationality Name
2023-02-17 14:53:09,342 - HRMS -INFO -  RESET BUTTON CHECK 
2023-02-17 14:53:09,439 - HRMS -INFO - Reset button successfully worked
2023-02-17 14:53:09,946 - HRMS -INFO -  TABLE DATA VALIDATION  CHECK 
2023-02-17 14:53:10,124 - HRMS -INFO - Nationality name is Approved
2023-02-17 14:55:20,129 - HRMS -INFO -  Search the Nationality Name 
2023-02-17 14:55:20,274 - HRMS -INFO - Search Nationality Name  is : Indian
2023-02-17 14:55:20,988 - HRMS -INFO - Edit Nationality Name  is : Indian
2023-02-17 14:56:24,502 - HRMS -INFO -  DATA CHECK 
2023-02-17 14:56:25,574 - HRMS -INFO - Duplicate check!! Enter work Location Name
2023-02-17 14:57:44,347 - HRMS -INFO -  DATA CHECK 
2023-02-17 14:57:45,434 - HRMS -INFO - Duplicate check!! Enter work Location Name
2023-02-17 14:58:56,189 - HRMS -INFO -  DATA CHECK 
2023-02-17 14:58:57,258 - HRMS -INFO - Duplicate check!! Enter work Location Name
2023-02-17 15:00:36,870 - HRMS -INFO -  DATA CHECK 
2023-02-17 15:00:37,937 - HRMS -INFO - Duplicate check!! Enter work Location Name
2023-02-17 15:16:24,220 - HRMS -INFO -  DATA CHECK 
2023-02-17 15:16:25,318 - HRMS -INFO - Duplicate check!! Enter work Location Name
2023-02-17 15:25:00,051 - HRMS -INFO -  DATA CHECK 
2023-02-17 15:25:01,229 - HRMS -INFO - Duplicate check!! Enter work Location Name
2023-02-17 15:26:34,971 - HRMS -INFO -  DATA CHECK 
2023-02-17 15:26:36,057 - HRMS -INFO - Duplicate check!! Enter work Location Name
2023-02-17 15:32:12,087 - HRMS -INFO -  DATA CHECK 
2023-02-17 15:32:13,161 - HRMS -INFO - Duplicate check!! Enter work Location Name
2023-02-17 15:34:01,169 - HRMS -INFO -  DATA CHECK 
2023-02-17 15:34:02,239 - HRMS -INFO - Duplicate check!! Enter work Location Name
2023-02-17 15:38:32,596 - HRMS -INFO -  DATA CHECK 
2023-02-17 15:38:33,685 - HRMS -INFO - Duplicate check!! Enter work Location Name
2023-02-17 15:40:26,189 - HRMS -INFO -  DATA CHECK 
2023-02-17 15:40:27,480 - HRMS -INFO - Verified new data saved!! -> Saved Successfully
2023-02-17 15:42:10,577 - HRMS -INFO -  DATA CHECK 
2023-02-17 15:42:11,816 - HRMS -INFO - Verified new data saved!! -> Saved Successfully
2023-02-17 15:42:18,191 - HRMS -INFO -  NEGATIVE DATA CHECK 
2023-02-17 15:42:19,247 - HRMS -INFO - Negative data check  : Enter work Location Code
2023-02-17 15:42:19,248 - HRMS -INFO -  RESET BUTTON CHECK 
2023-02-17 15:42:20,635 - HRMS -INFO - Reset button successfully worked
2023-02-17 15:42:21,136 - HRMS -INFO - TABLE DATA VALIDATION  CHECK 
2023-02-17 15:46:48,916 - HRMS -INFO -  DATA CHECK 
2023-02-17 15:46:50,416 - HRMS -INFO - Verified new data saved!! -> Saved Successfully
2023-02-17 15:46:57,233 - HRMS -INFO -  NEGATIVE DATA CHECK 
2023-02-17 15:46:58,287 - HRMS -INFO - Negative data check  : Enter work Location Code
2023-02-17 15:46:58,288 - HRMS -INFO -  RESET BUTTON CHECK 
2023-02-17 15:46:59,605 - HRMS -INFO - Reset button successfully worked
2023-02-17 15:47:00,113 - HRMS -INFO - TABLE DATA VALIDATION  CHECK 
2023-02-17 15:47:21,383 - HRMS -INFO - location code is not shown in the Table data
2023-02-20 10:30:04,449 - HRMS -INFO -  DATA CHECK 
2023-02-20 10:30:05,660 - HRMS -INFO - Duplicate check!! Internal Error, Please contact Admin!!!
2023-02-20 10:30:06,401 - HRMS -INFO - NEGATIVE DATA CHECK
2023-02-20 10:30:07,433 - HRMS -INFO - Negative data check  : Enter nationality Name
2023-02-20 10:30:07,545 - HRMS -INFO -  RESET BUTTON CHECK 
2023-02-20 10:30:07,851 - HRMS -INFO - Reset button successfully worked
2023-02-20 10:30:08,353 - HRMS -INFO -  TABLE DATA VALIDATION  CHECK 
2023-02-20 10:30:08,610 - HRMS -INFO - Nationality name is Approved
2023-02-20 10:30:48,065 - HRMS -INFO -  Search the Nationality Name 
2023-02-20 10:30:48,201 - HRMS -INFO - Search Nationality Name  is : Indian
2023-02-20 10:30:48,891 - HRMS -INFO - Edit Nationality Name  is : Indian
2023-02-20 10:44:20,577 - HRMS -INFO -  DATA CHECK 
2023-02-20 10:44:21,782 - HRMS -INFO - Duplicate check!! Internal Error, Please contact Admin!!!
2023-02-20 10:46:15,860 - HRMS -INFO -  DATA CHECK 
2023-02-20 10:46:17,054 - HRMS -INFO - Duplicate check!! Internal Error, Please contact Admin!!!
2023-02-20 10:46:17,822 - HRMS -INFO - NEGATIVE DATA CHECK
2023-02-20 10:46:18,874 - HRMS -INFO - Negative data check  : Enter language Name
2023-02-20 10:46:18,958 - HRMS -INFO -  RESET BUTTON CHECK 
2023-02-20 10:46:19,066 - HRMS -INFO - Reset button successfully worked
2023-02-20 10:46:19,578 - HRMS -INFO -  TABLE DATA VALIDATION  CHECK 
2023-02-20 10:46:19,737 - HRMS -INFO - Languauge name is Approved
2023-02-20 10:46:59,135 - HRMS -INFO -  Search the Languauge Name 
2023-02-20 10:46:59,278 - HRMS -INFO - Search Languauge Name  is : Tamil
2023-02-20 10:46:59,950 - HRMS -INFO - Edit Languauge Name  is : Tamil
2023-02-20 11:00:13,369 - HRMS -INFO -  DATA CHECK 
2023-02-20 11:00:14,577 - HRMS -INFO - Duplicate check!! Internal Error, Please contact Admin!!!
2023-02-20 11:00:15,313 - HRMS -INFO - NEGATIVE DATA CHECK
2023-02-20 11:00:16,380 - HRMS -INFO - Negative data check  : Enter relationship Name
2023-02-20 11:00:16,491 - HRMS -INFO -  RESET BUTTON CHECK 
2023-02-20 11:00:16,576 - HRMS -INFO - Reset button successfully worked
2023-02-20 11:00:17,078 - HRMS -INFO -  TABLE DATA VALIDATION  CHECK 
2023-02-20 11:03:12,692 - HRMS -INFO -  DATA CHECK 
2023-02-20 11:03:13,895 - HRMS -INFO - Duplicate check!! Internal Error, Please contact Admin!!!
2023-02-20 11:03:14,630 - HRMS -INFO - NEGATIVE DATA CHECK
2023-02-20 11:03:15,684 - HRMS -INFO - Negative data check  : Enter relationship Name
2023-02-20 11:03:15,775 - HRMS -INFO -  RESET BUTTON CHECK 
2023-02-20 11:03:15,864 - HRMS -INFO - Reset button successfully worked
2023-02-20 11:03:16,365 - HRMS -INFO -  TABLE DATA VALIDATION  CHECK 
2023-02-20 11:03:16,546 - HRMS -INFO - relation name is Approved
2023-02-20 11:03:52,972 - HRMS -INFO -  Search the relationship Name 
2023-02-20 11:03:53,135 - HRMS -INFO - Search relationship Name  is : Father
2023-02-20 11:03:53,845 - HRMS -INFO - Edit relationship Name  is : Father
2023-02-20 11:13:31,315 - HRMS -INFO -  DATA CHECK 
2023-02-20 11:13:32,520 - HRMS -INFO - Verified new data saved!! -> Saved Successfully
2023-02-20 11:13:33,280 - HRMS -INFO - NEGATIVE DATA CHECK
2023-02-20 11:13:33,847 - HRMS -INFO - Negative data check  : Saved Successfully
2023-02-20 11:16:12,823 - HRMS -INFO -  DATA CHECK 
2023-02-20 11:16:14,036 - HRMS -INFO - Duplicate check!! Internal Error, Please contact Admin!!!
2023-02-20 11:16:14,783 - HRMS -INFO - NEGATIVE DATA CHECK
2023-02-20 11:16:15,528 - HRMS -INFO - Negative data check  : Internal Error, Please contact Admin!!!
2023-02-20 11:17:50,200 - HRMS -INFO -  DATA CHECK 
2023-02-20 11:17:51,429 - HRMS -INFO - Duplicate check!! Internal Error, Please contact Admin!!!
2023-02-20 11:17:52,219 - HRMS -INFO - NEGATIVE DATA CHECK
2023-02-20 11:17:52,782 - HRMS -INFO - Negative data check  : Internal Error, Please contact Admin!!!
2023-02-20 11:17:53,464 - HRMS -INFO -  RESET BUTTON CHECK 
2023-02-20 11:17:53,544 - HRMS -INFO - Reset button successfully worked
2023-02-20 11:17:54,048 - HRMS -INFO -  TABLE DATA VALIDATION  CHECK 
2023-02-20 11:17:54,251 - HRMS -INFO - BloodGroup name is Approved
2023-02-20 11:53:09,556 - HRMS -INFO -  Search the BloodGroup Name 
2023-02-20 11:53:09,787 - HRMS -INFO - Search BloodGroup Name  is : A +ve
2023-02-20 11:53:10,519 - HRMS -INFO - Edit BloodGroup Name  is : A +ve
2023-02-20 12:05:38,343 - HRMS -INFO -  DATA CHECK 
2023-02-20 12:05:39,553 - HRMS -INFO - Duplicate check!! Internal Error, Please contact Admin!!!
2023-02-20 12:05:40,330 - HRMS -INFO - NEGATIVE DATA CHECK
2023-02-20 12:05:41,397 - HRMS -INFO - Negative data check  : Enter Idproof Name
2023-02-20 12:07:22,450 - HRMS -INFO -  DATA CHECK 
2023-02-20 12:07:23,681 - HRMS -INFO - Duplicate check!! Internal Error, Please contact Admin!!!
2023-02-20 12:07:24,455 - HRMS -INFO - NEGATIVE DATA CHECK
2023-02-20 12:07:25,520 - HRMS -INFO - Negative data check  : Enter Idproof Name
2023-02-20 12:07:26,110 - HRMS -INFO -  RESET BUTTON CHECK 
2023-02-20 12:07:26,189 - HRMS -INFO - Reset button successfully worked
2023-02-20 12:07:26,697 - HRMS -INFO -  TABLE DATA VALIDATION  CHECK 
2023-02-20 12:07:26,878 - HRMS -INFO - IdentificationProof name is Approved
2023-02-20 12:08:03,169 - HRMS -INFO -  Search the IdentificationProof Name 
2023-02-20 12:08:03,359 - HRMS -INFO - Search IdentificationProof Name  is : Aadhar card
2023-02-20 12:08:04,062 - HRMS -INFO - Edit IdentificationProof Name  is : Aadhar card
2023-02-20 12:09:11,741 - HRMS -INFO - Search the Area Name 
2023-02-20 12:09:11,949 - HRMS -INFO - Search Area Name  is : Northstreet
2023-02-20 12:09:12,158 - HRMS -INFO - Unable to edit the flow
2023-02-20 12:09:19,536 - HRMS -INFO -  DATA CHECK 
2023-02-20 12:09:22,803 - HRMS -INFO - Duplicate check!! Internal Error, Please contact Admin!!!
2023-02-20 12:09:25,016 - HRMS -INFO -  NEGATIVE DATA CHECK 
2023-02-20 12:09:26,085 - HRMS -INFO - Negative data check  : Enter Area Name
2023-02-20 12:09:26,086 - HRMS -INFO -  RESET BUTTON CHECK 
2023-02-20 12:09:26,434 - HRMS -INFO - Reset button successfully worked
2023-02-20 12:09:26,943 - HRMS -INFO - TABLE DATA VALIDATION  CHECK 
2023-02-20 12:09:48,280 - HRMS -INFO - Area name is not shown in the Table data
2023-02-20 12:09:50,259 - HRMS -INFO - Search the City Name 
2023-02-20 12:09:50,425 - HRMS -INFO - Search City Name  is : Mangalore
2023-02-20 12:09:51,124 - HRMS -INFO - Edit City Name  is : Mangalore
2023-02-20 12:09:58,511 - HRMS -INFO -  DATA CHECK 
2023-02-20 12:09:59,713 - HRMS -INFO - Duplicate check!! Internal Error, Please contact Admin!!!
2023-02-20 12:10:01,187 - HRMS -INFO -  NEGATIVE DATA CHECK 
2023-02-20 12:10:02,245 - HRMS -INFO - Negative data check  : Please enter city
2023-02-20 12:10:02,245 - HRMS -INFO -  RESET BUTTON CHECK 
2023-02-20 12:10:02,550 - HRMS -INFO - Reset button successfully worked
2023-02-20 12:10:03,056 - HRMS -INFO - TABLE DATA VALIDATION  CHECK 
2023-02-20 12:10:24,329 - HRMS -INFO - City name is Approved
2023-02-20 12:10:26,117 - HRMS -INFO -  Search the Country Name 
2023-02-20 12:10:26,286 - HRMS -INFO - Search Country Name  is : Rusia 
2023-02-20 12:10:46,368 - HRMS -INFO - Unable to edit the flow
2023-02-20 12:10:49,245 - HRMS -INFO -  DATA CHECK 
2023-02-20 12:10:50,542 - HRMS -INFO - Duplicate check!! Internal Error, Please contact Admin!!!
2023-02-20 12:10:51,284 - HRMS -INFO - NEGATIVE DATA CHECK
2023-02-20 12:10:52,346 - HRMS -INFO - Negative data check  : Please enter Country Name
2023-02-20 12:10:52,448 - HRMS -INFO -  RESET BUTTON CHECK 
2023-02-20 12:10:52,532 - HRMS -INFO - Reset button successfully worked
2023-02-20 12:10:53,654 - HRMS -INFO -  TABLE DATA VALIDATION  CHECK 
2023-02-20 12:10:53,821 - HRMS -INFO - country name is Approved
2023-02-20 12:10:55,553 - HRMS -INFO - Search the State Name 
2023-02-20 12:10:55,680 - HRMS -INFO - Search State Name  is : Altai
2023-02-20 12:11:15,695 - HRMS -INFO - Unable to edit the flow
2023-02-20 12:11:20,054 - HRMS -INFO -  DATA CHECK 
2023-02-20 12:11:21,243 - HRMS -INFO - Duplicate check!! Internal Error, Please contact Admin!!!
2023-02-20 12:11:22,088 - HRMS -INFO -  NEGATIVE DATA CHECK 
2023-02-20 12:11:23,154 - HRMS -INFO - Negative data check  : Please enter state
2023-02-20 12:11:23,155 - HRMS -INFO -  RESET BUTTON CHECK 
2023-02-20 12:11:23,374 - HRMS -INFO - Reset button successfully worked
2023-02-20 12:11:24,493 - HRMS -INFO - TABLE DATA VALIDATION  CHECK 
2023-02-20 12:11:25,162 - HRMS -INFO - state name is Approved
2023-02-20 12:11:26,762 - HRMS -INFO - Search the WorkLocation Code Name 
2023-02-20 12:12:07,382 - HRMS -INFO - Unable to edit the flow
2023-02-20 12:12:15,709 - HRMS -INFO -  DATA CHECK 
2023-02-20 12:12:16,965 - HRMS -INFO - Verified new data saved!! -> Saved Successfully
2023-02-20 12:12:23,032 - HRMS -INFO -  NEGATIVE DATA CHECK 
2023-02-20 12:12:24,089 - HRMS -INFO - Negative data check  : Enter work Location Code
2023-02-20 12:12:24,090 - HRMS -INFO -  RESET BUTTON CHECK 
2023-02-20 12:12:25,453 - HRMS -INFO - Reset button successfully worked
2023-02-20 12:12:25,962 - HRMS -INFO - TABLE DATA VALIDATION  CHECK 
2023-02-20 12:12:48,971 - HRMS -INFO - location code is not shown in the Table data
2023-02-20 12:15:39,039 - HRMS -INFO -  Search the BloodGroup Name 
2023-02-20 12:15:39,224 - HRMS -INFO - Search BloodGroup Name  is : A +ve
2023-02-20 12:15:39,937 - HRMS -INFO - Edit BloodGroup Name  is : A +ve
2023-02-20 12:15:44,240 - HRMS -INFO -  DATA CHECK 
2023-02-20 12:15:45,343 - HRMS -INFO - Duplicate check!! Data updated successfully
2023-02-20 12:15:50,178 - HRMS -INFO -  Search the IdentificationProof Name 
2023-02-20 12:15:50,314 - HRMS -INFO - Search IdentificationProof Name  is : Aadhar card
2023-02-20 12:15:51,044 - HRMS -INFO - Edit IdentificationProof Name  is : Aadhar card
2023-02-20 12:15:55,417 - HRMS -INFO -  DATA CHECK 
2023-02-20 12:15:56,510 - HRMS -INFO - Duplicate check!! Data updated successfully
2023-02-20 12:15:57,301 - HRMS -INFO - NEGATIVE DATA CHECK
2023-02-20 12:15:58,361 - HRMS -INFO - Negative data check  : Enter Idproof Name
2023-02-20 12:15:58,997 - HRMS -INFO -  RESET BUTTON CHECK 
2023-02-20 12:15:59,092 - HRMS -INFO - Reset button successfully worked
2023-02-20 12:15:59,608 - HRMS -INFO -  TABLE DATA VALIDATION  CHECK 
2023-02-20 12:15:59,768 - HRMS -INFO - IdentificationProof name is Approved
2023-02-20 12:16:03,036 - HRMS -INFO -  Search the Languauge Name 
2023-02-20 12:16:03,153 - HRMS -INFO - Search Languauge Name  is : Tamil
2023-02-20 12:16:03,836 - HRMS -INFO - Edit Languauge Name  is : Tamil
2023-02-20 12:16:10,770 - HRMS -INFO -  DATA CHECK 
2023-02-20 12:16:11,990 - HRMS -INFO - Duplicate check!! Internal Error, Please contact Admin!!!
2023-02-20 12:16:12,736 - HRMS -INFO - NEGATIVE DATA CHECK
2023-02-20 12:16:13,790 - HRMS -INFO - Negative data check  : Enter language Name
2023-02-20 12:16:13,924 - HRMS -INFO -  RESET BUTTON CHECK 
2023-02-20 12:16:13,990 - HRMS -INFO - Reset button successfully worked
2023-02-20 12:16:14,504 - HRMS -INFO -  TABLE DATA VALIDATION  CHECK 
2023-02-20 12:16:14,738 - HRMS -INFO - Languauge name is Approved
2023-02-20 12:16:18,179 - HRMS -INFO -  Search the Nationality Name 
2023-02-20 12:16:18,294 - HRMS -INFO - Search Nationality Name  is : Indian
2023-02-20 12:16:18,990 - HRMS -INFO - Edit Nationality Name  is : Indian
2023-02-20 12:16:23,402 - HRMS -INFO -  DATA CHECK 
2023-02-20 12:16:24,511 - HRMS -INFO - Duplicate check!! Data updated successfully
2023-02-20 12:16:25,240 - HRMS -INFO - NEGATIVE DATA CHECK
2023-02-20 12:16:26,283 - HRMS -INFO - Negative data check  : Enter nationality Name
2023-02-20 12:16:26,385 - HRMS -INFO -  RESET BUTTON CHECK 
2023-02-20 12:16:26,490 - HRMS -INFO - Reset button successfully worked
2023-02-20 12:16:26,993 - HRMS -INFO -  TABLE DATA VALIDATION  CHECK 
2023-02-20 12:16:27,160 - HRMS -INFO - Nationality name is Approved
2023-02-20 12:16:31,464 - HRMS -INFO -  DATA CHECK 
2023-02-20 12:16:32,658 - HRMS -INFO - Duplicate check!! Internal Error, Please contact Admin!!!
2023-02-20 12:16:33,392 - HRMS -INFO - NEGATIVE DATA CHECK
2023-02-20 12:16:34,442 - HRMS -INFO - Negative data check  : Enter relationship Name
2023-02-20 12:16:34,529 - HRMS -INFO -  RESET BUTTON CHECK 
2023-02-20 12:16:34,642 - HRMS -INFO - Reset button successfully worked
2023-02-20 12:16:35,144 - HRMS -INFO -  TABLE DATA VALIDATION  CHECK 
2023-02-20 12:16:35,326 - HRMS -INFO - relation name is Approved
2023-02-20 12:16:38,119 - HRMS -INFO - Unable to edit the flow
2023-02-20 12:16:41,197 - HRMS -INFO -  Search the Religion Name 
2023-02-20 12:16:41,335 - HRMS -INFO - Search Religion Name  is : Buddhism
2023-02-20 12:17:01,895 - HRMS -INFO - Unable to edit the flow
2023-02-20 12:17:05,745 - HRMS -INFO -  DATA CHECK 
2023-02-20 12:17:06,989 - HRMS -INFO - Duplicate check!! Internal Error, Please contact Admin!!!
2023-02-20 12:17:07,756 - HRMS -INFO - NEGATIVE DATA CHECK
2023-02-20 12:17:08,806 - HRMS -INFO - Negative data check  : Enter religion Name
2023-02-20 12:17:08,915 - HRMS -INFO -  RESET BUTTON CHECK 
2023-02-20 12:17:08,995 - HRMS -INFO - Reset button successfully worked
2023-02-20 12:17:09,506 - HRMS -INFO -  TABLE DATA VALIDATION  CHECK 
2023-02-20 12:17:09,689 - HRMS -INFO - Religion name is Approved
2023-02-20 13:02:51,808 - HRMS -INFO -  DATA CHECK 
2023-02-20 13:02:53,057 - HRMS -INFO - Duplicate check!! Internal Error, Please contact Admin!!!
2023-02-20 13:02:54,331 - HRMS -INFO - NEGATIVE DATA CHECK
2023-02-20 13:02:55,568 - HRMS -INFO - Negative data check  : Please Enter valid Blood Group
2023-02-20 13:02:56,254 - HRMS -INFO -  RESET BUTTON CHECK 
2023-02-20 13:02:56,396 - HRMS -INFO - Reset button successfully worked
2023-02-20 13:02:56,902 - HRMS -INFO -  TABLE DATA VALIDATION  CHECK 
2023-02-20 13:02:57,073 - HRMS -INFO - BloodGroup name is not shown in the Table data
2023-02-20 13:03:56,953 - HRMS -INFO -  Search the BloodGroup Name 
2023-02-20 13:03:57,160 - HRMS -INFO - Search BloodGroup Name  is : A +ve
2023-02-20 13:03:57,864 - HRMS -INFO - Edit BloodGroup Name  is : A +ve
2023-02-20 13:04:04,335 - HRMS -INFO -  DATA CHECK 
2023-02-20 13:04:05,546 - HRMS -INFO - Duplicate check!! Internal Error, Please contact Admin!!!
2023-02-20 13:04:06,799 - HRMS -INFO - NEGATIVE DATA CHECK
2023-02-20 13:04:08,062 - HRMS -INFO - Negative data check  : Please Enter valid Blood Group
2023-02-20 13:04:08,808 - HRMS -INFO -  RESET BUTTON CHECK 
2023-02-20 13:04:08,940 - HRMS -INFO - Reset button successfully worked
2023-02-20 13:04:09,441 - HRMS -INFO -  TABLE DATA VALIDATION  CHECK 
2023-02-20 13:04:09,607 - HRMS -INFO - BloodGroup name is not shown in the Table data
2023-02-20 13:04:13,150 - HRMS -INFO -  Search the IdentificationProof Name 
2023-02-20 13:04:13,285 - HRMS -INFO - Search IdentificationProof Name  is : Aadhar card
2023-02-20 13:04:13,985 - HRMS -INFO - Edit IdentificationProof Name  is : Aadhar card
2023-02-20 13:04:18,526 - HRMS -INFO -  DATA CHECK 
2023-02-20 13:04:19,592 - HRMS -INFO - Duplicate check!! Data updated successfully
2023-02-20 13:04:20,317 - HRMS -INFO - NEGATIVE DATA CHECK
2023-02-20 13:04:21,386 - HRMS -INFO - Negative data check  : Enter Idproof Name
2023-02-20 13:04:22,013 - HRMS -INFO -  RESET BUTTON CHECK 
2023-02-20 13:04:22,110 - HRMS -INFO - Reset button successfully worked
2023-02-20 13:04:22,612 - HRMS -INFO -  TABLE DATA VALIDATION  CHECK 
2023-02-20 13:04:22,783 - HRMS -INFO - IdentificationProof name is Approved
2023-02-20 13:04:28,061 - HRMS -INFO -  Search the Languauge Name 
2023-02-20 13:04:28,194 - HRMS -INFO - Search Languauge Name  is : Tamil
2023-02-20 13:04:28,874 - HRMS -INFO - Edit Languauge Name  is : Tamil
2023-02-20 13:04:33,391 - HRMS -INFO -  DATA CHECK 
2023-02-20 13:04:34,465 - HRMS -INFO - Duplicate check!! Data updated successfully
2023-02-20 13:04:35,196 - HRMS -INFO - NEGATIVE DATA CHECK
2023-02-20 13:04:36,254 - HRMS -INFO - Negative data check  : Enter language Name
2023-02-20 13:04:36,363 - HRMS -INFO -  RESET BUTTON CHECK 
2023-02-20 13:04:36,469 - HRMS -INFO - Reset button successfully worked
2023-02-20 13:04:36,982 - HRMS -INFO -  TABLE DATA VALIDATION  CHECK 
2023-02-20 13:04:37,166 - HRMS -INFO - Languauge name is Approved
2023-02-20 13:04:40,601 - HRMS -INFO -  Search the Nationality Name 
2023-02-20 13:04:40,728 - HRMS -INFO - Search Nationality Name  is : Indian
2023-02-20 13:04:41,422 - HRMS -INFO - Edit Nationality Name  is : Indian
2023-02-20 13:04:45,840 - HRMS -INFO -  DATA CHECK 
2023-02-20 13:04:46,907 - HRMS -INFO - Duplicate check!! Data updated successfully
2023-02-20 13:04:47,637 - HRMS -INFO - NEGATIVE DATA CHECK
2023-02-20 13:04:48,683 - HRMS -INFO - Negative data check  : Enter nationality Name
2023-02-20 13:04:48,779 - HRMS -INFO -  RESET BUTTON CHECK 
2023-02-20 13:04:48,878 - HRMS -INFO - Reset button successfully worked
2023-02-20 13:04:49,386 - HRMS -INFO -  TABLE DATA VALIDATION  CHECK 
2023-02-20 13:04:49,570 - HRMS -INFO - Nationality name is Approved
2023-02-20 13:04:55,111 - HRMS -INFO -  Search the relationship Name 
2023-02-20 13:04:55,268 - HRMS -INFO - Search relationship Name  is : Father
2023-02-20 13:04:55,948 - HRMS -INFO - Edit relationship Name  is : Father
2023-02-20 13:04:58,927 - HRMS -INFO -  Search the Religion Name 
2023-02-20 13:04:59,058 - HRMS -INFO - Search Religion Name  is : Buddhism
2023-02-20 13:05:19,658 - HRMS -INFO - Unable to edit the flow
2023-02-20 13:05:23,421 - HRMS -INFO -  DATA CHECK 
2023-02-20 13:05:24,664 - HRMS -INFO - Duplicate check!! Internal Error, Please contact Admin!!!
2023-02-20 13:05:25,448 - HRMS -INFO - NEGATIVE DATA CHECK
2023-02-20 13:05:26,514 - HRMS -INFO - Negative data check  : Enter religion Name
2023-02-20 13:05:26,623 - HRMS -INFO -  RESET BUTTON CHECK 
2023-02-20 13:05:26,738 - HRMS -INFO - Reset button successfully worked
2023-02-20 13:05:27,246 - HRMS -INFO -  TABLE DATA VALIDATION  CHECK 
2023-02-20 13:05:27,406 - HRMS -INFO - Religion name is Approved
2023-02-20 13:07:29,715 - HRMS -INFO - Search the Area Name 
2023-02-20 13:07:30,012 - HRMS -INFO - Search Area Name  is : Northstreet
2023-02-20 13:07:30,068 - HRMS -INFO - Unable to edit the flow
2023-02-20 13:07:37,737 - HRMS -INFO -  DATA CHECK 
2023-02-20 13:07:39,062 - HRMS -INFO - Duplicate check!! Internal Error, Please contact Admin!!!
2023-02-20 13:07:43,086 - HRMS -INFO -  NEGATIVE DATA CHECK 
2023-02-20 13:07:44,149 - HRMS -INFO - Negative data check  : Enter Area Name
2023-02-20 13:07:44,150 - HRMS -INFO -  RESET BUTTON CHECK 
2023-02-20 13:07:44,511 - HRMS -INFO - Reset button successfully worked
2023-02-20 13:07:45,020 - HRMS -INFO - TABLE DATA VALIDATION  CHECK 
2023-02-20 13:08:06,280 - HRMS -INFO - Area name is not shown in the Table data
2023-02-20 13:08:08,163 - HRMS -INFO - Search the City Name 
2023-02-20 13:08:08,333 - HRMS -INFO - Search City Name  is : Mangalore
2023-02-20 13:08:09,043 - HRMS -INFO - Edit City Name  is : Mangalore
2023-02-20 13:08:16,350 - HRMS -INFO -  DATA CHECK 
2023-02-20 13:08:17,731 - HRMS -INFO - Duplicate check!! Internal Error, Please contact Admin!!!
2023-02-20 13:08:19,189 - HRMS -INFO -  NEGATIVE DATA CHECK 
2023-02-20 13:08:20,237 - HRMS -INFO - Negative data check  : Please enter city
2023-02-20 13:08:20,238 - HRMS -INFO -  RESET BUTTON CHECK 
2023-02-20 13:08:20,520 - HRMS -INFO - Reset button successfully worked
2023-02-20 13:08:21,036 - HRMS -INFO - TABLE DATA VALIDATION  CHECK 
2023-02-20 13:08:42,293 - HRMS -INFO - City name is Approved
2023-02-20 13:08:44,055 - HRMS -INFO -  Search the Country Name 
2023-02-20 13:08:44,229 - HRMS -INFO - Search Country Name  is : Rusia 
2023-02-20 13:09:04,275 - HRMS -INFO - Unable to edit the flow
2023-02-20 13:09:07,077 - HRMS -INFO -  DATA CHECK 
2023-02-20 13:09:08,278 - HRMS -INFO - Duplicate check!! Internal Error, Please contact Admin!!!
2023-02-20 13:09:09,018 - HRMS -INFO - NEGATIVE DATA CHECK
2023-02-20 13:09:10,079 - HRMS -INFO - Negative data check  : Please enter Country Name
2023-02-20 13:09:10,157 - HRMS -INFO -  RESET BUTTON CHECK 
2023-02-20 13:09:10,255 - HRMS -INFO - Reset button successfully worked
2023-02-20 13:09:11,352 - HRMS -INFO -  TABLE DATA VALIDATION  CHECK 
2023-02-20 13:09:11,509 - HRMS -INFO - country name is Approved
2023-02-20 13:09:13,092 - HRMS -INFO - Search the State Name 
2023-02-20 13:09:13,231 - HRMS -INFO - Search State Name  is : Altai
2023-02-20 13:09:33,286 - HRMS -INFO - Unable to edit the flow
2023-02-20 13:09:37,552 - HRMS -INFO -  DATA CHECK 
2023-02-20 13:09:38,808 - HRMS -INFO - Duplicate check!! Internal Error, Please contact Admin!!!
2023-02-20 13:09:39,720 - HRMS -INFO -  NEGATIVE DATA CHECK 
2023-02-20 13:09:40,758 - HRMS -INFO - Negative data check  : Please enter state
2023-02-20 13:09:40,758 - HRMS -INFO -  RESET BUTTON CHECK 
2023-02-20 13:09:41,022 - HRMS -INFO - Reset button successfully worked
2023-02-20 13:09:42,202 - HRMS -INFO - TABLE DATA VALIDATION  CHECK 
2023-02-20 13:09:42,867 - HRMS -INFO - state name is Approved
2023-02-20 13:09:44,537 - HRMS -INFO - Search the WorkLocation Code Name 
2023-02-20 13:10:25,145 - HRMS -INFO - Unable to edit the flow
2023-02-20 13:10:33,366 - HRMS -INFO -  DATA CHECK 
2023-02-20 13:10:34,578 - HRMS -INFO - Verified new data saved!! -> Saved Successfully
2023-02-20 13:10:40,641 - HRMS -INFO -  NEGATIVE DATA CHECK 
2023-02-20 13:10:41,708 - HRMS -INFO - Negative data check  : Enter work Location Code
2023-02-20 13:10:41,708 - HRMS -INFO -  RESET BUTTON CHECK 
2023-02-20 13:10:42,987 - HRMS -INFO - Reset button successfully worked
2023-02-20 13:10:43,491 - HRMS -INFO - TABLE DATA VALIDATION  CHECK 
2023-02-20 13:11:06,467 - HRMS -INFO - location code is not shown in the Table data
2023-02-20 13:13:19,788 - HRMS -INFO - Unable to edit the flow
2023-02-20 13:14:17,560 - HRMS -INFO - Search the Area Name 
2023-02-20 13:14:17,887 - HRMS -INFO - Search Area Name  is : Northstreet
2023-02-20 13:14:18,025 - HRMS -INFO - Unable to edit the flow
2023-02-20 13:14:25,193 - HRMS -INFO -  DATA CHECK 
2023-02-20 13:14:26,379 - HRMS -INFO - Duplicate check!! Internal Error, Please contact Admin!!!
2023-02-20 13:14:28,444 - HRMS -INFO -  NEGATIVE DATA CHECK 
2023-02-20 13:14:29,500 - HRMS -INFO - Negative data check  : Enter Area Name
2023-02-20 13:14:29,501 - HRMS -INFO -  RESET BUTTON CHECK 
2023-02-20 13:14:29,835 - HRMS -INFO - Reset button successfully worked
2023-02-20 13:14:30,342 - HRMS -INFO - TABLE DATA VALIDATION  CHECK 
2023-02-20 13:14:51,592 - HRMS -INFO - Area name is not shown in the Table data
2023-02-20 13:14:53,343 - HRMS -INFO - Unable to edit the flow
2023-02-20 13:15:00,732 - HRMS -INFO -  DATA CHECK 
2023-02-20 13:15:01,985 - HRMS -INFO - Duplicate check!! Internal Error, Please contact Admin!!!
2023-02-20 13:15:03,456 - HRMS -INFO -  NEGATIVE DATA CHECK 
2023-02-20 13:15:04,519 - HRMS -INFO - Negative data check  : Please enter city
2023-02-20 13:15:04,521 - HRMS -INFO -  RESET BUTTON CHECK 
2023-02-20 13:15:04,794 - HRMS -INFO - Reset button successfully worked
2023-02-20 13:15:05,306 - HRMS -INFO - TABLE DATA VALIDATION  CHECK 
2023-02-20 13:15:26,555 - HRMS -INFO - City name is Approved
2023-02-20 13:15:28,331 - HRMS -INFO -  Search the Country Name 
2023-02-20 13:15:28,464 - HRMS -INFO - Search Country Name  is : Rusia 
2023-02-20 13:15:48,483 - HRMS -INFO - Unable to edit the flow
2023-02-20 13:15:51,343 - HRMS -INFO -  DATA CHECK 
2023-02-20 13:15:52,555 - HRMS -INFO - Duplicate check!! Internal Error, Please contact Admin!!!
2023-02-20 13:15:53,320 - HRMS -INFO - NEGATIVE DATA CHECK
2023-02-20 13:15:54,386 - HRMS -INFO - Negative data check  : Please enter Country Name
2023-02-20 13:15:54,479 - HRMS -INFO -  RESET BUTTON CHECK 
2023-02-20 13:15:54,573 - HRMS -INFO - Reset button successfully worked
2023-02-20 13:15:55,692 - HRMS -INFO -  TABLE DATA VALIDATION  CHECK 
2023-02-20 13:15:55,840 - HRMS -INFO - country name is Approved
2023-02-20 13:15:59,915 - HRMS -INFO - Search the State Name 
2023-02-20 13:16:00,076 - HRMS -INFO - Search State Name  is : Altai
2023-02-20 13:16:20,112 - HRMS -INFO - Unable to edit the flow
2023-02-20 13:16:24,819 - HRMS -INFO -  DATA CHECK 
2023-02-20 13:16:26,024 - HRMS -INFO - Duplicate check!! Internal Error, Please contact Admin!!!
2023-02-20 13:16:26,842 - HRMS -INFO -  NEGATIVE DATA CHECK 
2023-02-20 13:16:27,915 - HRMS -INFO - Negative data check  : Please enter state
2023-02-20 13:16:27,916 - HRMS -INFO -  RESET BUTTON CHECK 
2023-02-20 13:16:28,134 - HRMS -INFO - Reset button successfully worked
2023-02-20 13:16:29,262 - HRMS -INFO - TABLE DATA VALIDATION  CHECK 
2023-02-20 13:16:30,012 - HRMS -INFO - state name is Approved
2023-02-20 13:16:31,731 - HRMS -INFO - Search the WorkLocation Code Name 
2023-02-20 13:17:12,347 - HRMS -INFO - Unable to edit the flow
2023-02-20 13:17:20,640 - HRMS -INFO -  DATA CHECK 
2023-02-20 13:17:21,829 - HRMS -INFO - Verified new data saved!! -> Saved Successfully
2023-02-20 13:17:30,183 - HRMS -INFO -  NEGATIVE DATA CHECK 
2023-02-20 13:17:31,241 - HRMS -INFO - Negative data check  : Enter work Location Code
2023-02-20 13:17:31,243 - HRMS -INFO -  RESET BUTTON CHECK 
2023-02-20 13:17:32,532 - HRMS -INFO - Reset button successfully worked
2023-02-20 13:17:33,038 - HRMS -INFO - TABLE DATA VALIDATION  CHECK 
2023-02-20 13:17:56,042 - HRMS -INFO - location code is not shown in the Table data
